################################################################################
# Sensitivity analysis for element  H.
################################################################################
# Col  Name          Description
################################################################################
# 1    index         Symmetry function index.
# 2    sens_msa_norm Mean square average sensitivity (normalized, sum = 100%).
# 3    sens_max_norm Maximum sensitivity (normalized, sum = 100%).
# 4    sens_msa_phys Mean square average sensitivity (physical energy units).
# 5    sens_max_phys Maximum sensitivity (physical energy units).
# 6    sens_msa_int  Mean square average sensitivity (internal units).
# 7    sens_max_int  Maximum sensitivity (internal units).
################################################################################################################
#        1                2                3                4                5                6                7
#    index    sens_msa_norm    sens_max_norm    sens_msa_phys    sens_max_phys     sens_msa_int     sens_max_int
################################################################################################################
         1   1.97170552E+00   3.02857692E+00   1.44013644E-01   4.29300706E-01   3.49459883E+01   1.04173028E+02
         2   2.00719606E+00   3.25187967E+00   1.46605878E-01   4.60953866E-01   3.55750133E+01   1.11853905E+02
         3   3.61027972E+00   5.52864200E+00   2.63695331E-01   7.83684871E-01   6.39876452E+01   1.90166998E+02
         4   2.47220894E+00   4.62013389E+00   1.80570484E-01   6.54903869E-01   4.38167790E+01   1.58917324E+02
         5   5.18851575E+00   6.63378652E+00   3.78969909E-01   9.40339081E-01   9.19598842E+01   2.28180314E+02
         6   5.34656738E+00   5.80432546E+00   3.90514022E-01   8.22762995E-01   9.47611494E+01   1.99649597E+02
         7   1.63881962E+00   3.97255475E+00   1.19699612E-01   5.63109542E-01   2.90460064E+01   1.36642744E+02
         8   6.11078301E+00   5.88642162E+00   4.46332438E-01   8.34400124E-01   1.08305906E+02   2.02473433E+02
         9   2.80797933E+00   3.04080020E+00   2.05095200E-01   4.31033356E-01   4.97678848E+01   1.04593469E+02
        10   9.40951931E-01   2.04243583E+00   6.87272594E-02   2.89515230E-01   1.66771838E+01   7.02530368E+01
        11   1.63711285E+00   1.65489411E+00   1.19574949E-01   2.34581200E-01   2.90157562E+01   5.69228835E+01
        12   4.26603416E-01   8.26070923E-01   3.11591726E-02   1.17095534E-01   7.56100638E+00   2.84141074E+01
        13   1.12319823E+00   9.51965296E-01   8.20385543E-02   1.34941058E-01   1.99072691E+01   3.27444574E+01
        14   6.33097437E-01   8.32408066E-01   4.62415245E-02   1.17993824E-01   1.12208519E+01   2.86320842E+01
        15   4.83942340E-01   1.40593209E+00   3.53472156E-02   1.99290840E-01   8.57726635E+00   4.83594135E+01
        16   2.34792494E-01   6.96284037E-01   1.71492763E-02   9.86982456E-02   4.16140022E+00   2.39498678E+01
        17   3.31460159E-01   6.96370054E-01   2.42098960E-02   9.87104386E-02   5.87471241E+00   2.39528265E+01
        18   8.80621397E+00   5.66005131E+00   6.43207088E-01   8.02312138E-01   1.56079013E+02   1.94687044E+02
        19   2.06707567E-01   4.74240485E-01   1.50979493E-02   6.72235774E-02   3.66363038E+00   1.63123041E+01
        20   9.43776502E+00   7.49266845E+00   6.89335665E-01   1.06208557E+00   1.67272457E+02   2.57723012E+02
        21   7.84750991E+00   7.25796961E+00   5.73183211E-01   1.02881702E+00   1.39087195E+02   2.49650148E+02
        22   3.29975887E+00   4.24187543E+00   2.41014845E-01   6.01285741E-01   5.84840556E+01   1.45906484E+02
        23   1.26930715E+01   9.62183105E+00   9.27103702E-01   1.36389432E+00   2.24968651E+02   3.30959163E+02
        24   5.50627349E+00   3.69088976E+00   4.02178979E-01   5.23183535E-01   9.75917385E+01   1.26954399E+02
        25   6.42521799E+00   4.26905940E+00   4.69298812E-01   6.05139068E-01   1.13878868E+02   1.46841523E+02
        26   7.70221206E+00   5.10173610E+00   5.62570636E-01   7.23170970E-01   1.36511974E+02   1.75482847E+02
        27   1.11005541E+00   1.31619699E+00   8.10786011E-02   1.86570891E-01   1.96743292E+01   4.52728228E+01
