1   2.34275818E-01   8.82575981E-01   2.82133963E-01   6.70138330E-01
2   7.73339191E-02   2.91336340E-01   1.80972845E-01   4.29855515E-01
3   4.80506950E-01   1.81019064E+00   7.04769749E-01   1.67400343E+00
4   2.61962216E-01   9.86877610E-01   2.84337668E-01   6.75372677E-01
5   2.99984460E-01   1.13011697E+00   4.30060848E-01   1.02150147E+00
6   4.43490067E-02   1.67073872E-01   1.97184734E-01   4.68362785E-01
7   6.49956163E-02   2.44854848E-01   1.58900068E-01   3.77427180E-01
8   1.40123501E-01   5.27880500E-01   2.54700746E-01   6.04977616E-01
9   1.93619715E-01   7.29414204E-01   2.47241665E-01   5.87260446E-01
10   9.75245945E-02   3.67399697E-01   2.83291416E-01   6.72887568E-01
11   7.78926273E-02   2.93441135E-01   1.80728067E-01   4.29274106E-01
12   3.33340458E-01   1.25577742E+00   5.09347004E-01   1.20982581E+00
13   2.94990814E-02   1.11130466E-01   1.01868096E-01   2.41962063E-01
14   1.82320692E-01   6.86847944E-01   2.62087477E-01   6.22522940E-01
15   2.27840250E-02   8.58331576E-02   3.36689902E-02   7.99722253E-02
16   1.32404236E-01   4.98800087E-01   1.94184479E-01   4.61236433E-01
17   5.48496769E-02   2.06632540E-01   1.31972914E-01   3.13468493E-01
18   2.15261110E-01   8.10942789E-01   2.91226037E-01   6.91734268E-01
19   2.26966067E-01   8.55038309E-01   5.50567355E-01   1.30773440E+00
20   5.01724457E-01   1.89012233E+00   1.04773756E+00   2.48863728E+00
21   8.81038526E-01   3.31909391E+00   1.13502513E+00   2.69596696E+00
22   3.39283967E-02   1.27816811E-01   1.89687001E-01   4.50553804E-01
23   1.94339669E-02   7.32126455E-02   1.31135710E-01   3.11479924E-01
24   4.69735042E-02   1.76961015E-01   1.45843106E-01   3.46413650E-01
25   1.53487937E-01   5.78227696E-01   2.44324228E-01   5.80330806E-01
26   1.59878439E-01   6.02302324E-01   3.40696504E-01   8.09238930E-01
27   6.61831648E-01   2.49328642E+00   1.08582442E+00   2.57910304E+00
28   1.27537744E-02   4.80466785E-02   9.37011716E-02   2.22563586E-01
29   5.85945736E-02   2.20740509E-01   9.87379190E-02   2.34527114E-01
30   2.14597401E-02   8.08442428E-02   5.61398909E-02   1.33346203E-01
31   2.53960742E-02   9.56734044E-02   1.21413991E-01   2.88388426E-01
32   5.06299480E-02   1.90735759E-01   1.78219390E-01   4.23315376E-01
33   2.05388658E-01   7.73750775E-01   3.93162087E-01   9.33857738E-01
34   9.28939342E-03   3.49954834E-02   5.83337155E-02   1.38557082E-01
35   1.06537083E-01   4.01352011E-01   2.82111706E-01   6.70085464E-01
36   4.90682154E-01   1.84852319E+00   5.82166493E-01   1.38279021E+00
37   1.97926862E-01   7.45640315E-01   5.39488839E-01   1.28142017E+00
38   4.13735767E-02   1.55864678E-01   2.49701434E-01   5.93103008E-01
39   1.99743895E-01   7.52485534E-01   3.12196624E-01   7.41544627E-01
40   1.28260139E-01   4.83188232E-01   3.90310834E-01   9.27085303E-01
41   9.21903399E-02   3.47304217E-01   1.92887960E-01   4.58156877E-01
42   4.09430742E-01   1.54242867E+00   4.34443558E-01   1.03191150E+00
43   2.13040569E-01   8.02577451E-01   3.28062595E-01   7.79230254E-01
44   1.83351346E-01   6.90730676E-01   7.01500255E-01   1.66623757E+00
45   2.60652564E-01   9.81943822E-01   3.10524439E-01   7.37572771E-01
46   1.00108543E-01   3.77134081E-01   1.53001589E-01   3.63416826E-01
47   3.85593999E-02   1.45262966E-01   5.86303422E-02   1.39261644E-01
48   6.46408037E-02   2.43518179E-01   1.39158025E-01   3.30534918E-01
49   1.26323765E-01   4.75893421E-01   1.56212399E-01   3.71043299E-01
50   3.28014746E-01   1.23571412E+00   4.67068613E-01   1.10940412E+00
51   2.18539477E-01   8.23293224E-01   3.71100072E-01   8.81454966E-01
52   2.54128377E-01   9.57365569E-01   3.25200780E-01   7.72432732E-01
53   1.06351139E-01   4.00651513E-01   3.12817837E-01   7.43020162E-01
54   1.33127581E-01   5.01525111E-01   2.10250207E-01   4.99396533E-01
55   6.39091227E-02   2.40761753E-01   2.09252889E-01   4.97027652E-01
56   5.84217184E-02   2.20089320E-01   8.40024482E-02   1.99526706E-01
57   6.84823847E-02   2.57990382E-01   1.25717807E-01   2.98611059E-01
58   1.80109879E-01   6.78519251E-01   2.24366264E-01   5.32925679E-01
59   2.24083902E-02   8.44180466E-02   7.37638918E-02   1.75207589E-01
60   1.82650313E-02   6.88089706E-02   3.78049803E-02   8.97962304E-02
61   7.24802495E-02   2.73051345E-01   1.83339776E-01   4.35477565E-01
62   5.17937804E-02   1.95120209E-01   7.08286408E-02   1.68235637E-01
63   1.06927932E-01   4.02824438E-01   2.91311403E-01   6.91937032E-01
64   1.74707731E-01   6.58168003E-01   2.99668473E-01   7.11787153E-01
65   1.32267130E-01   4.98283574E-01   2.89354163E-01   6.87288101E-01
66   6.55970354E-02   2.47120545E-01   1.32022692E-01   3.13586729E-01
67   2.42723791E-01   9.14401620E-01   3.12897984E-01   7.43210530E-01
68   6.19287856E-02   2.33301325E-01   9.89479341E-02   2.35025952E-01
69   1.33353130E-01   5.02374809E-01   1.95371850E-01   4.64056735E-01
70   5.09688463E-01   1.92012474E+00   5.65068558E-01   1.34217836E+00
71   2.03073170E-01   7.65027752E-01   2.75556414E-01   6.54515015E-01
72   1.91481691E-01   7.21359730E-01   2.21313304E-01   5.25674138E-01
73   3.30783422E-01   1.24614442E+00   3.73470793E-01   8.87086016E-01
74   2.78356237E-02   1.04863801E-01   2.16792400E-01   5.14935867E-01
75   4.46374069E-02   1.68160348E-01   2.16716233E-01   5.14754951E-01
76   2.32867075E-01   8.77268891E-01   2.86819739E-01   6.81268212E-01
77   1.84991002E-01   6.96907672E-01   2.50603980E-01   5.95246778E-01
78   8.96114853E-02   3.37589023E-01   2.17691685E-01   5.17071893E-01
79   4.07475623E-02   1.53506325E-01   1.73058530E-01   4.11057050E-01
80   1.58147647E-01   5.95781996E-01   1.88629069E-01   4.48040953E-01
81   1.66300572E-01   6.26496116E-01   2.78802182E-01   6.62224521E-01
82   2.33512973E-01   8.79702151E-01   2.88455083E-01   6.85152563E-01
83   1.52958669E-01   5.76233811E-01   2.84639407E-01   6.76089383E-01
84   6.85832182E-02   2.58370247E-01   1.88143474E-01   4.46887544E-01
85   4.11054522E-01   1.54854586E+00   4.80483075E-01   1.14126680E+00
86   3.38720350E-02   1.27604482E-01   2.00665487E-01   4.76630439E-01
87   1.93108735E-01   7.27489214E-01   3.21632737E-01   7.63957741E-01
88   2.25707970E-01   8.50298741E-01   3.23678192E-01   7.68816206E-01
89   1.00501960E-01   3.78616183E-01   2.09836758E-01   4.98414488E-01
90   3.19083131E-01   1.20206648E+00   4.95178459E-01   1.17617199E+00
91   1.87410330E-01   7.06021892E-01   2.09374362E-01   4.97316182E-01
92   1.14292952E-01   4.30570319E-01   2.36697227E-01   5.62214783E-01
93   5.09684185E-01   1.92010863E+00   5.96402894E-01   1.41660520E+00
94   3.45236308E-01   1.30059208E+00   3.89795104E-01   9.25860317E-01
95   3.72487382E-01   1.40325373E+00   4.84261478E-01   1.15024145E+00
96   2.29030624E-01   8.62816016E-01   4.06360163E-01   9.65206452E-01
97   1.22677206E-01   4.62155915E-01   3.06074522E-01   7.27003112E-01
98   2.75575594E-01   1.03816263E+00   3.38901501E-01   8.04975351E-01
99   3.60405043E-01   1.35773652E+00   5.47739296E-01   1.30101705E+00
100   5.21797209E-01   1.96574144E+00   6.35745555E-01   1.51005381E+00
101   3.15744732E-01   1.18948989E+00   5.50550068E-01   1.30769334E+00
102   6.27705272E-01   2.36472377E+00   7.35467454E-01   1.74691812E+00
103   5.36220242E-02   2.02007664E-01   1.51698787E-01   3.60322347E-01
104   1.54328336E-01   5.81393692E-01   4.01225397E-01   9.53010106E-01
105   4.52010524E-02   1.70283743E-01   1.04325288E-01   2.47798506E-01
106   3.36887686E-01   1.26914072E+00   5.22743559E-01   1.24164596E+00
107   8.46653011E-02   3.18955502E-01   4.03932876E-01   9.59441041E-01
108   6.41399675E-01   2.41631403E+00   8.24873285E-01   1.95927920E+00
109   5.26921295E-01   1.98504516E+00   6.28815051E-01   1.49359214E+00
110   2.24702266E-01   8.46509999E-01   3.68395001E-01   8.75029750E-01
111   5.12010595E-01   1.92887280E+00   7.20659890E-01   1.71174647E+00
112   2.81270462E-01   1.05961663E+00   3.34133145E-01   7.93649319E-01
113   2.73301178E-01   1.02959434E+00   3.70728751E-01   8.80572985E-01
114   2.11554637E-01   7.96979570E-01   3.12677973E-01   7.42687950E-01
115   1.04272816E-01   3.92821946E-01   2.28719451E-01   5.43265580E-01
116   1.97590338E-01   7.44372543E-01   2.42364275E-01   5.75675430E-01
117   1.92426752E-01   7.24920016E-01   3.08154194E-01   7.31942851E-01
118   1.67245987E-01   6.30057734E-01   2.52385848E-01   5.99479158E-01
119   5.17648343E-01   1.95011162E+00   5.81721401E-01   1.38173300E+00
120   1.47711079E-01   5.56464816E-01   1.96454788E-01   4.66628981E-01
121   9.18605923E-02   3.46061975E-01   1.75312375E-01   4.16410493E-01
122   3.69407694E-01   1.39165177E+00   4.00314928E-01   9.50847515E-01
123   5.25846342E-01   1.98099554E+00   6.42638478E-01   1.52642621E+00
124   2.06473546E-01   7.77837821E-01   2.78134416E-01   6.60638411E-01
125   1.58670613E-01   5.97752142E-01   2.35113344E-01   5.58452667E-01
126   2.05538166E-01   7.74314009E-01   3.82840997E-01   9.09342582E-01
127   4.54293929E-01   1.71143959E+00   5.56033281E-01   1.32071733E+00
128   9.68965254E-02   3.65033603E-01   1.27658182E-01   3.03219931E-01
129   4.04348158E-01   1.52328130E+00   4.81622134E-01   1.14397235E+00
130   1.00448781E-01   3.78415844E-01   2.16890419E-01   5.15168688E-01
131   7.44420181E-03   2.80441821E-02   5.87666505E-02   1.39585411E-01
132   1.11920147E-01   4.21631369E-01   1.69278453E-01   4.02078426E-01
133   3.87822596E-02   1.46102535E-01   8.04762456E-02   1.91151098E-01
134   2.47541451E-02   9.32550958E-02   6.83036822E-02   1.62238233E-01
135   1.63474056E-02   6.15847920E-02   3.41449814E-02   8.11028229E-02
