1   9.07556438E-02   8.78742315E-01   1.55128127E-01   7.24946532E-01
2   1.93025011E-02   1.86896636E-01   9.34185696E-02   4.36564724E-01
3   1.16768455E-01   1.13061159E+00   1.83160873E-01   8.55949479E-01
4   1.30520857E-02   1.26376934E-01   4.94048717E-02   2.30879409E-01
5   4.27451673E-02   4.13880456E-01   9.96609985E-02   4.65736914E-01
6   1.68756094E-02   1.63398235E-01   7.87335166E-02   3.67938367E-01
7   1.06911574E-01   1.03517225E+00   1.87591611E-01   8.76655256E-01
8   5.64040438E-02   5.46132647E-01   1.07278144E-01   5.01333445E-01
9   8.08196151E-02   7.82536630E-01   2.58455584E-01   1.20781758E+00
10   4.45672961E-02   4.31523234E-01   1.25693979E-01   5.87394534E-01
11   6.34471451E-02   6.14327537E-01   2.01003092E-01   9.39329939E-01
12   1.08025475E-01   1.04595761E+00   1.47205241E-01   6.87921208E-01
13   1.63628870E-02   1.58433797E-01   8.63162486E-02   4.03374076E-01
14   4.79139041E-02   4.63926796E-01   1.25891295E-01   5.88316633E-01
15   2.54714196E-02   2.46627243E-01   3.10260159E-02   1.44991131E-01
16   2.26354315E-02   2.19167763E-01   1.41621226E-01   6.61825929E-01
17   9.07015435E-02   8.78218488E-01   1.94423285E-01   9.08581109E-01
18   1.72513030E-01   1.67035892E+00   2.44842357E-01   1.14420009E+00
19   3.12704052E-02   3.02775972E-01   7.15447553E-02   3.34343766E-01
20   3.51969364E-01   3.40794645E+00   5.10060316E-01   2.38361968E+00
21   2.47115213E-02   2.39269521E-01   5.87377275E-02   2.74493817E-01
22   8.58367651E-02   8.31115229E-01   2.03318091E-01   9.50148418E-01
23   3.46069631E-02   3.35082223E-01   7.54475201E-02   3.52582211E-01
24   2.00949937E-01   1.94569953E+00   2.66291720E-01   1.24443750E+00
25   3.15901028E-02   3.05871447E-01   1.11311125E-01   5.20180416E-01
26   2.00675607E-01   1.94304332E+00   3.85479232E-01   1.80142594E+00
27   5.85028802E-02   5.66454649E-01   1.50492443E-01   7.03283000E-01
28   1.56485729E-02   1.51517443E-01   9.50570925E-02   4.44221888E-01
29   1.73194045E-02   1.67695285E-01   8.26386961E-02   3.86188096E-01
30   7.22709681E-03   6.99764280E-02   3.00358579E-02   1.40363913E-01
31   2.36644113E-02   2.29130870E-01   1.19523164E-01   5.58557012E-01
32   7.39215940E-02   7.15746480E-01   1.71721323E-01   8.02490043E-01
33   2.50501937E-02   2.42548720E-01   1.23779810E-01   5.78449218E-01
34   2.56287464E-02   2.48150561E-01   1.07103182E-01   5.00515808E-01
35   2.06591017E-01   2.00031933E+00   4.47737231E-01   2.09237073E+00
36   4.10874670E-02   3.97829759E-01   1.60535915E-01   7.50218266E-01
37   2.95249508E-02   2.85875594E-01   1.25262930E-01   5.85380150E-01
38   1.01851101E-01   9.86174177E-01   1.91945208E-01   8.97000535E-01
39   1.55008160E-01   1.50086787E+00   2.57501352E-01   1.20335825E+00
40   8.13512176E-02   7.87683876E-01   1.16702473E-01   5.45375327E-01
41   4.27221722E-02   4.13657806E-01   1.05547576E-01   4.93246136E-01
42   2.98440055E-01   2.88964845E+00   4.11555462E-01   1.92328567E+00
43   3.69814151E-02   3.58072875E-01   1.12629973E-01   5.26343672E-01
44   1.15514960E-01   1.11847461E+00   1.71176824E-01   7.99945482E-01
45   3.52781083E-02   3.41580592E-01   1.43107598E-01   6.68772058E-01
46   2.29314030E-02   2.22033510E-01   7.74339013E-02   3.61864990E-01
47   1.99555533E-02   1.93219819E-01   9.44684104E-02   4.41470852E-01
48   1.46499802E-02   1.41848562E-01   4.32284911E-02   2.02015877E-01
49   6.04848341E-03   5.85644935E-02   5.71110488E-02   2.66892004E-01
50   7.74595343E-02   7.50002618E-01   1.53334172E-01   7.16563001E-01
51   3.69499741E-02   3.57768447E-01   7.64418478E-02   3.57228914E-01
52   2.79671494E-02   2.70792169E-01   7.25707850E-02   3.39138619E-01
53   6.97895952E-02   6.75738366E-01   1.22880766E-01   5.74247796E-01
54   2.49899484E-02   2.41965394E-01   9.63599605E-02   4.50310465E-01
55   1.23047536E-01   1.19140884E+00   1.80748522E-01   8.44676051E-01
56   3.20019770E-01   3.09859422E+00   6.07901528E-01   2.84085235E+00
57   9.87974419E-02   9.56607096E-01   1.32243195E-01   6.18000406E-01
58   1.74552449E-01   1.69010561E+00   2.45248128E-01   1.14609634E+00
59   7.33258097E-02   7.09977794E-01   1.16798538E-01   5.45824256E-01
60   1.79721297E-01   1.74015303E+00   3.35996458E-01   1.57018248E+00
61   8.07988918E-03   7.82335977E-02   3.84446259E-02   1.79659864E-01
62   1.31864308E-02   1.27677732E-01   6.36345715E-02   2.97377805E-01
63   9.88951770E-03   9.57553416E-02   5.21259086E-02   2.43595390E-01
64   8.75895778E-02   8.48086853E-01   1.80117156E-01   8.41725544E-01
65   4.98767576E-02   4.82932142E-01   8.75217509E-02   4.09007643E-01
66   5.34175918E-02   5.17216300E-01   1.28158348E-01   5.98911050E-01
67   7.01308358E-02   6.79042431E-01   1.00586905E-01   4.70063870E-01
68   5.47278503E-02   5.29902889E-01   1.47706399E-01   6.90263226E-01
69   5.64476422E-03   5.46554790E-02   3.61498240E-02   1.68935769E-01
70   1.99575725E-01   1.93239370E+00   2.35557659E-01   1.10081074E+00
71   1.13192788E-02   1.09599016E-01   6.56180957E-02   3.06647232E-01
72   1.95235229E-01   1.89036681E+00   2.31153073E-01   1.08022717E+00
73   1.62917468E-01   1.57744981E+00   2.51455295E-01   1.17510375E+00
74   3.79092060E-02   3.67056218E-01   2.86197361E-01   1.33746077E+00
75   5.14303748E-02   4.97975053E-01   1.13946748E-01   5.32497241E-01
76   1.26140733E-01   1.22135875E+00   1.87693853E-01   8.77133051E-01
77   4.77110440E-02   4.61962601E-01   1.90398286E-01   8.89771441E-01
78   1.73505033E-01   1.67996400E+00   3.18056418E-01   1.48634487E+00
79   1.84734812E-02   1.78869644E-01   6.08850942E-02   2.84528916E-01
80   6.58011494E-02   6.37120205E-01   1.10260867E-01   5.15272339E-01
81   1.84740183E-02   1.78874844E-01   8.00547220E-02   3.74112639E-01
82   1.52818961E-02   1.47967092E-01   6.76156391E-02   3.15982175E-01
83   2.67393322E-02   2.58903818E-01   9.20763152E-02   4.30292085E-01
84   3.00707065E-02   2.91159879E-01   1.24246138E-01   5.80628469E-01
85   1.48606509E-01   1.43888382E+00   1.93905718E-01   9.06162408E-01
86   2.38534801E-02   2.30961530E-01   1.63362633E-01   7.63428117E-01
87   2.07508117E-01   2.00919916E+00   2.57278337E-01   1.20231605E+00
88   9.64495446E-02   9.33873559E-01   1.42995041E-01   6.68246054E-01
89   2.88134049E-02   2.78986045E-01   1.72300799E-01   8.05198058E-01
90   1.14078736E-01   1.10456836E+00   1.68108078E-01   7.85604586E-01
91   8.70381410E-03   8.42747562E-02   7.82159989E-02   3.65519897E-01
92   6.61306435E-02   6.40310534E-01   1.23764791E-01   5.78379030E-01
93   2.30819681E-01   2.23491358E+00   3.35487411E-01   1.56780359E+00
94   6.52114739E-02   6.31410666E-01   1.06802964E-01   4.99112828E-01
95   2.24928850E-02   2.17787556E-01   1.20661310E-01   5.63875807E-01
96   8.46042255E-02   8.19181153E-01   1.85556776E-01   8.67146038E-01
97   3.09941361E-02   3.00100993E-01   1.15088216E-01   5.37831564E-01
98   1.58598089E-01   1.53562738E+00   2.17090485E-01   1.01450973E+00
99   3.58060934E-02   3.46692812E-01   2.02994598E-01   9.48636668E-01
100   4.47069811E-02   4.32875736E-01   1.25379352E-01   5.85924216E-01
101   3.81678298E-02   3.69560345E-01   1.65792391E-01   7.74782891E-01
102   5.44482445E-02   5.27195604E-01   1.24022459E-01   5.79583170E-01
103   2.35818433E-01   2.28331404E+00   3.00184956E-01   1.40282776E+00
104   3.14961762E-02   3.04962002E-01   9.85200135E-02   4.60404850E-01
105   3.51877590E-02   3.40705784E-01   1.13556732E-01   5.30674613E-01
106   1.00521648E-01   9.73301731E-01   2.02395180E-01   9.45835463E-01
107   4.82225652E-02   4.66915409E-01   1.70425462E-01   7.96434210E-01
108   1.32122482E-01   1.27927708E+00   2.45907554E-01   1.14917798E+00
109   8.58541117E-02   8.31283188E-01   1.17283326E-01   5.48089773E-01
110   1.02159380E-02   9.89159088E-02   6.41064397E-02   2.99582944E-01
111   1.72586627E-01   1.67107152E+00   2.98322698E-01   1.39412503E+00
112   1.25773692E-01   1.21780487E+00   1.88538687E-01   8.81081141E-01
113   3.11212980E-02   3.01332240E-01   9.38901098E-02   4.38768331E-01
114   1.70801475E-02   1.65378678E-01   6.50605730E-02   3.04041811E-01
115   2.49702284E-02   2.41774455E-01   1.07040418E-01   5.00222502E-01
116   1.72921941E-01   1.67431821E+00   2.74649393E-01   1.28349467E+00
117   2.99993124E-02   2.90468604E-01   1.84944790E-01   8.64286098E-01
118   5.16897539E-02   5.00486494E-01   1.55170429E-01   7.25144216E-01
119   2.51872568E-02   2.43875834E-01   9.40228791E-02   4.39388790E-01
120   9.05779584E-02   8.77021874E-01   1.45428729E-01   6.79619194E-01
121   1.34005495E-01   1.29750937E+00   1.92713712E-01   9.00591915E-01
122   1.90200716E-02   1.84162009E-01   8.57625882E-02   4.00786704E-01
123   5.95920959E-02   5.77000990E-01   8.05455618E-02   3.76406437E-01
124   9.48235792E-02   9.18130135E-01   1.39659402E-01   6.52657908E-01
125   2.86553825E-02   2.77455992E-01   8.02560892E-02   3.75053671E-01
126   1.41825190E-01   1.37322364E+00   3.05171542E-01   1.42613113E+00
127   6.03302694E-02   5.84148361E-01   1.39728681E-01   6.52981663E-01
128   5.59094275E-02   5.41343521E-01   1.56622852E-01   7.31931698E-01
129   8.22604616E-02   7.96487639E-01   2.16670640E-01   1.01254771E+00
130   1.29264595E-02   1.25160558E-01   3.46803142E-02   1.62068439E-01
131   3.51013781E-02   3.39869401E-01   1.34215510E-01   6.27217452E-01
132   1.36141735E-01   1.31819354E+00   1.99706264E-01   9.33269590E-01
133   4.58815548E-02   4.44248556E-01   7.43616054E-02   3.47507502E-01
134   1.23075212E-01   1.19167682E+00   3.07455497E-01   1.43680453E+00
135   1.32569155E-02   1.28360201E-01   7.61629694E-02   3.55925656E-01
136   2.18898245E-02   2.11948417E-01   9.02827558E-02   4.21910403E-01
137   2.72169350E-02   2.63528211E-01   4.14432571E-02   1.93673101E-01
138   4.88190680E-02   4.72691052E-01   6.80697132E-02   3.18104159E-01
139   1.42987501E-02   1.38447773E-01   7.72700872E-02   3.61099452E-01
