################################################################################
# Sensitivity analysis for element Cu.
################################################################################
# Col  Name          Description
################################################################################
# 1    index         Symmetry function index.
# 2    sens_msa_norm Mean square average sensitivity (normalized, sum = 100%).
# 3    sens_max_norm Maximum sensitivity (normalized, sum = 100%).
# 4    sens_msa_phys Mean square average sensitivity (physical energy units).
# 5    sens_max_phys Maximum sensitivity (physical energy units).
# 6    sens_msa_int  Mean square average sensitivity (internal units).
# 7    sens_max_int  Maximum sensitivity (internal units).
################################################################################################################
#        1                2                3                4                5                6                7
#    index    sens_msa_norm    sens_max_norm    sens_msa_phys    sens_max_phys     sens_msa_int     sens_max_int
################################################################################################################
         1   7.15586842E-01   5.68992975E-01   1.42118801E-01   2.21728152E-01   1.05012785E+00   1.63836808E+00
         2   1.68501905E+00   1.42394692E+00   3.34652446E-01   5.54891067E-01   2.47277526E+00   4.10013708E+00
         3   1.36669323E+00   9.92829531E-01   2.71431491E-01   3.86890992E-01   2.00563027E+00   2.85877030E+00
         4   6.29829900E-01   5.40656580E-01   1.25087082E-01   2.10685877E-01   9.24279041E-01   1.55677578E+00
         5   6.33578067E-01   4.10256860E-01   1.25831485E-01   1.59871034E-01   9.29779497E-01   1.18130061E+00
         6   6.29482685E-01   6.35540616E-01   1.25018124E-01   2.47660783E-01   9.23769502E-01   1.82998650E+00
         7   3.13728117E-01   2.50628315E-01   6.23078307E-02   9.76661497E-02   4.60397836E-01   7.21663449E-01
         8   1.55525386E-01   2.66441981E-01   3.08880490E-02   1.03828502E-01   2.28234409E-01   7.67197589E-01
         9   5.66458457E-02   8.50637797E-02   1.12501226E-02   3.31480975E-02   8.31281080E-02   2.44934099E-01
        10   2.92981788E+00   2.76613270E+00   5.81875155E-01   1.07792102E+00   4.29952478E+00   7.96484970E+00
        11   1.37103349E+00   1.42829021E+00   2.72293485E-01   5.56583582E-01   2.01199962E+00   4.11264321E+00
        12   4.42573431E-01   6.10001585E-01   8.78970959E-02   2.37708601E-01   6.49479084E-01   1.75644898E+00
        13   1.55385108E+00   1.83323640E+00   3.08601890E-01   7.14385125E-01   2.28028550E+00   5.27865217E+00
        14   1.70698193E+00   2.77337645E+00   3.39014375E-01   1.08074381E+00   2.50500592E+00   7.98570749E+00
        15   1.02766915E+00   1.23161776E+00   2.04099767E-01   4.79943237E-01   1.50811046E+00   3.54634121E+00
        16   1.00472883E+00   1.05269488E+00   1.99543714E-01   4.10219636E-01   1.47444540E+00   3.03114762E+00
        17   2.44789736E-01   2.48116212E-01   4.86163547E-02   9.66872203E-02   3.59230361E-01   7.14430056E-01
        18   2.02341026E+00   1.95619876E+00   4.01858478E-01   7.62301741E-01   2.96936632E+00   5.63271210E+00
        19   8.84413300E-01   1.71267753E+00   1.75648503E-01   6.67405116E-01   1.29788166E+00   4.93151291E+00
        20   1.43242789E+00   1.27275022E+00   2.84486692E-01   4.95971946E-01   2.10209626E+00   3.66477870E+00
        21   5.68647267E+00   4.59647101E+00   1.12935933E+00   1.79117681E+00   8.34493171E+00   1.32351571E+01
        22   2.74225677E+00   1.99282623E+00   5.44624665E-01   7.76574923E-01   4.02427776E+00   5.73817786E+00
        23   6.71146919E-01   8.00476565E-01   1.33292830E-01   3.11933885E-01   9.84912007E-01   2.30490588E+00
        24   8.32760204E-01   1.55333382E+00   1.65389963E-01   6.05311228E-01   1.22208044E+00   4.47269591E+00
        25   1.09957602E+00   1.61957255E+00   2.18380797E-01   6.31123482E-01   1.61363420E+00   4.66342484E+00
        26   7.12071265E-01   1.00737131E+00   1.41420591E-01   3.92557708E-01   1.04496872E+00   2.90064214E+00
        27   1.43058583E+00   1.18633085E+00   2.84120850E-01   4.62295595E-01   2.09939302E+00   3.41594129E+00
        28   1.95003118E-01   1.83136076E-01   3.87285059E-02   7.13654215E-02   2.86168209E-01   5.27325142E-01
        29   1.33881216E+00   1.45803499E+00   2.65894183E-01   5.68174682E-01   1.96471463E+00   4.19829083E+00
        30   7.61235830E-01   1.25744805E+00   1.51184897E-01   4.90008916E-01   1.11711801E+00   3.62071737E+00
        31   1.30894241E+00   1.18179473E+00   2.59961915E-01   4.60527936E-01   1.92088060E+00   3.40287991E+00
        32   1.14484030E+00   8.04934986E-01   2.27370489E-01   3.13671266E-01   1.68005979E+00   2.31774354E+00
        33   3.32052731E+00   2.24419548E+00   6.59471823E-01   8.74529807E-01   4.87289314E+00   6.46197478E+00
        34   1.71791117E+00   1.38922320E+00   3.41184971E-01   5.41359746E-01   2.52104464E+00   4.00015300E+00
        35   4.36716679E+00   3.72833398E+00   8.67339185E-01   1.45287664E+00   6.40884267E+00   1.07354285E+01
        36   2.58132374E+00   2.73516759E+00   5.12662633E-01   1.06585438E+00   3.78810760E+00   7.87568825E+00
        37   1.88680182E+00   2.12043705E+00   3.74727421E-01   8.26302975E-01   2.76889264E+00   6.10562264E+00
        38   5.26013107E+00   3.89531135E+00   1.04468595E+00   1.51794525E+00   7.71927293E+00   1.12162260E+01
        39   2.78195467E+00   3.02669368E+00   5.52508849E-01   1.17945779E+00   4.08253466E+00   8.71511345E+00
        40   1.11578365E+00   1.35087347E+00   2.21599707E-01   5.26415423E-01   1.63741900E+00   3.88972813E+00
        41   1.42580463E+00   1.19877586E+00   2.83171283E-01   4.67145233E-01   2.09237659E+00   3.45177568E+00
        42   7.38415943E-01   1.02224671E+00   1.46652764E-01   3.98354431E-01   1.08362969E+00   2.94347462E+00
        43   2.35189657E-01   4.24165629E-01   4.67097353E-02   1.65291076E-01   3.45142189E-01   1.22134975E+00
        44   2.07995567E+00   1.97740254E+00   4.13088654E-01   7.70564541E-01   3.05234704E+00   5.69376663E+00
        45   1.70169193E+00   2.21736441E+00   3.37963755E-01   8.64074132E-01   2.49724280E+00   6.38471692E+00
        46   1.38049136E+00   1.55115853E+00   2.74171862E-01   6.04463548E-01   2.02587910E+00   4.46643234E+00
        47   5.13192267E+00   4.35124492E+00   1.01922318E+00   1.69561583E+00   7.53112636E+00   1.25290489E+01
        48   2.48465628E+00   2.61979252E+00   4.93464035E-01   1.02089442E+00   3.64624753E+00   7.54347529E+00
        49   2.01104486E+00   2.18660911E+00   3.99402655E-01   8.52089248E-01   2.95122003E+00   6.29615959E+00
        50   5.19229263E+00   3.97913721E+00   1.03121293E+00   1.55061095E+00   7.61971964E+00   1.14575956E+01
        51   2.79089372E+00   3.61552631E+00   5.54284184E-01   1.40891716E+00   4.09565277E+00   1.04106082E+01
        52   1.19834019E+00   1.55174688E+00   2.37995812E-01   6.04692820E-01   1.75857120E+00   4.46812644E+00
        53   1.67999278E+00   1.35841901E+00   3.33654205E-01   5.29355810E-01   2.46539917E+00   3.91145490E+00
        54   7.92396131E-01   1.00183794E+00   1.57373475E-01   3.90401435E-01   1.16284593E+00   2.88470926E+00
        55   2.39094922E-01   4.38423132E-01   4.74853388E-02   1.70847014E-01   3.50873189E-01   1.26240305E+00
        56   1.97752040E+00   1.99139454E+00   3.92744544E-01   7.76017014E-01   2.90202269E+00   5.73405542E+00
        57   1.41722516E+00   1.87846237E+00   2.81467361E-01   7.32009020E-01   2.07978616E+00   5.40887662E+00
        58   1.37910847E+00   1.77540270E+00   2.73897214E-01   6.91848189E-01   2.02384970E+00   5.11212485E+00
        59   4.84192971E-01   6.72082224E-01   9.61629258E-02   2.61900508E-01   7.10556000E-01   1.93520503E+00
        60   5.35948086E-01   7.09772277E-01   1.06441727E-01   2.76587764E-01   7.86506933E-01   2.04373041E+00
        61   6.62575956E-01   5.35142587E-01   1.31590598E-01   2.08537156E-01   9.72334069E-01   1.54089870E+00
        62   8.39225486E-01   7.54698647E-01   1.66673998E-01   2.94094907E-01   1.23156828E+00   2.17309217E+00
        63   3.82629864E-01   5.51341994E-01   7.59920309E-02   2.14849825E-01   5.61511550E-01   1.58754355E+00
        64   5.41462636E-01   5.31819722E-01   1.07536942E-01   2.07242284E-01   7.94599567E-01   1.53133078E+00
        65   4.51391467E-01   4.89432585E-01   8.96483981E-02   1.90724644E-01   6.62419604E-01   1.40928054E+00
        66   4.83446315E-01   4.25182416E-01   9.60146366E-02   1.65687302E-01   7.09460279E-01   1.22427751E+00
