################################################################################
# Energy contributions calculated from NNP.
################################################################################
# Col  Name      Description
################################################################################
# 1    index     Atom index.
# 2    e         Element of atom.
# 3    charge    Atomic charge (not used).
# 4    Ennp_atom Atomic energy contribution (physical units, no mean or offset energy added).
################################################################################
#        1  2                3                4
#    index  e           charge        Ennp_atom
###############################################
         0  O   0.00000000E+00   1.50471509E-02
         1  H   0.00000000E+00  -5.17782251E-03
         2  H   0.00000000E+00  -5.37306961E-03
         3  O   0.00000000E+00   1.18646850E-02
         4  H   0.00000000E+00  -9.02703820E-03
         5  H   0.00000000E+00  -9.26819320E-03
         6  O   0.00000000E+00   3.52556039E-03
         7  H   0.00000000E+00  -5.24560125E-03
         8  H   0.00000000E+00  -2.91197824E-03
         9  O   0.00000000E+00  -8.37043427E-03
        10  H   0.00000000E+00   1.91877983E-03
        11  H   0.00000000E+00  -7.71241442E-03
        12  O   0.00000000E+00   1.46716398E-02
        13  H   0.00000000E+00  -9.08290324E-03
        14  H   0.00000000E+00  -1.04491522E-02
        15  O   0.00000000E+00   2.22678746E-02
        16  H   0.00000000E+00  -8.57154746E-03
        17  H   0.00000000E+00  -6.65274797E-03
        18  O   0.00000000E+00   1.93061803E-02
        19  H   0.00000000E+00  -5.55916060E-03
        20  H   0.00000000E+00  -8.34916720E-03
        21  O   0.00000000E+00   1.15023765E-03
        22  H   0.00000000E+00  -1.22158771E-02
        23  H   0.00000000E+00  -8.68404873E-03
        24  O   0.00000000E+00   2.16373977E-02
        25  H   0.00000000E+00  -1.30944791E-02
        26  H   0.00000000E+00  -8.27768306E-03
        27  O   0.00000000E+00  -1.33442345E-03
        28  H   0.00000000E+00  -2.91358551E-03
        29  H   0.00000000E+00  -2.76300265E-03
        30  O   0.00000000E+00   8.46273704E-03
        31  H   0.00000000E+00  -1.04085509E-02
        32  H   0.00000000E+00  -1.07436599E-02
        33  O   0.00000000E+00   9.84645396E-03
        34  H   0.00000000E+00  -8.18541146E-03
        35  H   0.00000000E+00  -2.22335990E-03
        36  O   0.00000000E+00   2.57558794E-02
        37  H   0.00000000E+00  -1.21430342E-02
        38  H   0.00000000E+00  -8.07670981E-03
        39  O   0.00000000E+00   8.17388516E-03
        40  H   0.00000000E+00  -3.66687431E-03
        41  H   0.00000000E+00  -9.86761456E-03
        42  O   0.00000000E+00   1.25296515E-02
        43  H   0.00000000E+00  -3.91009503E-03
        44  H   0.00000000E+00  -8.29966491E-03
        45  O   0.00000000E+00   2.32285841E-03
        46  H   0.00000000E+00  -7.11188194E-03
        47  H   0.00000000E+00  -4.19306516E-03
        48  O   0.00000000E+00   1.01673110E-03
        49  H   0.00000000E+00  -4.77455855E-03
        50  H   0.00000000E+00  -1.00982715E-02
        51  O   0.00000000E+00   1.17042818E-02
        52  H   0.00000000E+00  -9.24963238E-03
        53  H   0.00000000E+00  -6.93202849E-03
        54  O   0.00000000E+00   5.47714860E-03
        55  H   0.00000000E+00   1.97561308E-03
        56  H   0.00000000E+00  -6.98096413E-03
        57  O   0.00000000E+00   9.69341131E-03
        58  H   0.00000000E+00  -9.10454408E-03
        59  H   0.00000000E+00  -4.11838897E-03
        60  O   0.00000000E+00   2.43062070E-03
        61  H   0.00000000E+00  -2.25402352E-03
        62  H   0.00000000E+00  -9.93883961E-03
        63  O   0.00000000E+00   1.02032698E-02
        64  H   0.00000000E+00  -9.02426074E-03
        65  H   0.00000000E+00  -1.05302338E-02
        66  O   0.00000000E+00   1.30041773E-02
        67  H   0.00000000E+00  -7.73279693E-03
        68  H   0.00000000E+00  -7.02685430E-03
        69  O   0.00000000E+00   5.58800202E-03
        70  H   0.00000000E+00  -3.36383769E-03
        71  H   0.00000000E+00  -4.21825204E-03
        72  O   0.00000000E+00   8.45121790E-03
        73  H   0.00000000E+00  -4.60074837E-03
        74  H   0.00000000E+00  -6.43427204E-03
        75  O   0.00000000E+00   1.56519281E-02
        76  H   0.00000000E+00  -8.86578947E-03
        77  H   0.00000000E+00  -6.41347359E-03
        78  O   0.00000000E+00  -2.62988740E-03
        79  H   0.00000000E+00  -6.88667339E-03
        80  H   0.00000000E+00  -6.33996573E-03
        81  O   0.00000000E+00   7.58771876E-03
        82  H   0.00000000E+00  -5.83588272E-03
        83  H   0.00000000E+00  -7.28829104E-03
        84  O   0.00000000E+00   6.43319179E-03
        85  H   0.00000000E+00  -6.37051392E-03
        86  H   0.00000000E+00  -7.24288101E-03
        87  O   0.00000000E+00  -1.01605012E-03
        88  H   0.00000000E+00  -5.68488141E-03
        89  H   0.00000000E+00  -2.73873240E-03
        90  O   0.00000000E+00   1.17278861E-02
        91  H   0.00000000E+00  -8.36332936E-03
        92  H   0.00000000E+00  -7.22675965E-03
        93  O   0.00000000E+00   1.64066023E-02
        94  H   0.00000000E+00  -8.08197855E-03
        95  H   0.00000000E+00  -8.16370023E-03
        96  O   0.00000000E+00   7.25501100E-03
        97  H   0.00000000E+00  -2.56547678E-03
        98  H   0.00000000E+00  -5.51504135E-03
        99  O   0.00000000E+00   4.61645803E-03
       100  H   0.00000000E+00  -8.68119253E-03
       101  H   0.00000000E+00  -1.10467913E-02
       102  O   0.00000000E+00   2.16062944E-03
       103  H   0.00000000E+00  -1.05942294E-02
       104  H   0.00000000E+00  -4.67872600E-03
       105  O   0.00000000E+00   1.54824433E-02
       106  H   0.00000000E+00  -9.39812210E-03
       107  H   0.00000000E+00  -1.35804033E-02
       108  O   0.00000000E+00   8.28992221E-03
       109  H   0.00000000E+00  -1.03339093E-02
       110  H   0.00000000E+00  -5.87781123E-03
       111  O   0.00000000E+00   1.01508188E-02
       112  H   0.00000000E+00  -5.34137860E-03
       113  H   0.00000000E+00  -7.50668942E-03
       114  O   0.00000000E+00   1.13877773E-02
       115  H   0.00000000E+00  -8.95222225E-03
       116  H   0.00000000E+00  -5.02885798E-03
       117  O   0.00000000E+00   1.78082318E-02
       118  H   0.00000000E+00  -9.78169067E-03
       119  H   0.00000000E+00  -7.64563673E-03
       120  O   0.00000000E+00   2.32129048E-02
       121  H   0.00000000E+00  -9.40454694E-03
       122  H   0.00000000E+00  -8.00672788E-03
       123  O   0.00000000E+00   1.16189200E-02
       124  H   0.00000000E+00  -9.30296833E-03
       125  H   0.00000000E+00  -8.79829773E-03
       126  O   0.00000000E+00   6.61548542E-03
       127  H   0.00000000E+00  -5.31140562E-03
       128  H   0.00000000E+00  -9.60991237E-03
       129  O   0.00000000E+00   1.81271359E-02
       130  H   0.00000000E+00  -1.04952544E-02
       131  H   0.00000000E+00  -8.75181926E-03
       132  O   0.00000000E+00   1.81497362E-03
       133  H   0.00000000E+00  -3.00026254E-03
       134  H   0.00000000E+00  -7.91099421E-03
       135  O   0.00000000E+00   8.64094759E-03
       136  H   0.00000000E+00  -6.51077871E-03
       137  H   0.00000000E+00  -1.11251990E-02
       138  O   0.00000000E+00   1.49960177E-02
       139  H   0.00000000E+00  -7.13828949E-03
       140  H   0.00000000E+00  -7.48110100E-03
       141  O   0.00000000E+00   3.94964529E-03
       142  H   0.00000000E+00  -5.25721968E-03
       143  H   0.00000000E+00  -1.21218535E-02
       144  O   0.00000000E+00  -3.49465395E-04
       145  H   0.00000000E+00  -3.09189312E-03
       146  H   0.00000000E+00  -3.76321749E-03
       147  O   0.00000000E+00   4.42034208E-03
       148  H   0.00000000E+00  -3.01300130E-03
       149  H   0.00000000E+00  -9.18440135E-03
       150  O   0.00000000E+00   1.34342708E-02
       151  H   0.00000000E+00  -4.02495007E-03
       152  H   0.00000000E+00  -5.36068253E-03
       153  O   0.00000000E+00   1.84718630E-03
       154  H   0.00000000E+00  -3.38586190E-04
       155  H   0.00000000E+00  -9.95562858E-03
       156  O   0.00000000E+00   7.83507172E-03
       157  H   0.00000000E+00  -5.39111526E-03
       158  H   0.00000000E+00  -2.50134114E-03
       159  O   0.00000000E+00   6.36463848E-03
       160  H   0.00000000E+00  -1.00112664E-02
       161  H   0.00000000E+00  -6.32067602E-03
       162  O   0.00000000E+00  -1.32681922E-03
       163  H   0.00000000E+00  -8.06133148E-03
       164  H   0.00000000E+00  -4.85116326E-03
       165  O   0.00000000E+00   1.35496997E-02
       166  H   0.00000000E+00  -7.86700863E-03
       167  H   0.00000000E+00  -1.03461351E-02
       168  O   0.00000000E+00   1.63581556E-02
       169  H   0.00000000E+00  -5.48809106E-03
       170  H   0.00000000E+00  -4.98749129E-03
       171  O   0.00000000E+00  -2.88792152E-03
       172  H   0.00000000E+00  -7.65919588E-03
       173  H   0.00000000E+00  -3.21212770E-03
       174  O   0.00000000E+00   7.86131602E-03
       175  H   0.00000000E+00  -9.95971951E-03
       176  H   0.00000000E+00  -3.59886737E-03
       177  O   0.00000000E+00   1.32266170E-02
       178  H   0.00000000E+00  -6.40581882E-03
       179  H   0.00000000E+00  -5.66448787E-03
       180  O   0.00000000E+00   1.31706284E-02
       181  H   0.00000000E+00  -8.56358949E-03
       182  H   0.00000000E+00  -5.25955296E-03
       183  O   0.00000000E+00  -1.34210166E-03
       184  H   0.00000000E+00  -3.75443898E-03
       185  H   0.00000000E+00  -9.60752689E-03
       186  O   0.00000000E+00   2.03559533E-02
       187  H   0.00000000E+00  -1.34488640E-02
       188  H   0.00000000E+00  -5.46286102E-03
       189  O   0.00000000E+00   2.19442640E-02
       190  H   0.00000000E+00  -1.02200200E-02
       191  H   0.00000000E+00  -7.66545370E-03
       192  O   0.00000000E+00   1.88388747E-02
       193  H   0.00000000E+00  -7.96082142E-03
       194  H   0.00000000E+00  -6.81773192E-03
       195  O   0.00000000E+00   1.09655913E-02
       196  H   0.00000000E+00  -2.69167412E-03
       197  H   0.00000000E+00  -8.79475321E-03
       198  O   0.00000000E+00   2.11845870E-02
       199  H   0.00000000E+00  -8.37771422E-03
       200  H   0.00000000E+00  -1.28825130E-02
       201  O   0.00000000E+00   5.10313065E-03
       202  H   0.00000000E+00   5.27530287E-04
       203  H   0.00000000E+00  -5.75201331E-03
       204  O   0.00000000E+00  -3.34742132E-03
       205  H   0.00000000E+00  -2.17083556E-03
       206  H   0.00000000E+00  -3.52280818E-03
       207  O   0.00000000E+00   2.41889420E-03
       208  H   0.00000000E+00  -7.01366366E-03
       209  H   0.00000000E+00  -4.81461175E-03
       210  O   0.00000000E+00   6.20405376E-03
       211  H   0.00000000E+00  -5.18894707E-03
       212  H   0.00000000E+00  -9.61971258E-04
       213  O   0.00000000E+00   2.40094673E-02
       214  H   0.00000000E+00  -1.12971546E-02
       215  H   0.00000000E+00  -9.12204510E-03
       216  O   0.00000000E+00  -1.09273788E-02
       217  H   0.00000000E+00   1.68562562E-04
       218  H   0.00000000E+00  -7.94165284E-03
       219  O   0.00000000E+00   2.35532205E-02
       220  H   0.00000000E+00  -9.91904633E-03
       221  H   0.00000000E+00  -1.02421599E-02
       222  O   0.00000000E+00   8.54266485E-03
       223  H   0.00000000E+00  -1.87863888E-03
       224  H   0.00000000E+00  -6.23830894E-03
       225  O   0.00000000E+00  -2.74614884E-03
       226  H   0.00000000E+00  -5.35164533E-03
       227  H   0.00000000E+00   7.33393289E-04
       228  O   0.00000000E+00   8.37246799E-03
       229  H   0.00000000E+00  -8.15348466E-03
       230  H   0.00000000E+00  -1.03160459E-02
       231  O   0.00000000E+00   9.41988079E-03
       232  H   0.00000000E+00  -1.89860390E-03
       233  H   0.00000000E+00  -4.25782885E-03
       234  O   0.00000000E+00   6.93339696E-04
       235  H   0.00000000E+00  -2.65623375E-03
       236  H   0.00000000E+00  -7.20528331E-03
       237  O   0.00000000E+00   1.70812212E-02
       238  H   0.00000000E+00  -7.26388404E-03
       239  H   0.00000000E+00  -9.15880515E-03
       240  O   0.00000000E+00   1.55906738E-02
       241  H   0.00000000E+00  -4.95492182E-03
       242  H   0.00000000E+00  -6.57442491E-03
       243  O   0.00000000E+00   3.12361525E-02
       244  H   0.00000000E+00  -9.54949525E-03
       245  H   0.00000000E+00  -1.16265264E-02
       246  O   0.00000000E+00   1.38090093E-02
       247  H   0.00000000E+00  -8.45333106E-03
       248  H   0.00000000E+00  -5.26207018E-03
       249  O   0.00000000E+00   1.57353264E-03
       250  H   0.00000000E+00  -4.67339201E-03
       251  H   0.00000000E+00  -5.23804505E-03
       252  O   0.00000000E+00   6.55845131E-03
       253  H   0.00000000E+00  -6.35106257E-03
       254  H   0.00000000E+00  -5.68510416E-03
       255  O   0.00000000E+00   8.50390606E-03
       256  H   0.00000000E+00  -6.73563207E-03
       257  H   0.00000000E+00  -7.01787420E-03
       258  O   0.00000000E+00   1.31578666E-02
       259  H   0.00000000E+00  -1.15358077E-02
       260  H   0.00000000E+00  -1.10697232E-02
       261  O   0.00000000E+00  -4.50842111E-03
       262  H   0.00000000E+00   1.35517825E-03
       263  H   0.00000000E+00  -5.28753023E-03
       264  O   0.00000000E+00   5.71856334E-03
       265  H   0.00000000E+00  -7.45644039E-03
       266  H   0.00000000E+00  -4.66980846E-03
       267  O   0.00000000E+00   2.84451679E-02
       268  H   0.00000000E+00  -1.16572954E-02
       269  H   0.00000000E+00  -1.03573242E-02
       270  O   0.00000000E+00   1.52827287E-02
       271  H   0.00000000E+00  -6.91395142E-03
       272  H   0.00000000E+00  -7.27726152E-03
       273  O   0.00000000E+00   1.56368346E-02
       274  H   0.00000000E+00  -5.94723230E-03
       275  H   0.00000000E+00  -9.32649523E-03
       276  O   0.00000000E+00   1.64802452E-02
       277  H   0.00000000E+00  -5.24994636E-03
       278  H   0.00000000E+00  -7.29967584E-03
       279  O   0.00000000E+00   7.16033450E-03
       280  H   0.00000000E+00  -7.73047076E-03
       281  H   0.00000000E+00  -7.09759069E-03
       282  O   0.00000000E+00   9.93257213E-03
       283  H   0.00000000E+00  -6.69382114E-03
       284  H   0.00000000E+00  -9.77890505E-03
       285  O   0.00000000E+00   8.34569643E-03
       286  H   0.00000000E+00  -8.93120266E-03
       287  H   0.00000000E+00  -9.40822177E-03
       288  O   0.00000000E+00   1.04844515E-02
       289  H   0.00000000E+00  -7.32963934E-03
       290  H   0.00000000E+00  -7.46436750E-03
       291  O   0.00000000E+00   8.12343056E-03
       292  H   0.00000000E+00  -7.99625248E-03
       293  H   0.00000000E+00  -5.56886644E-03
       294  O   0.00000000E+00   2.79381520E-02
       295  H   0.00000000E+00  -1.25883700E-02
       296  H   0.00000000E+00  -9.01028752E-03
       297  O   0.00000000E+00   2.08065330E-02
       298  H   0.00000000E+00  -7.53764924E-03
       299  H   0.00000000E+00  -8.02546262E-03
       300  O   0.00000000E+00   1.41699856E-02
       301  H   0.00000000E+00  -3.51760151E-03
       302  H   0.00000000E+00  -1.18514190E-02
       303  O   0.00000000E+00   1.68023336E-02
       304  H   0.00000000E+00  -8.88199320E-03
       305  H   0.00000000E+00  -1.32010774E-02
       306  O   0.00000000E+00   5.14925385E-03
       307  H   0.00000000E+00  -5.00775878E-03
       308  H   0.00000000E+00  -4.29235534E-04
       309  O   0.00000000E+00   1.08448222E-02
       310  H   0.00000000E+00  -8.86446940E-04
       311  H   0.00000000E+00  -6.70239458E-03
       312  O   0.00000000E+00   7.93392762E-03
       313  H   0.00000000E+00  -5.85754599E-03
       314  H   0.00000000E+00  -2.73435098E-03
       315  O   0.00000000E+00   5.06517217E-03
       316  H   0.00000000E+00  -1.06944982E-02
       317  H   0.00000000E+00  -2.41570085E-05
       318  O   0.00000000E+00   1.26121194E-02
       319  H   0.00000000E+00  -5.57672116E-03
       320  H   0.00000000E+00  -8.19409729E-03
       321  O   0.00000000E+00   1.71831276E-02
       322  H   0.00000000E+00  -4.20378792E-03
       323  H   0.00000000E+00  -3.07159541E-03
       324  O   0.00000000E+00   1.21289921E-02
       325  H   0.00000000E+00  -7.64154315E-03
       326  H   0.00000000E+00  -5.69107196E-03
       327  O   0.00000000E+00   2.61293605E-02
       328  H   0.00000000E+00  -1.19152506E-02
       329  H   0.00000000E+00  -6.98939948E-03
       330  O   0.00000000E+00   1.11953956E-02
       331  H   0.00000000E+00  -1.55964858E-03
       332  H   0.00000000E+00  -6.73483248E-03
       333  O   0.00000000E+00   1.75308095E-02
       334  H   0.00000000E+00  -8.84095965E-03
       335  H   0.00000000E+00  -5.21433044E-03
       336  O   0.00000000E+00   4.73004256E-03
       337  H   0.00000000E+00  -9.55561875E-03
       338  H   0.00000000E+00  -5.72717625E-03
       339  O   0.00000000E+00   3.46563147E-03
       340  H   0.00000000E+00  -1.33399322E-02
       341  H   0.00000000E+00  -4.93741132E-03
       342  O   0.00000000E+00  -1.98399568E-03
       343  H   0.00000000E+00  -4.04755681E-03
       344  H   0.00000000E+00  -7.14698083E-03
       345  O   0.00000000E+00   1.49485401E-02
       346  H   0.00000000E+00  -6.32539713E-03
       347  H   0.00000000E+00  -4.36552628E-03
       348  O   0.00000000E+00   1.01408856E-02
       349  H   0.00000000E+00  -8.14566227E-03
       350  H   0.00000000E+00  -5.34904225E-03
       351  O   0.00000000E+00   4.68708801E-03
       352  H   0.00000000E+00  -5.94891928E-03
       353  H   0.00000000E+00  -7.28439294E-03
       354  O   0.00000000E+00   1.00448966E-02
       355  H   0.00000000E+00  -7.04091661E-03
       356  H   0.00000000E+00  -8.87383008E-03
       357  O   0.00000000E+00   1.19767485E-02
       358  H   0.00000000E+00  -1.79391882E-03
       359  H   0.00000000E+00  -9.74706614E-03
       360  O   0.00000000E+00   4.81763718E-03
       361  H   0.00000000E+00  -8.68370328E-03
       362  H   0.00000000E+00  -4.10168516E-03
       363  O   0.00000000E+00   3.35124139E-02
       364  H   0.00000000E+00  -1.35977688E-02
       365  H   0.00000000E+00  -9.97362825E-03
       366  O   0.00000000E+00   6.98840254E-03
       367  H   0.00000000E+00  -7.63197007E-03
       368  H   0.00000000E+00  -6.48507709E-03
       369  O   0.00000000E+00   1.93284083E-02
       370  H   0.00000000E+00  -4.16680964E-03
       371  H   0.00000000E+00  -8.37672018E-03
       372  O   0.00000000E+00  -1.96143964E-03
       373  H   0.00000000E+00  -1.11418030E-04
       374  H   0.00000000E+00  -3.70895262E-03
       375  O   0.00000000E+00   1.39511023E-02
       376  H   0.00000000E+00  -8.46671906E-03
       377  H   0.00000000E+00  -6.98723471E-03
       378  O   0.00000000E+00   1.14745339E-02
       379  H   0.00000000E+00  -5.10875147E-03
       380  H   0.00000000E+00  -3.97783804E-03
       381  O   0.00000000E+00   1.05511721E-02
       382  H   0.00000000E+00  -3.58992348E-03
       383  H   0.00000000E+00  -1.06828761E-02
       384  O   0.00000000E+00   7.85012010E-03
       385  H   0.00000000E+00  -4.50526406E-03
       386  H   0.00000000E+00  -1.16669615E-02
       387  O   0.00000000E+00   1.76654207E-03
       388  H   0.00000000E+00  -7.12417043E-03
       389  H   0.00000000E+00  -6.86090405E-03
       390  O   0.00000000E+00   2.80335798E-03
       391  H   0.00000000E+00  -9.32298017E-03
       392  H   0.00000000E+00  -5.68970011E-03
       393  O   0.00000000E+00   9.75223777E-03
       394  H   0.00000000E+00  -1.25862216E-02
       395  H   0.00000000E+00  -5.43587009E-03
       396  O   0.00000000E+00   1.78686563E-02
       397  H   0.00000000E+00  -8.61446253E-03
       398  H   0.00000000E+00  -9.11571729E-03
       399  O   0.00000000E+00   1.06524860E-02
       400  H   0.00000000E+00  -1.25883049E-02
       401  H   0.00000000E+00  -5.56088769E-03
       402  O   0.00000000E+00   1.51942219E-02
       403  H   0.00000000E+00  -3.93180420E-03
       404  H   0.00000000E+00  -4.30788183E-03
       405  O   0.00000000E+00   8.67126862E-03
       406  H   0.00000000E+00  -5.55965820E-03
       407  H   0.00000000E+00  -5.64682093E-03
       408  O   0.00000000E+00  -2.69506901E-03
       409  H   0.00000000E+00  -4.55557538E-03
       410  H   0.00000000E+00   2.37918028E-04
       411  O   0.00000000E+00   4.24336129E-03
       412  H   0.00000000E+00   1.65998116E-03
       413  H   0.00000000E+00  -1.42944270E-02
       414  O   0.00000000E+00   2.06048804E-02
       415  H   0.00000000E+00  -6.83728363E-03
       416  H   0.00000000E+00  -1.33628419E-02
       417  O   0.00000000E+00   1.41382329E-02
       418  H   0.00000000E+00  -2.38535783E-03
       419  H   0.00000000E+00  -1.18310689E-02
       420  O   0.00000000E+00   7.59898874E-03
       421  H   0.00000000E+00  -4.84284067E-03
       422  H   0.00000000E+00  -4.19525121E-03
       423  O   0.00000000E+00   2.58643229E-03
       424  H   0.00000000E+00  -2.66372751E-03
       425  H   0.00000000E+00  -7.68368073E-03
       426  O   0.00000000E+00   2.47961525E-03
       427  H   0.00000000E+00  -1.02673652E-02
       428  H   0.00000000E+00  -7.96098634E-03
       429  O   0.00000000E+00   1.52496705E-02
       430  H   0.00000000E+00  -3.81144406E-03
       431  H   0.00000000E+00  -9.35622483E-03
       432  O   0.00000000E+00   8.26422939E-03
       433  H   0.00000000E+00  -8.18634127E-03
       434  H   0.00000000E+00  -4.51595824E-03
       435  O   0.00000000E+00   3.17732685E-03
       436  H   0.00000000E+00  -4.18115646E-03
       437  H   0.00000000E+00  -4.85521916E-03
       438  O   0.00000000E+00   4.27310848E-03
       439  H   0.00000000E+00   2.40805261E-04
       440  H   0.00000000E+00  -2.27790306E-03
       441  O   0.00000000E+00   1.01573587E-02
       442  H   0.00000000E+00  -6.11043864E-03
       443  H   0.00000000E+00  -8.86680527E-03
       444  O   0.00000000E+00   8.25806307E-03
       445  H   0.00000000E+00  -6.26478823E-03
       446  H   0.00000000E+00  -1.25960395E-02
       447  O   0.00000000E+00   3.08324425E-03
       448  H   0.00000000E+00  -8.25459823E-03
       449  H   0.00000000E+00  -8.34917499E-03
       450  O   0.00000000E+00  -1.43704065E-03
       451  H   0.00000000E+00  -6.51032122E-03
       452  H   0.00000000E+00  -3.17897284E-03
       453  O   0.00000000E+00   8.34455074E-03
       454  H   0.00000000E+00  -4.21822823E-03
       455  H   0.00000000E+00  -9.13150810E-03
       456  O   0.00000000E+00   1.73685808E-03
       457  H   0.00000000E+00  -9.62292791E-03
       458  H   0.00000000E+00   1.72933822E-03
       459  O   0.00000000E+00   1.48661135E-02
       460  H   0.00000000E+00  -1.03030546E-02
       461  H   0.00000000E+00  -1.12866123E-02
       462  O   0.00000000E+00   1.62635059E-02
       463  H   0.00000000E+00  -6.19349896E-03
       464  H   0.00000000E+00  -1.01475489E-02
       465  O   0.00000000E+00  -1.97067816E-03
       466  H   0.00000000E+00  -4.43523472E-03
       467  H   0.00000000E+00  -3.85049403E-03
       468  O   0.00000000E+00   1.66871094E-02
       469  H   0.00000000E+00  -1.00672450E-02
       470  H   0.00000000E+00  -7.40859936E-03
       471  O   0.00000000E+00   8.79472612E-03
       472  H   0.00000000E+00  -1.01167544E-02
       473  H   0.00000000E+00  -3.90282862E-03
       474  O   0.00000000E+00   3.83799839E-03
       475  H   0.00000000E+00  -1.09096185E-02
       476  H   0.00000000E+00  -8.77483458E-03
       477  O   0.00000000E+00   9.86368602E-03
       478  H   0.00000000E+00  -2.58827016E-03
       479  H   0.00000000E+00  -7.82790628E-03
       480  O   0.00000000E+00  -2.20981081E-03
       481  H   0.00000000E+00  -2.61023942E-03
       482  H   0.00000000E+00  -1.13516929E-02
       483  O   0.00000000E+00   9.62443112E-03
       484  H   0.00000000E+00  -4.29457637E-03
       485  H   0.00000000E+00  -8.24634448E-03
       486  O   0.00000000E+00   9.64992890E-03
       487  H   0.00000000E+00  -4.86922399E-03
       488  H   0.00000000E+00  -3.31474563E-03
       489  O   0.00000000E+00   5.39353273E-03
       490  H   0.00000000E+00  -6.34008137E-03
       491  H   0.00000000E+00  -9.34246847E-03
       492  O   0.00000000E+00   7.81402354E-03
       493  H   0.00000000E+00  -2.33468613E-03
       494  H   0.00000000E+00  -4.67830274E-03
       495  O   0.00000000E+00  -2.30372459E-03
       496  H   0.00000000E+00  -1.65592757E-03
       497  H   0.00000000E+00  -6.61097363E-03
       498  O   0.00000000E+00   2.90295609E-02
       499  H   0.00000000E+00  -9.96195502E-03
       500  H   0.00000000E+00  -1.09702002E-02
       501  O   0.00000000E+00   1.77277228E-02
       502  H   0.00000000E+00  -7.01578027E-03
       503  H   0.00000000E+00  -4.52838777E-03
       504  O   0.00000000E+00   1.53556124E-02
       505  H   0.00000000E+00  -5.63026766E-03
       506  H   0.00000000E+00  -1.03201229E-02
       507  O   0.00000000E+00   9.66855316E-03
       508  H   0.00000000E+00  -9.52198307E-03
       509  H   0.00000000E+00  -6.09359522E-03
       510  O   0.00000000E+00   4.04950984E-03
       511  H   0.00000000E+00  -4.16695884E-03
       512  H   0.00000000E+00  -9.89586941E-03
       513  O   0.00000000E+00   1.44088048E-02
       514  H   0.00000000E+00  -1.41321027E-02
       515  H   0.00000000E+00  -1.37484524E-02
       516  O   0.00000000E+00   1.76163255E-02
       517  H   0.00000000E+00  -6.00787085E-03
       518  H   0.00000000E+00  -1.13316571E-02
       519  O   0.00000000E+00   3.47179678E-03
       520  H   0.00000000E+00  -8.74200250E-03
       521  H   0.00000000E+00  -1.11538044E-02
       522  O   0.00000000E+00   4.78002315E-03
       523  H   0.00000000E+00  -8.25114408E-03
       524  H   0.00000000E+00  -8.31129136E-03
       525  O   0.00000000E+00   6.40848873E-03
       526  H   0.00000000E+00  -6.35874890E-03
       527  H   0.00000000E+00  -3.36873830E-03
       528  O   0.00000000E+00   4.88383315E-03
       529  H   0.00000000E+00  -6.18353897E-03
       530  H   0.00000000E+00  -7.59170672E-03
       531  O   0.00000000E+00   6.85216142E-04
       532  H   0.00000000E+00  -5.30119064E-03
       533  H   0.00000000E+00  -4.53994304E-03
       534  O   0.00000000E+00   1.21724607E-02
       535  H   0.00000000E+00  -4.98201676E-03
       536  H   0.00000000E+00  -6.71720258E-03
       537  O   0.00000000E+00  -6.40439240E-03
       538  H   0.00000000E+00  -8.39722035E-04
       539  H   0.00000000E+00  -4.75752602E-03
       540  O   0.00000000E+00   9.68651533E-03
       541  H   0.00000000E+00  -8.24027581E-03
       542  H   0.00000000E+00  -6.69897719E-03
       543  O   0.00000000E+00   5.45641999E-03
       544  H   0.00000000E+00  -9.29434749E-03
       545  H   0.00000000E+00  -6.64675099E-03
       546  O   0.00000000E+00   6.56813283E-03
       547  H   0.00000000E+00  -7.40453935E-03
       548  H   0.00000000E+00  -1.07560235E-03
       549  O   0.00000000E+00  -5.88525351E-04
       550  H   0.00000000E+00  -3.49796614E-03
       551  H   0.00000000E+00  -5.49856970E-03
       552  O   0.00000000E+00  -1.04254469E-02
       553  H   0.00000000E+00  -3.35635166E-03
       554  H   0.00000000E+00  -7.53220363E-03
       555  O   0.00000000E+00  -2.00821255E-04
       556  H   0.00000000E+00  -5.84155830E-03
       557  H   0.00000000E+00  -5.87245407E-03
       558  O   0.00000000E+00  -8.40644238E-04
       559  H   0.00000000E+00  -4.04921735E-03
       560  H   0.00000000E+00  -2.18777215E-03
       561  O   0.00000000E+00   8.47806170E-03
       562  H   0.00000000E+00  -9.62008619E-03
       563  H   0.00000000E+00  -5.34225124E-03
       564  O   0.00000000E+00   5.25337486E-03
       565  H   0.00000000E+00  -3.34971490E-03
       566  H   0.00000000E+00  -4.88014050E-03
       567  O   0.00000000E+00   3.94989100E-03
       568  H   0.00000000E+00  -4.29626235E-03
       569  H   0.00000000E+00  -7.65261683E-03
       570  O   0.00000000E+00   1.33837384E-02
       571  H   0.00000000E+00  -3.33388683E-03
       572  H   0.00000000E+00  -9.85305209E-03
       573  O   0.00000000E+00  -1.08460494E-03
       574  H   0.00000000E+00  -5.70289229E-03
       575  H   0.00000000E+00  -1.97113733E-04
       576  O   0.00000000E+00   1.04981163E-02
       577  H   0.00000000E+00  -8.56937195E-03
       578  H   0.00000000E+00  -1.18684253E-02
       579  O   0.00000000E+00   2.02540895E-02
       580  H   0.00000000E+00  -5.16323749E-03
       581  H   0.00000000E+00  -1.38294652E-03
       582  O   0.00000000E+00   1.36010985E-02
       583  H   0.00000000E+00  -3.30814116E-03
       584  H   0.00000000E+00  -4.03862392E-03
       585  O   0.00000000E+00   2.52953492E-02
       586  H   0.00000000E+00  -7.25155878E-03
       587  H   0.00000000E+00  -7.28189933E-03
       588  O   0.00000000E+00   2.09831928E-02
       589  H   0.00000000E+00  -2.68705409E-03
       590  H   0.00000000E+00  -1.15710179E-02
       591  O   0.00000000E+00   2.07335724E-02
       592  H   0.00000000E+00  -1.03513638E-02
       593  H   0.00000000E+00  -3.33787748E-03
       594  O   0.00000000E+00   4.85405141E-03
       595  H   0.00000000E+00  -4.71078977E-03
       596  H   0.00000000E+00  -4.20125279E-03
       597  O   0.00000000E+00   6.19116940E-03
       598  H   0.00000000E+00  -7.57264787E-03
       599  H   0.00000000E+00  -3.32560291E-03
       600  O   0.00000000E+00   5.62373334E-04
       601  H   0.00000000E+00  -8.89074677E-03
       602  H   0.00000000E+00  -4.83212905E-03
       603  O   0.00000000E+00   1.57409927E-02
       604  H   0.00000000E+00  -3.34584669E-03
       605  H   0.00000000E+00  -9.09829742E-03
       606  O   0.00000000E+00   1.33969729E-02
       607  H   0.00000000E+00  -4.76744491E-03
       608  H   0.00000000E+00  -9.36402171E-03
       609  O   0.00000000E+00   3.16144776E-02
       610  H   0.00000000E+00  -1.03883182E-02
       611  H   0.00000000E+00  -1.26679948E-02
       612  O   0.00000000E+00   1.75931125E-02
       613  H   0.00000000E+00  -9.28361679E-03
       614  H   0.00000000E+00  -1.02004125E-02
       615  O   0.00000000E+00   6.14746038E-04
       616  H   0.00000000E+00  -3.07134183E-03
       617  H   0.00000000E+00  -6.59422684E-03
       618  O   0.00000000E+00   2.01407867E-02
       619  H   0.00000000E+00  -1.12198098E-03
       620  H   0.00000000E+00  -7.91668016E-03
       621  O   0.00000000E+00   4.95257370E-04
       622  H   0.00000000E+00  -3.94781997E-03
       623  H   0.00000000E+00  -9.55814442E-03
       624  O   0.00000000E+00   5.69241084E-03
       625  H   0.00000000E+00  -5.65768617E-03
       626  H   0.00000000E+00  -7.51169600E-03
       627  O   0.00000000E+00   1.16297786E-02
       628  H   0.00000000E+00  -6.50221205E-03
       629  H   0.00000000E+00  -7.26895352E-03
       630  O   0.00000000E+00   1.19755108E-02
       631  H   0.00000000E+00  -5.80329470E-03
       632  H   0.00000000E+00  -6.81156583E-03
       633  O   0.00000000E+00  -2.04638837E-03
       634  H   0.00000000E+00  -2.82733376E-03
       635  H   0.00000000E+00  -8.10210331E-03
       636  O   0.00000000E+00   1.78710418E-02
       637  H   0.00000000E+00  -1.05813582E-02
       638  H   0.00000000E+00  -8.93799947E-03
       639  O   0.00000000E+00   1.51012755E-02
       640  H   0.00000000E+00  -1.20357247E-02
       641  H   0.00000000E+00  -7.70047711E-03
       642  O   0.00000000E+00   2.44935033E-02
       643  H   0.00000000E+00  -9.01635199E-03
       644  H   0.00000000E+00  -6.49745676E-03
       645  O   0.00000000E+00   1.54920262E-02
       646  H   0.00000000E+00  -9.14942554E-03
       647  H   0.00000000E+00  -9.17605574E-03
       648  O   0.00000000E+00   1.05844833E-02
       649  H   0.00000000E+00  -6.86714224E-03
       650  H   0.00000000E+00  -5.42619023E-03
       651  O   0.00000000E+00   1.42069952E-02
       652  H   0.00000000E+00  -1.02237547E-02
       653  H   0.00000000E+00  -5.18022474E-03
       654  O   0.00000000E+00  -6.04028747E-03
       655  H   0.00000000E+00  -8.64367543E-03
       656  H   0.00000000E+00  -4.99988369E-03
       657  O   0.00000000E+00   8.92918982E-03
       658  H   0.00000000E+00  -5.56962404E-03
       659  H   0.00000000E+00  -4.26046507E-03
       660  O   0.00000000E+00   5.75830135E-03
       661  H   0.00000000E+00  -3.41734075E-03
       662  H   0.00000000E+00  -9.04010882E-03
       663  O   0.00000000E+00  -9.30368560E-03
       664  H   0.00000000E+00  -2.89065993E-03
       665  H   0.00000000E+00  -6.90806291E-04
       666  O   0.00000000E+00   3.28431188E-03
       667  H   0.00000000E+00  -6.12044798E-03
       668  H   0.00000000E+00  -1.09786725E-02
       669  O   0.00000000E+00   1.05419224E-02
       670  H   0.00000000E+00  -8.47141940E-03
       671  H   0.00000000E+00  -1.96608972E-03
       672  O   0.00000000E+00   1.68165889E-02
       673  H   0.00000000E+00  -7.56868053E-03
       674  H   0.00000000E+00  -7.12392938E-03
       675  O   0.00000000E+00   7.66410959E-03
       676  H   0.00000000E+00  -8.18555149E-03
       677  H   0.00000000E+00  -1.09099071E-03
       678  O   0.00000000E+00   1.42794032E-02
       679  H   0.00000000E+00  -1.15142076E-02
       680  H   0.00000000E+00  -3.74458355E-03
       681  O   0.00000000E+00   1.47183241E-02
       682  H   0.00000000E+00  -7.88919459E-03
       683  H   0.00000000E+00  -8.80791982E-03
       684  O   0.00000000E+00   9.62526373E-03
       685  H   0.00000000E+00  -3.35366225E-03
       686  H   0.00000000E+00  -4.76496696E-03
       687  O   0.00000000E+00   9.36860609E-03
       688  H   0.00000000E+00  -4.73973559E-03
       689  H   0.00000000E+00  -9.76703663E-03
       690  O   0.00000000E+00   5.16708966E-03
       691  H   0.00000000E+00  -9.83251869E-03
       692  H   0.00000000E+00  -8.79838981E-03
       693  O   0.00000000E+00   1.46215645E-02
       694  H   0.00000000E+00  -5.80044040E-03
       695  H   0.00000000E+00  -8.16085383E-03
       696  O   0.00000000E+00   1.98697903E-02
       697  H   0.00000000E+00  -1.24484291E-02
       698  H   0.00000000E+00  -7.85153160E-03
       699  O   0.00000000E+00   6.72692080E-03
       700  H   0.00000000E+00  -1.01228177E-02
       701  H   0.00000000E+00  -4.29751307E-03
       702  O   0.00000000E+00  -6.72188040E-04
       703  H   0.00000000E+00  -1.00693520E-02
       704  H   0.00000000E+00  -3.15673174E-03
       705  O   0.00000000E+00   1.02386585E-02
       706  H   0.00000000E+00  -7.45564341E-03
       707  H   0.00000000E+00  -1.20095333E-02
       708  O   0.00000000E+00   1.73041451E-02
       709  H   0.00000000E+00  -8.05296951E-03
       710  H   0.00000000E+00  -6.50196153E-04
       711  O   0.00000000E+00  -5.55903388E-03
       712  H   0.00000000E+00  -3.16289852E-03
       713  H   0.00000000E+00  -2.33494810E-03
       714  O   0.00000000E+00   7.74191445E-03
       715  H   0.00000000E+00  -1.13368611E-02
       716  H   0.00000000E+00  -4.45775921E-03
       717  O   0.00000000E+00   9.23836343E-03
       718  H   0.00000000E+00  -6.71256556E-03
       719  H   0.00000000E+00  -8.51295586E-03
       720  O   0.00000000E+00   6.63468359E-03
       721  H   0.00000000E+00  -7.85497349E-03
       722  H   0.00000000E+00  -4.64401492E-03
       723  O   0.00000000E+00   3.15932707E-03
       724  H   0.00000000E+00  -5.40101171E-03
       725  H   0.00000000E+00  -9.50198442E-03
       726  O   0.00000000E+00  -7.62435702E-04
       727  H   0.00000000E+00  -8.69337050E-03
       728  H   0.00000000E+00  -6.01167810E-03
       729  O   0.00000000E+00   1.91309160E-02
       730  H   0.00000000E+00  -2.39379731E-03
       731  H   0.00000000E+00  -1.07971695E-02
       732  O   0.00000000E+00   1.19708847E-02
       733  H   0.00000000E+00  -6.95269302E-03
       734  H   0.00000000E+00  -1.03212703E-02
       735  O   0.00000000E+00   9.26863632E-03
       736  H   0.00000000E+00  -7.39366854E-03
       737  H   0.00000000E+00  -2.33241950E-03
       738  O   0.00000000E+00   8.97822576E-03
       739  H   0.00000000E+00  -2.49014408E-03
       740  H   0.00000000E+00  -4.41999221E-03
       741  O   0.00000000E+00   3.62325064E-05
       742  H   0.00000000E+00  -6.68643470E-03
       743  H   0.00000000E+00  -3.55798884E-03
       744  O   0.00000000E+00   1.65170956E-02
       745  H   0.00000000E+00  -1.24053440E-02
       746  H   0.00000000E+00  -6.88488765E-03
       747  O   0.00000000E+00   3.09279849E-03
       748  H   0.00000000E+00  -5.24794658E-03
       749  H   0.00000000E+00  -4.50530184E-03
       750  O   0.00000000E+00   1.25650690E-02
       751  H   0.00000000E+00  -1.10858438E-02
       752  H   0.00000000E+00  -1.33096000E-02
       753  O   0.00000000E+00   1.85830631E-02
       754  H   0.00000000E+00  -7.69976095E-03
       755  H   0.00000000E+00  -8.51187999E-03
       756  O   0.00000000E+00   1.87211579E-02
       757  H   0.00000000E+00  -3.97158692E-03
       758  H   0.00000000E+00  -1.20335942E-02
       759  O   0.00000000E+00   4.21427996E-03
       760  H   0.00000000E+00  -6.43336539E-03
       761  H   0.00000000E+00  -7.07046558E-03
       762  O   0.00000000E+00   1.29602333E-02
       763  H   0.00000000E+00  -6.00489490E-03
       764  H   0.00000000E+00  -4.67168891E-03
       765  O   0.00000000E+00   2.00568979E-02
       766  H   0.00000000E+00  -7.48277687E-03
       767  H   0.00000000E+00  -3.00766603E-03
       768  O   0.00000000E+00   1.44606398E-02
       769  H   0.00000000E+00  -8.91974937E-03
       770  H   0.00000000E+00  -7.52023146E-03
       771  O   0.00000000E+00   1.53828162E-02
       772  H   0.00000000E+00  -4.91314060E-03
       773  H   0.00000000E+00  -5.74136545E-03
       774  O   0.00000000E+00   6.09916304E-03
       775  H   0.00000000E+00  -1.02382765E-02
       776  H   0.00000000E+00  -7.84950662E-03
       777  O   0.00000000E+00  -4.26452273E-03
       778  H   0.00000000E+00  -2.62590253E-03
       779  H   0.00000000E+00  -3.00479117E-03
       780  O   0.00000000E+00   1.98549320E-03
       781  H   0.00000000E+00  -8.02751079E-03
       782  H   0.00000000E+00  -9.55391313E-03
       783  O   0.00000000E+00   7.66706464E-04
       784  H   0.00000000E+00  -4.19562022E-03
       785  H   0.00000000E+00  -4.91136534E-03
       786  O   0.00000000E+00   4.19578384E-03
       787  H   0.00000000E+00  -3.77612718E-03
       788  H   0.00000000E+00  -5.63266009E-03
       789  O   0.00000000E+00  -1.76591228E-04
       790  H   0.00000000E+00  -2.57167194E-03
       791  H   0.00000000E+00  -1.03093533E-02
       792  O   0.00000000E+00   1.99091440E-02
       793  H   0.00000000E+00  -7.87267230E-03
       794  H   0.00000000E+00  -1.26431193E-02
       795  O   0.00000000E+00   4.64327460E-03
       796  H   0.00000000E+00  -1.07048778E-02
       797  H   0.00000000E+00  -6.20717444E-03
       798  O   0.00000000E+00  -1.71500389E-03
       799  H   0.00000000E+00  -4.26934489E-03
       800  H   0.00000000E+00  -3.41645916E-03
       801  O   0.00000000E+00   9.33208575E-03
       802  H   0.00000000E+00  -9.73172689E-03
       803  H   0.00000000E+00  -7.77113176E-03
       804  O   0.00000000E+00   1.24893830E-02
       805  H   0.00000000E+00  -6.92179918E-03
       806  H   0.00000000E+00  -1.89986112E-03
       807  O   0.00000000E+00   1.78416488E-02
       808  H   0.00000000E+00  -9.65198072E-03
       809  H   0.00000000E+00  -9.37487947E-03
       810  O   0.00000000E+00   3.97097348E-03
       811  H   0.00000000E+00  -7.59658305E-03
       812  H   0.00000000E+00  -3.62872976E-03
       813  O   0.00000000E+00   9.58670044E-03
       814  H   0.00000000E+00  -7.46165535E-03
       815  H   0.00000000E+00  -3.06989375E-03
       816  O   0.00000000E+00   1.65876318E-02
       817  H   0.00000000E+00  -8.49445158E-03
       818  H   0.00000000E+00  -9.99244930E-03
       819  O   0.00000000E+00   1.59268793E-02
       820  H   0.00000000E+00  -1.05773228E-02
       821  H   0.00000000E+00  -8.71561462E-03
       822  O   0.00000000E+00   1.16131959E-03
       823  H   0.00000000E+00  -4.92307642E-03
       824  H   0.00000000E+00  -3.40778769E-03
       825  O   0.00000000E+00   3.66912283E-03
       826  H   0.00000000E+00  -6.16184345E-03
       827  H   0.00000000E+00  -4.92447927E-03
       828  O   0.00000000E+00   2.11730102E-02
       829  H   0.00000000E+00  -5.97236289E-03
       830  H   0.00000000E+00  -6.86871454E-03
       831  O   0.00000000E+00   1.35404775E-02
       832  H   0.00000000E+00  -6.08612535E-03
       833  H   0.00000000E+00  -7.90787214E-03
       834  O   0.00000000E+00   3.48867982E-03
       835  H   0.00000000E+00  -5.98466777E-03
       836  H   0.00000000E+00  -8.39575239E-03
       837  O   0.00000000E+00   5.97358836E-03
       838  H   0.00000000E+00  -3.18245537E-03
       839  H   0.00000000E+00  -9.16620974E-03
       840  O   0.00000000E+00   6.40184883E-03
       841  H   0.00000000E+00  -8.10515846E-04
       842  H   0.00000000E+00  -1.46065652E-02
       843  O   0.00000000E+00   1.20791019E-02
       844  H   0.00000000E+00  -6.49687794E-03
       845  H   0.00000000E+00  -7.47654503E-03
       846  O   0.00000000E+00   1.07208307E-02
       847  H   0.00000000E+00  -1.42362461E-03
       848  H   0.00000000E+00  -7.84926929E-03
       849  O   0.00000000E+00   7.26254472E-03
       850  H   0.00000000E+00  -9.24745923E-03
       851  H   0.00000000E+00  -8.60040525E-03
       852  O   0.00000000E+00   1.58394904E-02
       853  H   0.00000000E+00  -7.53614121E-03
       854  H   0.00000000E+00  -8.57837635E-03
       855  O   0.00000000E+00   1.70824100E-02
       856  H   0.00000000E+00  -1.15347210E-02
       857  H   0.00000000E+00  -7.64291257E-03
       858  O   0.00000000E+00   6.97232203E-03
       859  H   0.00000000E+00  -7.17058435E-03
       860  H   0.00000000E+00  -9.53421006E-03
       861  O   0.00000000E+00   1.40449976E-02
       862  H   0.00000000E+00  -9.30486159E-03
       863  H   0.00000000E+00  -8.69454078E-03
       864  O   0.00000000E+00   9.98362662E-03
       865  H   0.00000000E+00  -8.63080920E-03
       866  H   0.00000000E+00  -3.58764969E-03
       867  O   0.00000000E+00   1.74324431E-02
       868  H   0.00000000E+00  -9.08759417E-03
       869  H   0.00000000E+00  -8.10262802E-03
       870  O   0.00000000E+00   3.11588413E-02
       871  H   0.00000000E+00  -1.07319637E-02
       872  H   0.00000000E+00  -9.19003114E-03
       873  O   0.00000000E+00   1.21232886E-02
       874  H   0.00000000E+00  -6.47790521E-03
       875  H   0.00000000E+00  -1.10060370E-02
       876  O   0.00000000E+00   1.56595044E-02
       877  H   0.00000000E+00  -8.90159473E-03
       878  H   0.00000000E+00  -9.03486776E-03
       879  O   0.00000000E+00   2.98027351E-03
       880  H   0.00000000E+00  -6.01300593E-03
       881  H   0.00000000E+00  -8.91962701E-03
       882  O   0.00000000E+00   1.47602030E-02
       883  H   0.00000000E+00  -1.06592446E-02
       884  H   0.00000000E+00  -1.27552175E-02
       885  O   0.00000000E+00   1.29062075E-02
       886  H   0.00000000E+00  -4.91334701E-03
       887  H   0.00000000E+00  -1.11604069E-02
       888  O   0.00000000E+00   9.07211232E-03
       889  H   0.00000000E+00  -7.14762118E-03
       890  H   0.00000000E+00  -9.44664416E-03
       891  O   0.00000000E+00   1.45142629E-02
       892  H   0.00000000E+00  -6.73808666E-03
       893  H   0.00000000E+00  -4.91715470E-03
       894  O   0.00000000E+00   1.72818149E-03
       895  H   0.00000000E+00  -5.93422429E-03
       896  H   0.00000000E+00  -7.27201852E-03
       897  O   0.00000000E+00   9.30554954E-04
       898  H   0.00000000E+00  -3.29148827E-03
       899  H   0.00000000E+00  -1.13396527E-02
       900  O   0.00000000E+00   1.12687927E-02
       901  H   0.00000000E+00  -1.05517772E-02
       902  H   0.00000000E+00  -7.71012429E-03
       903  O   0.00000000E+00   9.10773675E-03
       904  H   0.00000000E+00  -3.23351364E-03
       905  H   0.00000000E+00  -3.23854468E-03
       906  O   0.00000000E+00  -3.32908959E-03
       907  H   0.00000000E+00  -6.08136429E-03
       908  H   0.00000000E+00  -8.63658910E-03
       909  O   0.00000000E+00   5.77180332E-03
       910  H   0.00000000E+00  -7.34069436E-03
       911  H   0.00000000E+00  -4.29236911E-03
       912  O   0.00000000E+00   4.61194826E-03
       913  H   0.00000000E+00  -6.43908736E-03
       914  H   0.00000000E+00  -3.64339585E-03
       915  O   0.00000000E+00   1.76890464E-02
       916  H   0.00000000E+00  -5.94887002E-03
       917  H   0.00000000E+00  -1.12823685E-02
       918  O   0.00000000E+00   7.52129984E-03
       919  H   0.00000000E+00  -7.14975168E-03
       920  H   0.00000000E+00  -4.41595493E-03
       921  O   0.00000000E+00   2.32409572E-02
       922  H   0.00000000E+00  -1.76094154E-03
       923  H   0.00000000E+00  -9.41168478E-03
       924  O   0.00000000E+00  -4.10547352E-04
       925  H   0.00000000E+00  -8.44438070E-03
       926  H   0.00000000E+00  -7.54909733E-03
       927  O   0.00000000E+00  -1.93033131E-03
       928  H   0.00000000E+00  -3.63391890E-03
       929  H   0.00000000E+00  -1.00994667E-02
       930  O   0.00000000E+00   5.11318293E-03
       931  H   0.00000000E+00  -5.42326648E-03
       932  H   0.00000000E+00  -2.40293872E-03
       933  O   0.00000000E+00   1.00591835E-02
       934  H   0.00000000E+00  -4.84432629E-03
       935  H   0.00000000E+00  -3.62844357E-03
       936  O   0.00000000E+00  -2.05488747E-02
       937  H   0.00000000E+00   2.40683560E-03
       938  H   0.00000000E+00  -4.79030369E-03
       939  O   0.00000000E+00  -1.05934158E-03
       940  H   0.00000000E+00  -6.84595376E-03
       941  H   0.00000000E+00  -6.23375495E-03
       942  O   0.00000000E+00   8.73566816E-03
       943  H   0.00000000E+00  -5.69584711E-03
       944  H   0.00000000E+00  -8.05143684E-03
       945  O   0.00000000E+00   2.18393410E-02
       946  H   0.00000000E+00  -6.26267106E-03
       947  H   0.00000000E+00  -7.58634202E-03
       948  O   0.00000000E+00   5.36390756E-03
       949  H   0.00000000E+00  -5.13392036E-03
       950  H   0.00000000E+00  -7.56132018E-03
       951  O   0.00000000E+00   2.09337550E-03
       952  H   0.00000000E+00  -4.50334182E-03
       953  H   0.00000000E+00  -5.03242838E-03
       954  O   0.00000000E+00   7.36509442E-03
       955  H   0.00000000E+00  -4.93904759E-03
       956  H   0.00000000E+00  -7.65543901E-03
       957  O   0.00000000E+00   1.56267699E-02
       958  H   0.00000000E+00  -7.95892833E-03
       959  H   0.00000000E+00  -2.84963742E-03
       960  O   0.00000000E+00   4.81235486E-03
       961  H   0.00000000E+00  -3.46402039E-03
       962  H   0.00000000E+00  -5.38039585E-03
       963  O   0.00000000E+00   1.13004872E-02
       964  H   0.00000000E+00  -1.06934610E-02
       965  H   0.00000000E+00  -2.17751915E-03
       966  O   0.00000000E+00   2.20875873E-03
       967  H   0.00000000E+00  -4.86952324E-03
       968  H   0.00000000E+00  -8.50025365E-03
       969  O   0.00000000E+00   1.29908805E-02
       970  H   0.00000000E+00  -8.32362144E-03
       971  H   0.00000000E+00  -8.80430135E-03
       972  O   0.00000000E+00   3.11625676E-02
       973  H   0.00000000E+00  -4.53928417E-03
       974  H   0.00000000E+00  -8.44591021E-03
       975  O   0.00000000E+00   6.37468026E-03
       976  H   0.00000000E+00  -2.37783436E-03
       977  H   0.00000000E+00  -7.01343696E-03
       978  O   0.00000000E+00   2.12560085E-02
       979  H   0.00000000E+00  -7.90825333E-03
       980  H   0.00000000E+00  -7.65810916E-03
       981  O   0.00000000E+00   9.32356870E-03
       982  H   0.00000000E+00  -4.85454498E-03
       983  H   0.00000000E+00  -6.06825607E-03
       984  O   0.00000000E+00  -1.99566557E-03
       985  H   0.00000000E+00  -1.14198993E-02
       986  H   0.00000000E+00  -6.70252521E-03
       987  O   0.00000000E+00   1.34448271E-02
       988  H   0.00000000E+00  -1.28427364E-02
       989  H   0.00000000E+00  -8.79185605E-03
       990  O   0.00000000E+00   2.90614601E-03
       991  H   0.00000000E+00  -5.54164271E-03
       992  H   0.00000000E+00  -5.29919455E-03
       993  O   0.00000000E+00   6.21779537E-03
       994  H   0.00000000E+00  -2.22775801E-03
       995  H   0.00000000E+00  -1.19908048E-02
       996  O   0.00000000E+00   9.30503184E-03
       997  H   0.00000000E+00  -4.67345923E-03
       998  H   0.00000000E+00  -8.09546173E-03
       999  O   0.00000000E+00   2.64317572E-02
      1000  H   0.00000000E+00  -1.04200794E-02
      1001  H   0.00000000E+00  -8.29933360E-03
      1002  O   0.00000000E+00   2.01214241E-02
      1003  H   0.00000000E+00  -7.92357620E-03
      1004  H   0.00000000E+00  -1.14981327E-02
      1005  O   0.00000000E+00   8.45432900E-03
      1006  H   0.00000000E+00  -1.20700888E-02
      1007  H   0.00000000E+00  -7.26071284E-03
      1008  O   0.00000000E+00   4.75453332E-03
      1009  H   0.00000000E+00  -9.70888605E-03
      1010  H   0.00000000E+00  -5.34323328E-03
      1011  O   0.00000000E+00   6.83272313E-03
      1012  H   0.00000000E+00  -6.72898162E-03
      1013  H   0.00000000E+00   1.65080820E-03
      1014  O   0.00000000E+00  -1.85802395E-03
      1015  H   0.00000000E+00  -8.38387869E-03
      1016  H   0.00000000E+00  -2.48452023E-03
      1017  O   0.00000000E+00   7.22575438E-03
      1018  H   0.00000000E+00  -6.17015733E-03
      1019  H   0.00000000E+00  -2.87886344E-03
      1020  O   0.00000000E+00   1.75773468E-02
      1021  H   0.00000000E+00  -1.27177297E-02
      1022  H   0.00000000E+00  -1.04658291E-02
      1023  O   0.00000000E+00   1.11563762E-02
      1024  H   0.00000000E+00  -5.73396078E-03
      1025  H   0.00000000E+00  -1.94920216E-03
      1026  O   0.00000000E+00   7.64772608E-03
      1027  H   0.00000000E+00  -8.66022823E-03
      1028  H   0.00000000E+00  -7.39460570E-03
      1029  O   0.00000000E+00   2.55462779E-02
      1030  H   0.00000000E+00  -1.38565318E-02
      1031  H   0.00000000E+00  -5.38194700E-03
      1032  O   0.00000000E+00  -1.23282959E-04
      1033  H   0.00000000E+00   2.19235717E-03
      1034  H   0.00000000E+00  -9.51314698E-03
      1035  O   0.00000000E+00   2.02635260E-02
      1036  H   0.00000000E+00  -9.52558600E-03
      1037  H   0.00000000E+00  -1.27800952E-02
      1038  O   0.00000000E+00   6.94913438E-03
      1039  H   0.00000000E+00  -8.59392165E-03
      1040  H   0.00000000E+00  -5.79291943E-03
      1041  O   0.00000000E+00   1.32628130E-03
      1042  H   0.00000000E+00  -1.05701791E-02
      1043  H   0.00000000E+00  -6.48888606E-03
      1044  O   0.00000000E+00   3.76486703E-03
      1045  H   0.00000000E+00  -7.06430693E-03
      1046  H   0.00000000E+00  -9.60814163E-03
      1047  O   0.00000000E+00   5.45491317E-03
      1048  H   0.00000000E+00  -7.01582333E-03
      1049  H   0.00000000E+00  -4.37923908E-03
      1050  O   0.00000000E+00   9.69083793E-04
      1051  H   0.00000000E+00  -1.96856049E-03
      1052  H   0.00000000E+00   1.36318098E-03
      1053  O   0.00000000E+00   1.58946189E-02
      1054  H   0.00000000E+00  -1.13186154E-02
      1055  H   0.00000000E+00  -4.79808310E-03
      1056  O   0.00000000E+00  -2.33797534E-04
      1057  H   0.00000000E+00  -8.89606256E-03
      1058  H   0.00000000E+00  -4.07728686E-04
      1059  O   0.00000000E+00   1.19133038E-02
      1060  H   0.00000000E+00  -6.37095812E-03
      1061  H   0.00000000E+00  -8.23841146E-03
      1062  O   0.00000000E+00   1.92024139E-03
      1063  H   0.00000000E+00  -4.77450084E-03
      1064  H   0.00000000E+00  -7.15370982E-03
      1065  O   0.00000000E+00   1.24244083E-02
      1066  H   0.00000000E+00  -1.62546771E-03
      1067  H   0.00000000E+00  -3.45300008E-03
      1068  O   0.00000000E+00   1.69183163E-02
      1069  H   0.00000000E+00  -8.12457499E-03
      1070  H   0.00000000E+00  -5.75428291E-03
      1071  O   0.00000000E+00   1.63176581E-02
      1072  H   0.00000000E+00  -8.13033198E-03
      1073  H   0.00000000E+00  -3.61990875E-03
      1074  O   0.00000000E+00   7.78251452E-03
      1075  H   0.00000000E+00  -6.52226917E-03
      1076  H   0.00000000E+00  -5.02503855E-03
      1077  O   0.00000000E+00   3.43106405E-03
      1078  H   0.00000000E+00  -1.00048070E-02
      1079  H   0.00000000E+00  -1.54567519E-03
