
*******************************************************************************

   NNP LIBRARY v2.0.0
   ------------------

Git branch  : n2p2_training_size
Git revision: 0e4df6f (0e4df6fd828cf869bc711a5277efadde69bdca40)

Number of OpenMP threads: 4
*******************************************************************************

*** SETUP: SETTINGS FILE ******************************************************

Settings file name: input.nn
Read 120 lines.
Found 70 lines with keywords.
*******************************************************************************

*** SETUP: NORMALIZATION ******************************************************

Data set normalization is used.
Mean energy per atom     :  -2.5521343547039809E+01
Conversion factor energy :   2.4265748255366972E+02
Conversion factor length :   5.8038448995319847E+00
*******************************************************************************

*** SETUP: ELEMENT MAP ********************************************************

Number of element strings found: 2
Element  0:  H (  1)
Element  1:  O (  8)
*******************************************************************************

*** SETUP: ELEMENTS ***********************************************************

Number of elements is consistent: 2
Atomic energy offsets per element:
Element  0:   0.00000000E+00
Element  1:   0.00000000E+00
Energy offsets are automatically subtracted from reference energies.
*******************************************************************************

*** SETUP: CUTOFF FUNCTIONS ***************************************************

Parameter alpha for inner cutoff: 0.000000
Inner cutoff = Symmetry function cutoff * alpha
Equal cutoff function type for all symmetry functions:
CutoffFunction::CT_TANHU (2)
f(r) = tanh^3(1 - r/rc)
*******************************************************************************

*** SETUP: SYMMETRY FUNCTIONS *************************************************

Abbreviations:
--------------
ind .... Symmetry function index.
ec ..... Central atom element.
ty ..... Symmetry function type.
e1 ..... Neighbor 1 element.
e2 ..... Neighbor 2 element.
eta .... Gaussian width eta.
rs ..... Shift distance of Gaussian.
la ..... Angle prefactor lambda.
zeta ... Angle term exponent zeta.
rc ..... Cutoff radius.
ct ..... Cutoff type.
ca ..... Cutoff alpha.
ln ..... Line number in settings file.

Short range atomic symmetry functions element  H :
-------------------------------------------------------------------------------
 ind ec ty e1 e2       eta        rs la zeta        rc ct   ca    ln
-------------------------------------------------------------------------------
   1  H  2  H    1.000E-03 0.000E+00         1.200E+01  2 0.00    51
   2  H  2  O    1.000E-03 0.000E+00         1.200E+01  2 0.00    61
   3  H  2  H    1.000E-02 0.000E+00         1.200E+01  2 0.00    52
   4  H  2  O    1.000E-02 0.000E+00         1.200E+01  2 0.00    62
   5  H  2  H    3.000E-02 0.000E+00         1.200E+01  2 0.00    53
   6  H  2  O    3.000E-02 0.000E+00         1.200E+01  2 0.00    63
   7  H  2  H    6.000E-02 0.000E+00         1.200E+01  2 0.00    54
   8  H  2  O    6.000E-02 0.000E+00         1.200E+01  2 0.00    64
   9  H  2  O    1.500E-01 9.000E-01         1.200E+01  2 0.00    65
  10  H  2  H    1.500E-01 1.900E+00         1.200E+01  2 0.00    55
  11  H  2  O    3.000E-01 9.000E-01         1.200E+01  2 0.00    66
  12  H  2  H    3.000E-01 1.900E+00         1.200E+01  2 0.00    56
  13  H  2  O    6.000E-01 9.000E-01         1.200E+01  2 0.00    67
  14  H  2  H    6.000E-01 1.900E+00         1.200E+01  2 0.00    57
  15  H  2  O    1.500E+00 9.000E-01         1.200E+01  2 0.00    68
  16  H  2  H    1.500E+00 1.900E+00         1.200E+01  2 0.00    58
  17  H  3  O  O 1.000E-03 0.000E+00 -1  4.0 1.200E+01  2 0.00   115
  18  H  3  O  O 1.000E-03 0.000E+00  1  4.0 1.200E+01  2 0.00   114
  19  H  3  H  O 1.000E-02 0.000E+00 -1  4.0 1.200E+01  2 0.00   105
  20  H  3  H  O 1.000E-02 0.000E+00  1  4.0 1.200E+01  2 0.00   103
  21  H  3  H  O 3.000E-02 0.000E+00 -1  1.0 1.200E+01  2 0.00   100
  22  H  3  O  O 3.000E-02 0.000E+00 -1  1.0 1.200E+01  2 0.00   113
  23  H  3  H  O 3.000E-02 0.000E+00  1  1.0 1.200E+01  2 0.00    98
  24  H  3  O  O 3.000E-02 0.000E+00  1  1.0 1.200E+01  2 0.00   112
  25  H  3  H  O 7.000E-02 0.000E+00 -1  1.0 1.200E+01  2 0.00    95
  26  H  3  H  O 7.000E-02 0.000E+00  1  1.0 1.200E+01  2 0.00    93
  27  H  3  H  O 2.000E-01 0.000E+00  1  1.0 1.200E+01  2 0.00    90
-------------------------------------------------------------------------------
Short range atomic symmetry functions element  O :
-------------------------------------------------------------------------------
 ind ec ty e1 e2       eta        rs la zeta        rc ct   ca    ln
-------------------------------------------------------------------------------
   1  O  2  H    1.000E-03 0.000E+00         1.200E+01  2 0.00    70
   2  O  2  O    1.000E-03 0.000E+00         1.200E+01  2 0.00    80
   3  O  2  H    1.000E-02 0.000E+00         1.200E+01  2 0.00    71
   4  O  2  O    1.000E-02 0.000E+00         1.200E+01  2 0.00    81
   5  O  2  H    3.000E-02 0.000E+00         1.200E+01  2 0.00    72
   6  O  2  O    3.000E-02 0.000E+00         1.200E+01  2 0.00    82
   7  O  2  H    6.000E-02 0.000E+00         1.200E+01  2 0.00    73
   8  O  2  O    6.000E-02 0.000E+00         1.200E+01  2 0.00    83
   9  O  2  H    1.500E-01 9.000E-01         1.200E+01  2 0.00    74
  10  O  2  O    1.500E-01 4.000E+00         1.200E+01  2 0.00    84
  11  O  2  H    3.000E-01 9.000E-01         1.200E+01  2 0.00    75
  12  O  2  O    3.000E-01 4.000E+00         1.200E+01  2 0.00    85
  13  O  2  H    6.000E-01 9.000E-01         1.200E+01  2 0.00    76
  14  O  2  O    6.000E-01 4.000E+00         1.200E+01  2 0.00    86
  15  O  2  H    1.500E+00 9.000E-01         1.200E+01  2 0.00    77
  16  O  2  O    1.500E+00 4.000E+00         1.200E+01  2 0.00    87
  17  O  3  H  O 1.000E-03 0.000E+00 -1  4.0 1.200E+01  2 0.00   110
  18  O  3  O  O 1.000E-03 0.000E+00 -1  4.0 1.200E+01  2 0.00   120
  19  O  3  H  O 1.000E-03 0.000E+00  1  4.0 1.200E+01  2 0.00   109
  20  O  3  O  O 1.000E-03 0.000E+00  1  4.0 1.200E+01  2 0.00   119
  21  O  3  H  H 1.000E-02 0.000E+00 -1  4.0 1.200E+01  2 0.00   104
  22  O  3  H  H 1.000E-02 0.000E+00  1  4.0 1.200E+01  2 0.00   102
  23  O  3  H  H 3.000E-02 0.000E+00 -1  1.0 1.200E+01  2 0.00    99
  24  O  3  H  O 3.000E-02 0.000E+00 -1  1.0 1.200E+01  2 0.00   108
  25  O  3  O  O 3.000E-02 0.000E+00 -1  1.0 1.200E+01  2 0.00   118
  26  O  3  H  H 3.000E-02 0.000E+00  1  1.0 1.200E+01  2 0.00    97
  27  O  3  H  O 3.000E-02 0.000E+00  1  1.0 1.200E+01  2 0.00   107
  28  O  3  O  O 3.000E-02 0.000E+00  1  1.0 1.200E+01  2 0.00   117
  29  O  3  H  H 7.000E-02 0.000E+00 -1  1.0 1.200E+01  2 0.00    94
  30  O  3  H  H 7.000E-02 0.000E+00  1  1.0 1.200E+01  2 0.00    92
-------------------------------------------------------------------------------
Minimum cutoff radius for element  H: 12.000000
Minimum cutoff radius for element  O: 12.000000
Maximum cutoff radius (global)      : 12.000000
*******************************************************************************

*** SETUP: SYMMETRY FUNCTION GROUPS *******************************************

Abbreviations:
--------------
ind .... Symmetry function group index.
ec ..... Central atom element.
ty ..... Symmetry function type.
e1 ..... Neighbor 1 element.
e2 ..... Neighbor 2 element.
eta .... Gaussian width eta.
rs ..... Shift distance of Gaussian.
la ..... Angle prefactor lambda.
zeta ... Angle term exponent zeta.
rc ..... Cutoff radius.
ct ..... Cutoff type.
ca ..... Cutoff alpha.
ln ..... Line number in settings file.
mi ..... Member index.
sfi .... Symmetry function index.
e ...... Recalculate exponential term.

Short range atomic symmetry function groups element  H :
-------------------------------------------------------------------------------
 ind ec ty e1 e2       eta        rs la zeta        rc ct   ca    ln   mi  sfi e
-------------------------------------------------------------------------------
   1  H  2  H            *         *         1.200E+01  2 0.00     *    *    *  
   -  -  -  -    1.000E-03 0.000E+00                 -  -    -    50    1    1  
   -  -  -  -    1.000E-02 0.000E+00                 -  -    -    51    2    3  
   -  -  -  -    3.000E-02 0.000E+00                 -  -    -    52    3    5  
   -  -  -  -    6.000E-02 0.000E+00                 -  -    -    53    4    7  
   -  -  -  -    1.500E-01 1.900E+00                 -  -    -    54    5   10  
   -  -  -  -    3.000E-01 1.900E+00                 -  -    -    55    6   12  
   -  -  -  -    6.000E-01 1.900E+00                 -  -    -    56    7   14  
   -  -  -  -    1.500E+00 1.900E+00                 -  -    -    57    8   16  
   2  H  2  O            *         *         1.200E+01  2 0.00     *    *    *  
   -  -  -  -    1.000E-03 0.000E+00                 -  -    -    60    1    2  
   -  -  -  -    1.000E-02 0.000E+00                 -  -    -    61    2    4  
   -  -  -  -    3.000E-02 0.000E+00                 -  -    -    62    3    6  
   -  -  -  -    6.000E-02 0.000E+00                 -  -    -    63    4    8  
   -  -  -  -    1.500E-01 9.000E-01                 -  -    -    64    5    9  
   -  -  -  -    3.000E-01 9.000E-01                 -  -    -    65    6   11  
   -  -  -  -    6.000E-01 9.000E-01                 -  -    -    66    7   13  
   -  -  -  -    1.500E+00 9.000E-01                 -  -    -    67    8   15  
   3  H  3  H  O         *         *  *    * 1.200E+01  2 0.00     *    *    * *
   -  -  -  -  - 1.000E-02 0.000E+00 -1  4.0         -  -    -   104    1   19 1
   -  -  -  -  - 1.000E-02 0.000E+00  1  4.0         -  -    -   102    2   20 0
   -  -  -  -  - 3.000E-02 0.000E+00 -1  1.0         -  -    -    99    3   21 1
   -  -  -  -  - 3.000E-02 0.000E+00  1  1.0         -  -    -    97    4   23 0
   -  -  -  -  - 7.000E-02 0.000E+00 -1  1.0         -  -    -    94    5   25 1
   -  -  -  -  - 7.000E-02 0.000E+00  1  1.0         -  -    -    92    6   26 0
   -  -  -  -  - 2.000E-01 0.000E+00  1  1.0         -  -    -    89    7   27 1
   4  H  3  O  O         *         *  *    * 1.200E+01  2 0.00     *    *    * *
   -  -  -  -  - 1.000E-03 0.000E+00 -1  4.0         -  -    -   114    1   17 1
   -  -  -  -  - 1.000E-03 0.000E+00  1  4.0         -  -    -   113    2   18 0
   -  -  -  -  - 3.000E-02 0.000E+00 -1  1.0         -  -    -   112    3   22 1
   -  -  -  -  - 3.000E-02 0.000E+00  1  1.0         -  -    -   111    4   24 0
-------------------------------------------------------------------------------
Short range atomic symmetry function groups element  O :
-------------------------------------------------------------------------------
 ind ec ty e1 e2       eta        rs la zeta        rc ct   ca    ln   mi  sfi e
-------------------------------------------------------------------------------
   1  O  2  H            *         *         1.200E+01  2 0.00     *    *    *  
   -  -  -  -    1.000E-03 0.000E+00                 -  -    -    69    1    1  
   -  -  -  -    1.000E-02 0.000E+00                 -  -    -    70    2    3  
   -  -  -  -    3.000E-02 0.000E+00                 -  -    -    71    3    5  
   -  -  -  -    6.000E-02 0.000E+00                 -  -    -    72    4    7  
   -  -  -  -    1.500E-01 9.000E-01                 -  -    -    73    5    9  
   -  -  -  -    3.000E-01 9.000E-01                 -  -    -    74    6   11  
   -  -  -  -    6.000E-01 9.000E-01                 -  -    -    75    7   13  
   -  -  -  -    1.500E+00 9.000E-01                 -  -    -    76    8   15  
   2  O  2  O            *         *         1.200E+01  2 0.00     *    *    *  
   -  -  -  -    1.000E-03 0.000E+00                 -  -    -    79    1    2  
   -  -  -  -    1.000E-02 0.000E+00                 -  -    -    80    2    4  
   -  -  -  -    3.000E-02 0.000E+00                 -  -    -    81    3    6  
   -  -  -  -    6.000E-02 0.000E+00                 -  -    -    82    4    8  
   -  -  -  -    1.500E-01 4.000E+00                 -  -    -    83    5   10  
   -  -  -  -    3.000E-01 4.000E+00                 -  -    -    84    6   12  
   -  -  -  -    6.000E-01 4.000E+00                 -  -    -    85    7   14  
   -  -  -  -    1.500E+00 4.000E+00                 -  -    -    86    8   16  
   3  O  3  H  H         *         *  *    * 1.200E+01  2 0.00     *    *    * *
   -  -  -  -  - 1.000E-02 0.000E+00 -1  4.0         -  -    -   103    1   21 1
   -  -  -  -  - 1.000E-02 0.000E+00  1  4.0         -  -    -   101    2   22 0
   -  -  -  -  - 3.000E-02 0.000E+00 -1  1.0         -  -    -    98    3   23 1
   -  -  -  -  - 3.000E-02 0.000E+00  1  1.0         -  -    -    96    4   26 0
   -  -  -  -  - 7.000E-02 0.000E+00 -1  1.0         -  -    -    93    5   29 1
   -  -  -  -  - 7.000E-02 0.000E+00  1  1.0         -  -    -    91    6   30 0
   4  O  3  H  O         *         *  *    * 1.200E+01  2 0.00     *    *    * *
   -  -  -  -  - 1.000E-03 0.000E+00 -1  4.0         -  -    -   109    1   17 1
   -  -  -  -  - 1.000E-03 0.000E+00  1  4.0         -  -    -   108    2   19 0
   -  -  -  -  - 3.000E-02 0.000E+00 -1  1.0         -  -    -   107    3   24 1
   -  -  -  -  - 3.000E-02 0.000E+00  1  1.0         -  -    -   106    4   27 0
   5  O  3  O  O         *         *  *    * 1.200E+01  2 0.00     *    *    * *
   -  -  -  -  - 1.000E-03 0.000E+00 -1  4.0         -  -    -   119    1   18 1
   -  -  -  -  - 1.000E-03 0.000E+00  1  4.0         -  -    -   118    2   20 0
   -  -  -  -  - 3.000E-02 0.000E+00 -1  1.0         -  -    -   117    3   25 1
   -  -  -  -  - 3.000E-02 0.000E+00  1  1.0         -  -    -   116    4   28 0
-------------------------------------------------------------------------------
*******************************************************************************

*** SETUP: NEURAL NETWORKS ****************************************************

Normalize neurons (all elements): 0
-------------------------------------------------------------------------------
Atomic short range NN for element  H :
Number of weights    :   1325
Number of biases     :     51
Number of connections:   1376
Architecture       27   25   25    1
-------------------------------------------------------------------------------
   1   G   t   t   l
   2   G   t   t
   3   G   t   t
   4   G   t   t
   5   G   t   t
   6   G   t   t
   7   G   t   t
   8   G   t   t
   9   G   t   t
  10   G   t   t
  11   G   t   t
  12   G   t   t
  13   G   t   t
  14   G   t   t
  15   G   t   t
  16   G   t   t
  17   G   t   t
  18   G   t   t
  19   G   t   t
  20   G   t   t
  21   G   t   t
  22   G   t   t
  23   G   t   t
  24   G   t   t
  25   G   t   t
  26   G
  27   G
-------------------------------------------------------------------------------
Atomic short range NN for element  O :
Number of weights    :   1400
Number of biases     :     51
Number of connections:   1451
Architecture       30   25   25    1
-------------------------------------------------------------------------------
   1   G   t   t   l
   2   G   t   t
   3   G   t   t
   4   G   t   t
   5   G   t   t
   6   G   t   t
   7   G   t   t
   8   G   t   t
   9   G   t   t
  10   G   t   t
  11   G   t   t
  12   G   t   t
  13   G   t   t
  14   G   t   t
  15   G   t   t
  16   G   t   t
  17   G   t   t
  18   G   t   t
  19   G   t   t
  20   G   t   t
  21   G   t   t
  22   G   t   t
  23   G   t   t
  24   G   t   t
  25   G   t   t
  26   G
  27   G
  28   G
  29   G
  30   G
-------------------------------------------------------------------------------
*******************************************************************************

*** SETUP: SYMMETRY FUNCTION SCALING ******************************************

Equal scaling type for all symmetry functions:
Scaling type::ST_SCALECENTER (3)
Gs = Smin + (Smax - Smin) * (G - Gmean) / (Gmax - Gmin)
Smin = 0.000000
Smax = 1.000000
Symmetry function scaling statistics from file: scaling.data
-------------------------------------------------------------------------------

Abbreviations:
--------------
ind ..... Symmetry function index.
min ..... Minimum symmetry function value.
max ..... Maximum symmetry function value.
mean .... Mean symmetry function value.
sigma ... Standard deviation of symmetry function values.
sf ...... Scaling factor for derivatives.
Smin .... Desired minimum scaled symmetry function value.
Smax .... Desired maximum scaled symmetry function value.
t ....... Scaling type.

Scaling data for symmetry functions element  H :
-------------------------------------------------------------------------------
 ind       min       max      mean     sigma        sf  Smin  Smax t
-------------------------------------------------------------------------------
   1  1.09E+00  9.62E+00  2.27E+00  6.79E-01  1.17E-01  0.00  1.00 3
   2  7.33E-01  5.00E+00  1.33E+00  3.39E-01  2.34E-01  0.00  1.00 3
   3  7.60E-01  7.14E+00  1.65E+00  5.08E-01  1.57E-01  0.00  1.00 3
   4  5.48E-01  3.77E+00  1.02E+00  2.54E-01  3.11E-01  0.00  1.00 3
   5  4.01E-01  4.15E+00  9.09E-01  2.98E-01  2.67E-01  0.00  1.00 3
   6  3.62E-01  2.27E+00  6.49E-01  1.48E-01  5.25E-01  0.00  1.00 3
   7  1.89E-01  2.23E+00  4.57E-01  1.60E-01  4.90E-01  0.00  1.00 3
   8  2.67E-01  1.32E+00  4.24E-01  8.05E-02  9.49E-01  0.00  1.00 3
   9  2.45E-01  9.48E-01  3.62E-01  5.30E-02  1.42E+00  0.00  1.00 3
  10  2.22E-01  2.76E+00  5.39E-01  2.01E-01  3.94E-01  0.00  1.00 3
  11  1.47E-01  5.56E-01  2.68E-01  2.62E-02  2.45E+00  0.00  1.00 3
  12  9.91E-02  1.73E+00  2.96E-01  1.16E-01  6.14E-01  0.00  1.00 3
  13  6.51E-02  3.45E-01  1.85E-01  1.97E-02  3.57E+00  0.00  1.00 3
  14  3.17E-02  9.13E-01  1.50E-01  5.35E-02  1.13E+00  0.00  1.00 3
  15  2.92E-03  2.65E-01  7.65E-02  1.88E-02  3.82E+00  0.00  1.00 3
  16  3.21E-04  2.87E-01  4.58E-02  2.33E-02  3.49E+00  0.00  1.00 3
  17  2.47E-04  1.38E-01  1.77E-02  9.75E-03  7.23E+00  0.00  1.00 3
  18  5.10E-03  5.83E-01  2.39E-02  3.78E-02  1.73E+00  0.00  1.00 3
  19  3.23E-04  2.16E-01  1.71E-02  1.40E-02  4.63E+00  0.00  1.00 3
  20  4.96E-02  1.69E+00  1.45E-01  1.10E-01  6.11E-01  0.00  1.00 3
  21  3.41E-03  3.16E-01  1.84E-02  2.01E-02  3.20E+00  0.00  1.00 3
  22  1.31E-04  1.03E-01  6.37E-03  6.61E-03  9.76E+00  0.00  1.00 3
  23  3.38E-02  9.16E-01  8.13E-02  5.79E-02  1.13E+00  0.00  1.00 3
  24  4.17E-04  1.58E-01  4.66E-03  9.86E-03  6.35E+00  0.00  1.00 3
  25  7.35E-04  5.92E-02  3.70E-03  3.31E-03  1.71E+01  0.00  1.00 3
  26  8.98E-03  1.94E-01  2.41E-02  1.10E-02  5.40E+00  0.00  1.00 3
  27  2.12E-04  8.78E-03  2.06E-03  5.88E-04  1.17E+02  0.00  1.00 3
-------------------------------------------------------------------------------
Scaling data for symmetry functions element  O :
-------------------------------------------------------------------------------
 ind       min       max      mean     sigma        sf  Smin  Smax t
-------------------------------------------------------------------------------
   1  1.51E+00  1.00E+01  2.65E+00  6.78E-01  1.18E-01  0.00  1.00 3
   2  4.44E-01  4.62E+00  9.66E-01  3.37E-01  2.39E-01  0.00  1.00 3
   3  1.19E+00  7.53E+00  2.03E+00  5.06E-01  1.58E-01  0.00  1.00 3
   4  2.76E-01  3.39E+00  6.59E-01  2.50E-01  3.21E-01  0.00  1.00 3
   5  8.06E-01  4.54E+00  1.30E+00  2.94E-01  2.68E-01  0.00  1.00 3
   6  1.05E-01  1.89E+00  3.07E-01  1.42E-01  5.60E-01  0.00  1.00 3
   7  5.69E-01  2.62E+00  8.48E-01  1.57E-01  4.89E-01  0.00  1.00 3
   8  2.33E-02  9.36E-01  1.11E-01  6.98E-02  1.10E+00  0.00  1.00 3
   9  5.14E-01  1.85E+00  7.25E-01  9.80E-02  7.46E-01  0.00  1.00 3
  10  1.11E-01  2.91E+00  4.75E-01  2.34E-01  3.57E-01  0.00  1.00 3
  11  3.53E-01  1.07E+00  5.35E-01  4.52E-02  1.39E+00  0.00  1.00 3
  12  3.04E-02  2.53E+00  3.17E-01  2.10E-01  4.00E-01  0.00  1.00 3
  13  1.60E-01  6.63E-01  3.70E-01  3.08E-02  1.99E+00  0.00  1.00 3
  14  2.78E-03  2.30E+00  1.77E-01  1.86E-01  4.35E-01  0.00  1.00 3
  15  9.56E-03  3.91E-01  1.53E-01  2.79E-02  2.62E+00  0.00  1.00 3
  16  3.75E-06  2.04E+00  5.41E-02  1.43E-01  4.91E-01  0.00  1.00 3
  17  2.47E-03  3.43E-01  1.67E-02  2.19E-02  2.93E+00  0.00  1.00 3
  18  1.74E-05  5.63E-02  9.55E-04  3.36E-03  1.78E+01  0.00  1.00 3
  19  5.48E-02  3.02E+00  2.04E-01  2.01E-01  3.37E-01  0.00  1.00 3
  20  1.38E-03  4.99E-01  1.28E-02  3.18E-02  2.01E+00  0.00  1.00 3
  21  6.69E-03  2.67E-01  3.09E-02  1.71E-02  3.84E+00  0.00  1.00 3
  22  1.70E-02  1.42E+00  7.63E-02  9.29E-02  7.14E-01  0.00  1.00 3
  23  1.98E-02  4.08E-01  4.88E-02  2.55E-02  2.58E+00  0.00  1.00 3
  24  5.28E-04  2.33E-01  7.21E-03  1.45E-02  4.30E+00  0.00  1.00 3
  25  1.11E-05  3.53E-02  4.25E-04  2.05E-03  2.83E+01  0.00  1.00 3
  26  1.60E-02  8.22E-01  5.08E-02  5.28E-02  1.24E+00  0.00  1.00 3
  27  3.99E-03  7.86E-01  3.69E-02  5.05E-02  1.28E+00  0.00  1.00 3
  28  4.05E-05  9.84E-02  1.21E-03  5.79E-03  1.02E+01  0.00  1.00 3
  29  6.04E-03  9.93E-02  1.62E-02  5.52E-03  1.07E+01  0.00  1.00 3
  30  2.96E-03  1.55E-01  1.16E-02  8.94E-03  6.59E+00  0.00  1.00 3
-------------------------------------------------------------------------------
*******************************************************************************

*** SETUP: NEURAL NETWORK WEIGHTS *********************************************

Weight file name format: weights.%03zu.data
Weight file for element  H: weights.001.data
Weight file for element  O: weights.008.data
*******************************************************************************

*** SETUP: SYMMETRY FUNCTION STATISTICS ***************************************

Equal symmetry function statistics for all elements.
Collect min/max/mean/sigma                        : 0
Collect extrapolation warnings                    : 0
Write extrapolation warnings immediately to stderr: 1
Halt on any extrapolation warning                 : 0
*******************************************************************************

*** PREDICTION ****************************************************************

Reading structure file...
Structure contains 1080 atoms (2 elements).
Calculating NNP prediction...

-------------------------------------------------------------------------------
NNP energy:  -2.75645473E+04

NNP forces:
         1  O  -2.89660301E-02   2.72095998E-03   3.97370214E-03
         2  H   7.98774238E-03   3.32976047E-03  -1.01638330E-02
         3  H   1.18069028E-02  -9.49625097E-03   6.63343658E-03
         4  O   1.58114603E-03   1.50108414E-03  -1.91253456E-02
         5  H  -5.59046661E-03   8.94407619E-03  -2.23070103E-03
         6  H   3.01737375E-04  -1.01259575E-02   1.38573559E-02
         7  O  -7.80967126E-04  -1.67088140E-03  -4.69678066E-03
         8  H   2.24274610E-03  -5.08242407E-03   2.83147010E-03
         9  H   1.43702093E-03   6.00233905E-03   6.12526798E-04
        10  O  -2.34704279E-03  -3.63775225E-02  -2.51160718E-02
        11  H  -5.40416012E-03   2.60317761E-02   1.36993832E-02
        12  H   2.23180592E-02   1.15764132E-02   1.18816498E-02
        13  O  -3.72110476E-03  -3.05350380E-02  -6.94183042E-03
        14  H  -1.39535531E-03   3.00144161E-02   2.74800415E-03
        15  H  -1.04113988E-03   2.78821511E-04   4.41910314E-03
        16  O  -3.36659879E-03  -6.85772887E-03  -2.88767842E-02
        17  H  -3.99916640E-03   2.40985859E-03   1.99008676E-02
        18  H   9.59840171E-03   3.97233732E-03   1.67574856E-02
        19  O   3.22197501E-02  -2.52329644E-02   1.18698760E-02
        20  H  -3.21395032E-02   1.51632487E-02  -5.81784495E-03
        21  H   2.48547399E-03   1.21719766E-02  -1.35947616E-02
        22  O  -2.43669841E-02   4.05657359E-03  -1.86306088E-02
        23  H   3.21454294E-03  -4.60213908E-03   1.64444334E-02
        24  H   1.76727492E-02  -5.47746421E-03   6.21346797E-03
        25  O  -8.56700703E-03  -1.63220150E-02   1.53058105E-02
        26  H   1.56239186E-02   1.29074520E-02  -8.92099219E-03
        27  H   2.52448398E-03   2.44424160E-03  -1.07191828E-02
        28  O  -2.28918176E-02   2.57872401E-02   3.85240863E-02
        29  H   1.92178374E-02   3.22692072E-03  -2.27934792E-02
        30  H  -1.10305838E-03  -3.17109524E-02  -1.14006786E-02
        31  O  -1.97163802E-02  -2.83744062E-03   1.10554409E-02
        32  H  -5.61753707E-03   4.35974767E-03   9.12692578E-03
        33  H   2.33602672E-02  -3.09340512E-03  -1.81226202E-02
        34  O   1.26799211E-02   1.55813909E-03  -2.76330205E-02
        35  H  -6.20615810E-03  -8.00516968E-03  -9.60060172E-03
        36  H  -6.50916174E-03   4.63282133E-03   3.65446847E-02
        37  O  -3.45553093E-03  -1.65839124E-02   2.46795251E-02
        38  H  -1.76770008E-03  -6.10420964E-04  -5.65903895E-03
        39  H   6.00346359E-03   1.93807852E-02  -1.12777657E-02
        40  O  -6.71480579E-04   3.01525673E-03  -2.40828033E-02
        41  H   3.53861768E-03   7.65330104E-03   1.12327398E-02
        42  H   2.66823428E-03  -8.43859406E-03   6.27215691E-03
        43  O  -2.76816298E-03   3.13783207E-02  -3.67826445E-02
        44  H   5.71989339E-03  -3.41834935E-02   8.61113987E-03
        45  H   3.74226752E-03  -1.32465189E-03   2.49025619E-02
        46  O   1.11653088E-02   7.66964387E-03  -6.08110505E-02
        47  H   7.05063258E-03  -1.70598733E-02   1.85893131E-02
        48  H  -1.46803733E-02   1.24739154E-02   4.08204067E-02
        49  O  -2.21358900E-02  -2.71716847E-02  -8.55940020E-03
        50  H   1.25378240E-03  -1.99890862E-03  -6.40808756E-03
        51  H   1.87941145E-02   3.52409839E-02   5.83350141E-03
        52  O  -4.17532235E-02  -1.84668889E-02  -5.09076488E-02
        53  H   2.89120026E-02   3.32180852E-02   4.12570681E-02
        54  H   1.42139908E-02  -1.83969889E-02   5.73428756E-03
        55  O  -1.63935110E-02   3.51171985E-02  -9.04350103E-03
        56  H  -1.01593264E-03  -2.57850459E-02   1.07302120E-03
        57  H   2.34889309E-02  -5.62016732E-03   1.21592129E-02
        58  O  -1.84377196E-02  -1.20015772E-02  -2.90899228E-02
        59  H  -3.09854979E-03  -9.50949559E-04   3.58159332E-03
        60  H   1.89128035E-02   7.44074606E-03   2.31917217E-02
        61  O   2.13468697E-02  -4.06789047E-02   3.35738797E-02
        62  H   2.45968308E-04   2.98370313E-02  -1.01480289E-02
        63  H  -1.97130798E-02   9.99254202E-03  -3.30245234E-02
        64  O  -1.17534281E-02   1.49882590E-02   1.05762619E-02
        65  H   6.52198782E-03  -9.99351303E-03   9.13154996E-03
        66  H   5.86029497E-03  -4.03112924E-03  -1.56237196E-02
        67  O  -2.08121347E-02  -1.69269828E-02   6.40131382E-03
        68  H   2.04473538E-02   1.94388336E-02  -1.03631311E-02
        69  H   4.39922693E-03   5.34575522E-03  -5.60095841E-03
        70  O   1.07341791E-02  -3.90626999E-03   6.30642196E-03
        71  H  -3.00007739E-03  -1.15395103E-02  -6.00348707E-03
        72  H  -4.07110299E-03   1.36942374E-02   2.93974978E-03
        73  O  -4.93204717E-03  -1.23015618E-02  -1.08711454E-02
        74  H  -3.23646043E-03   2.41749296E-02   1.29566172E-02
        75  H   9.84277952E-03  -8.15308250E-03   2.87682664E-04
        76  O   1.41263189E-02   4.21552515E-02   2.59871340E-02
        77  H   1.47162596E-03   4.65346433E-03  -7.96698958E-03
        78  H  -3.09225830E-03  -4.28959237E-02  -1.62169142E-02
        79  O   2.20230081E-03   2.12051567E-03   1.80702714E-02
        80  H  -7.86989717E-03   1.10644531E-03  -2.48751694E-03
        81  H   2.58888795E-03  -4.61696502E-03  -9.49591014E-03
        82  O  -3.84862203E-02  -3.46766607E-02  -1.15113072E-03
        83  H   3.23350262E-02   5.43373664E-03   1.36617767E-02
        84  H   3.27908992E-03   2.48921264E-02  -1.25682591E-02
        85  O   2.50305004E-03   1.89112658E-03   1.86299706E-02
        86  H  -1.39436865E-02   7.65349816E-03  -7.91334284E-04
        87  H   4.37616350E-03  -8.42069348E-03  -1.50461246E-02
        88  O  -1.94969591E-02  -1.36645521E-04  -2.51309415E-02
        89  H   1.24927039E-02  -6.41153914E-03   2.09072139E-02
        90  H   8.52782430E-03   8.00644935E-03   7.20696423E-03
        91  O   4.06565423E-03  -8.31181641E-03  -1.09825465E-02
        92  H  -1.46181143E-02  -1.49329168E-03  -1.01187925E-02
        93  H   1.10594181E-02   8.95589788E-03   2.22802780E-02
        94  O  -8.91536729E-03   1.80909939E-02   1.57166934E-02
        95  H  -1.36114469E-02  -6.57227917E-03  -1.73786284E-02
        96  H   1.92585138E-02  -1.48825873E-02   3.66797719E-03
        97  O  -6.75743830E-03   6.26319631E-03   1.14029533E-02
        98  H  -2.10240808E-03   1.45472722E-03   9.09015402E-03
        99  H   9.36152115E-03  -1.05584714E-02  -2.72016900E-02
       100  O   1.07352890E-02   1.15071243E-02   2.59270326E-03
       101  H   3.00820675E-03   1.10469383E-03  -1.96030607E-03
       102  H  -5.63510936E-03  -1.46929072E-02  -7.17626043E-03
       103  O   5.72763874E-03   2.02695285E-02   8.14179255E-03
       104  H  -1.00519926E-02  -1.58866956E-02  -1.83853155E-03
       105  H   6.08935114E-03  -1.28713754E-02   6.56593598E-04
       106  O   3.86667605E-02   1.67540471E-03  -1.30408760E-02
       107  H  -7.44549851E-03   8.66843181E-04   8.20459394E-03
       108  H  -2.74053376E-02  -5.10164101E-03   4.55723108E-03
       109  O   4.66969464E-03  -7.35452084E-03  -8.19797668E-03
       110  H  -9.93479885E-03  -3.78837150E-03   1.72315125E-02
       111  H  -1.27968120E-03   1.28948877E-02  -7.35118960E-03
       112  O  -2.33484282E-02  -1.50032941E-02  -1.80232441E-02
       113  H   5.28660091E-04   9.06874360E-04   1.21362762E-02
       114  H   1.95050873E-02   9.90678682E-03   6.65044996E-03
       115  O  -1.85052135E-02   2.96934691E-02  -2.91210317E-02
       116  H   1.44077634E-02  -2.98229523E-02   2.40926762E-02
       117  H   3.79888038E-03  -3.21891020E-03  -7.83167390E-04
       118  O  -5.77025176E-04   1.53270885E-03   8.80073075E-04
       119  H   9.13226785E-03   3.69293960E-03  -3.61111092E-03
       120  H  -3.47745250E-03  -1.51123705E-03   7.58893198E-03
       121  O   1.11964631E-02  -3.34926745E-02   3.23243629E-02
       122  H   1.74264903E-03   2.75132297E-02   5.97787257E-03
       123  H  -8.77370196E-03   1.14752343E-02  -3.42108371E-02
       124  O   8.92122253E-03  -7.35197668E-03  -4.85107833E-02
       125  H   3.03324452E-02   2.16056129E-03   1.99526841E-02
       126  H  -3.45104492E-02   4.88940653E-03   1.97909014E-02
       127  O  -4.74615239E-02   3.21019869E-04  -1.80792557E-02
       128  H   1.27394608E-02  -1.51515868E-02  -1.01114558E-02
       129  H   2.49879559E-02   1.09664519E-02   2.98392776E-02
       130  O  -1.26104048E-03   2.04263569E-03   1.56969386E-02
       131  H   1.30498059E-03   2.76924583E-03  -1.13888240E-02
       132  H  -1.88458095E-03   1.21112419E-04  -4.63586752E-03
       133  O   1.85924939E-03   1.62700724E-02  -7.22360765E-03
       134  H   1.02694834E-03  -1.50065165E-03  -7.70102327E-04
       135  H  -1.57626734E-03  -1.51951094E-02   7.88561094E-03
       136  O   8.71645854E-03  -1.45328915E-02  -1.20002062E-02
       137  H   5.77559048E-03   4.56196987E-03   1.68506051E-02
       138  H  -1.30259880E-02   1.12741531E-02  -5.97120744E-03
       139  O   1.89071073E-02  -4.10649671E-03  -3.36875815E-03
       140  H  -7.02167526E-03  -5.62501143E-04   6.32959760E-03
       141  H  -1.94374460E-02   6.36638512E-03   6.12748492E-03
       142  O   3.44679600E-02  -1.62580388E-02   1.88405821E-02
       143  H  -2.31532833E-02   6.51401641E-03  -3.36245955E-02
       144  H  -1.59786374E-02   1.02188786E-02   1.18321600E-02
       145  O   1.19298070E-03  -1.02452230E-02   4.52241491E-03
       146  H  -1.34757519E-02   2.37137011E-03  -1.70735622E-03
       147  H   1.33290259E-02   3.55373057E-03  -3.41602953E-03
       148  O   1.38555083E-03  -1.46749905E-02  -7.63033627E-03
       149  H  -8.21543920E-03   1.30445568E-02  -1.56343178E-03
       150  H   7.46042770E-03   1.19583773E-03   9.09391066E-03
       151  O   1.27230771E-03   4.57858060E-02   6.32303394E-03
       152  H  -3.61877792E-03  -1.80408558E-02   1.02690451E-02
       153  H  -2.00609600E-03  -2.22010515E-02  -1.79716289E-02
       154  O  -6.72631681E-03   1.38464765E-02  -9.23078916E-03
       155  H   2.82243571E-03   1.10832363E-03   9.99968424E-03
       156  H   2.16102823E-03  -1.06548159E-02  -1.39724548E-03
       157  O  -2.85716044E-03  -1.83689660E-02  -7.24504307E-03
       158  H  -7.27045353E-04   1.15548543E-02  -3.21605193E-03
       159  H   5.37334945E-03   6.21904617E-03   6.80208610E-03
       160  O   5.37315525E-03   6.21299337E-03   6.21446729E-03
       161  H  -2.08002066E-02  -2.79062467E-03  -9.84161092E-03
       162  H   1.94678157E-02  -1.49993445E-03   7.92858460E-03
       163  O   2.25796911E-02   7.55129850E-03  -4.90018719E-05
       164  H  -1.49833880E-02  -3.98964450E-04   6.31786934E-04
       165  H  -7.29614550E-04  -2.71719698E-03   3.42292489E-03
       166  O   2.31968923E-02   1.50344474E-02  -8.95729805E-03
       167  H  -1.45011364E-02  -6.39453436E-03   7.35211079E-03
       168  H  -8.77894661E-03  -1.28280872E-02   3.83100927E-03
       169  O   3.11197638E-02  -3.13626615E-02   3.10043444E-02
       170  H  -2.15204605E-02   1.45655362E-02   1.15110109E-02
       171  H  -1.58960865E-02   1.71491574E-02  -3.88620575E-02
       172  O  -1.07499522E-03  -3.26026406E-02  -2.05512399E-02
       173  H  -1.50102270E-02   2.29019315E-02  -2.94021766E-04
       174  H   1.69709192E-02   1.17650458E-02   1.28134562E-02
       175  O   3.66907001E-03   1.54560945E-02   5.30935042E-03
       176  H  -2.10432682E-03  -2.89892222E-03   9.05193754E-04
       177  H   4.03283239E-03  -7.06088450E-03  -8.88364581E-03
       178  O   1.38703266E-02   3.74017863E-03   5.22616350E-03
       179  H  -1.99727308E-02  -1.08146034E-02  -3.01077610E-03
       180  H   5.61799825E-03   7.10952015E-03  -8.88015624E-03
       181  O  -1.88869145E-03   7.53589647E-03   3.25639705E-02
       182  H  -4.76014296E-04  -4.51632990E-03  -2.51368855E-02
       183  H  -2.74271512E-04   8.15468848E-04  -7.80138796E-03
       184  O  -3.18815269E-02   1.32936314E-03  -3.40073327E-02
       185  H   2.35165528E-02  -1.63093228E-02   2.62774132E-02
       186  H   1.58394664E-02   1.72797729E-02   8.64134142E-04
       187  O  -1.83626259E-03   1.18552787E-03  -6.27678806E-03
       188  H   3.23731099E-03   7.43865008E-03   5.66185014E-03
       189  H  -2.77708118E-03  -7.79521178E-03   7.91664664E-03
       190  O  -1.67073027E-02  -1.03621543E-02   1.28002278E-02
       191  H  -3.72219434E-03  -1.10235139E-02  -1.52360731E-02
       192  H   2.20077429E-02   2.40969625E-02   1.58908825E-03
       193  O   7.55680062E-03  -9.77734538E-03  -4.75781707E-03
       194  H   2.72323011E-03  -2.14202807E-03   7.45882807E-03
       195  H  -1.75018618E-02   2.65286765E-03   1.48847252E-04
       196  O  -6.12283022E-03   1.14279186E-02  -7.94008900E-03
       197  H   1.91377600E-03  -2.77249089E-02   1.44986138E-02
       198  H   1.22527910E-02   1.66005263E-02  -1.88480360E-03
       199  O  -3.63083090E-04  -2.21742053E-02   5.77334380E-03
       200  H  -7.24469783E-03   9.28494751E-03  -7.41274017E-04
       201  H   2.94776215E-03   1.25073222E-02   2.84577303E-03
       202  O   1.06903095E-02  -2.05729805E-02  -1.05971859E-02
       203  H   4.10275343E-03   2.40811691E-02  -4.66287798E-03
       204  H  -1.39451209E-02  -2.01927165E-03   1.36972437E-02
       205  O  -5.08151847E-03  -1.45448776E-02  -8.97298183E-03
       206  H  -7.12144381E-03   8.56281079E-03   9.77709040E-03
       207  H   1.66390800E-03   5.60396219E-03   3.54744150E-03
       208  O   3.09816347E-02  -1.98048831E-03  -8.39512261E-03
       209  H  -6.11879268E-03   7.38944845E-03  -9.88268234E-03
       210  H  -2.44663756E-02  -2.54800811E-03   1.21960653E-02
       211  O  -1.12507124E-02  -1.28284327E-02  -1.18768111E-02
       212  H  -5.47435455E-04   1.27657930E-02   1.50064005E-02
       213  H   1.64875631E-02   1.83207441E-03  -2.59177522E-03
       214  O   1.99941968E-04  -1.47733411E-03   2.90736750E-02
       215  H   4.73894457E-03  -6.91712999E-04  -1.87202371E-02
       216  H  -7.83831864E-04  -6.46713752E-04  -3.73936937E-03
       217  O  -2.32510526E-03   8.69130193E-03  -3.53869680E-02
       218  H  -1.03868694E-02   7.06052701E-03   3.04445489E-02
       219  H   9.35521492E-03  -8.99439215E-03   9.74568076E-03
       220  O  -1.43629777E-02  -1.38938407E-02  -1.72879664E-02
       221  H  -4.76586421E-04  -2.33895846E-03   8.70833073E-03
       222  H   6.69753043E-03   1.49053501E-02  -2.89226399E-03
       223  O   1.36114419E-02   6.23052333E-03  -6.49173342E-03
       224  H  -1.55669020E-02  -1.96102046E-02   1.48617472E-02
       225  H   2.10331678E-03   1.61143514E-02  -1.19779971E-02
       226  O  -1.04397343E-02  -5.22549147E-03  -1.72121683E-03
       227  H   1.05443510E-02   7.48386809E-03  -1.21289851E-02
       228  H   1.58667460E-04   2.91037861E-03   1.01325039E-02
       229  O   9.65204274E-03   6.75547383E-03  -3.75152012E-03
       230  H  -2.43703511E-03   5.66231010E-03  -5.88023284E-03
       231  H  -1.19998115E-02  -9.39336876E-03   1.68550912E-03
       232  O   2.57972788E-02   4.76426619E-02   2.31615919E-02
       233  H  -1.73766759E-02  -3.54874779E-02  -3.70773004E-02
       234  H  -7.21002206E-03  -1.78264472E-02   1.41464396E-02
       235  O  -1.33853189E-02  -1.52493665E-02   7.52071971E-04
       236  H  -1.75916357E-04  -4.25977581E-03   4.59760534E-03
       237  H   1.34414414E-02   5.13359462E-03  -8.00074408E-03
       238  O   3.95012158E-02  -5.97078381E-03   2.14802312E-02
       239  H  -4.42868912E-03  -2.87681916E-03  -7.09206730E-03
       240  H  -2.28950534E-02   6.40499649E-03  -5.12293179E-03
       241  O   4.68445947E-03   1.03096304E-02  -3.45649510E-02
       242  H   1.09307652E-02   3.53852813E-03  -4.85047955E-03
       243  H  -1.53281805E-02  -9.97383445E-03   3.74979083E-02
       244  O  -2.49624126E-02  -2.56445813E-02   2.74735222E-02
       245  H   2.54358577E-02   2.20015420E-02  -3.37155098E-02
       246  H  -8.18750398E-03   1.03883538E-02   1.65049411E-02
       247  O   1.68849336E-03  -5.54936400E-04   1.25576503E-02
       248  H  -2.97519475E-03   8.07048675E-03  -1.94381648E-03
       249  H   9.58613658E-03  -5.73029647E-03  -2.39713327E-03
       250  O  -6.37600460E-03   4.80101530E-03  -2.04082068E-02
       251  H   6.01374635E-03   1.93225667E-03   1.84451402E-02
       252  H   7.31889470E-03  -9.32458203E-03   6.23200526E-03
       253  O  -3.38083257E-03   3.17836918E-02  -1.34622845E-02
       254  H  -1.08169142E-02  -4.51330535E-03   1.55199357E-02
       255  H   1.50845310E-02  -2.44347840E-02  -6.97519528E-04
       256  O  -1.02104860E-02  -9.74437355E-03  -8.31607046E-03
       257  H   7.80027514E-03   1.44271296E-02   1.08207132E-02
       258  H   7.42331683E-04  -7.24464953E-03  -5.16453952E-03
       259  O   1.66058746E-02  -1.14593319E-02  -2.12137176E-04
       260  H   2.84640194E-03  -3.08683182E-03   8.99476148E-04
       261  H  -1.28892034E-02   9.77073588E-03  -1.42583610E-03
       262  O  -2.25367116E-02  -2.37895875E-02  -1.48686527E-02
       263  H   8.65788073E-03   1.66773828E-04  -7.81136664E-03
       264  H   4.21896048E-03   2.05980230E-02   1.61976863E-02
       265  O  -1.32448304E-02   1.39106110E-02   1.96814430E-03
       266  H   1.69412829E-03  -1.14479389E-02  -3.68681108E-04
       267  H   1.17288985E-02  -5.44756073E-03  -8.98387979E-03
       268  O  -3.44783948E-03   4.13101805E-02   3.08300912E-02
       269  H   2.41371296E-03  -6.07838249E-03   4.75032168E-03
       270  H  -5.10261246E-03  -2.72672082E-02  -3.54045296E-02
       271  O  -2.77182329E-02  -4.95449212E-03  -1.04365338E-02
       272  H  -6.58762756E-03   4.32983847E-04   6.40356640E-04
       273  H   3.23040717E-02   4.53001113E-03   1.34200358E-02
       274  O   1.53874589E-02   2.48444820E-02  -6.57598790E-03
       275  H  -5.73977181E-03  -7.66206932E-04   6.56824904E-03
       276  H  -9.17328795E-03  -2.40595424E-02   2.24938785E-03
       277  O  -3.50603655E-02   4.79286038E-02  -8.07116647E-03
       278  H  -9.57948658E-03  -1.88514782E-03  -8.66079246E-03
       279  H   4.14118917E-02  -4.71740115E-02   1.96873186E-02
       280  O  -1.19602889E-02  -1.67406609E-02  -6.51035176E-02
       281  H  -4.91271725E-03  -3.54793030E-03   8.91872121E-04
       282  H   1.42375422E-02   1.89921036E-02   6.63222302E-02
       283  O  -3.00480963E-02   2.87138539E-02   1.29893811E-02
       284  H   8.86710006E-03  -1.49320517E-02  -2.36393048E-02
       285  H   1.99577383E-02  -1.68527783E-02   7.76749865E-03
       286  O  -8.54875313E-03   2.45240014E-02  -1.98172439E-03
       287  H   1.15371105E-02  -1.42387107E-02   2.37648342E-03
       288  H   2.14080561E-03  -7.90068921E-03  -1.91839812E-03
       289  O  -3.36992436E-03   2.53877642E-02   2.86798621E-02
       290  H  -1.33307755E-02  -1.05124201E-02  -3.29757080E-02
       291  H   1.85098333E-02  -1.44657051E-02   1.13053647E-03
       292  O   2.53669767E-02  -9.75975231E-03  -4.57894528E-02
       293  H  -1.97820790E-02   1.35031259E-02   5.70850263E-03
       294  H  -3.04613538E-03  -3.82908187E-03   4.20888364E-02
       295  O  -5.52364224E-03   5.26077513E-04   4.74023087E-03
       296  H  -5.46868023E-03   1.63600211E-02  -2.89683749E-03
       297  H   7.48535276E-03  -2.44800708E-02  -1.19127590E-02
       298  O  -4.28374593E-03   7.46462140E-03   8.09201517E-03
       299  H  -7.02369235E-03   5.97616166E-03  -2.90184997E-03
       300  H   1.67907982E-02  -1.16742349E-02  -7.98708011E-04
       301  O  -3.51691087E-02   3.56484497E-02   2.32579776E-02
       302  H   9.94632924E-03  -2.58210903E-02   6.98949319E-03
       303  H   2.28959013E-02  -2.81353859E-03  -2.76066006E-02
       304  O   1.11073964E-02  -5.54978470E-03   3.70255799E-03
       305  H  -1.90629084E-03  -1.18345135E-02  -6.81641513E-04
       306  H  -5.11980887E-04   1.11626025E-02   4.44256918E-03
       307  O  -5.17700230E-03  -5.73391131E-03  -6.18226968E-03
       308  H  -3.34190182E-03   4.96553841E-04  -8.58564452E-03
       309  H   1.07699789E-02   7.48962321E-03   1.49514935E-02
       310  O   1.42892042E-02   3.37559187E-03  -1.15636539E-02
       311  H  -5.61468342E-03   7.77809415E-03   6.00845476E-03
       312  H  -1.24210789E-02  -1.08593222E-02   7.12067584E-03
       313  O  -1.55251296E-02   1.93164902E-02  -2.41730601E-02
       314  H   5.12139971E-03  -9.15370039E-03   1.16607924E-02
       315  H   1.28969243E-02  -7.51603317E-03   1.59210483E-02
       316  O   1.44902269E-02  -8.73939692E-03   1.23489640E-03
       317  H  -8.41432528E-03   9.77257411E-03  -1.03778928E-02
       318  H  -3.33436471E-03   3.33459831E-04   4.65288334E-03
       319  O   2.47277654E-03  -8.06817040E-04  -3.04637373E-03
       320  H  -6.27995803E-03   2.70376294E-03  -5.18496675E-03
       321  H   4.96761602E-05  -6.42280225E-03   6.06144593E-03
       322  O  -5.27403484E-03  -7.50290927E-03   1.57177978E-02
       323  H   1.74681414E-03  -4.89876862E-03  -1.41423562E-03
       324  H   5.80559437E-03   9.46410638E-03  -1.69029394E-02
       325  O  -9.04604611E-03   3.36367156E-02   1.01321320E-03
       326  H   3.78545545E-03  -2.87744125E-02   4.38560814E-04
       327  H   6.94525259E-03  -5.87100999E-04  -6.28047265E-03
       328  O   1.09997596E-02  -1.75087799E-02  -1.90462072E-02
       329  H  -2.14946179E-02   7.36895993E-04   3.08710215E-02
       330  H   1.05918170E-02   1.39553056E-02  -1.03594982E-02
       331  O  -2.60554881E-02  -1.27006193E-02   4.16524470E-03
       332  H   6.28783286E-03   1.43421709E-02  -1.90487338E-03
       333  H   1.78382773E-02   2.65856720E-04   6.72454646E-04
       334  O   7.27188746E-04  -1.97200388E-03   1.94338535E-03
       335  H   9.94554910E-04  -9.49318545E-03  -1.17010739E-04
       336  H  -7.42081643E-04   1.38812027E-02   2.44273516E-03
       337  O   1.34932016E-02   3.87523709E-03  -9.02532428E-03
       338  H   2.06556812E-03  -1.79410587E-03   3.63089329E-03
       339  H  -1.59263008E-02  -3.67999120E-03   3.97124017E-03
       340  O   1.04816403E-02   1.13838516E-03   4.89189217E-03
       341  H   3.05714009E-03   6.61955940E-03   3.94669282E-03
       342  H  -1.05492831E-02  -8.47119518E-03  -5.79220763E-03
       343  O  -2.90623439E-03  -2.15331104E-03   1.11128800E-02
       344  H   6.97420011E-03   2.02180742E-03  -7.84561845E-03
       345  H   1.28916533E-03  -2.36043026E-03  -5.53735286E-03
       346  O  -3.11977550E-02   3.21825158E-03  -1.98476050E-02
       347  H   2.38625592E-02   9.67550298E-03   1.33435257E-03
       348  H   8.34572936E-04  -1.05919097E-02   1.32527411E-02
       349  O  -1.25782956E-02   1.37728819E-02   2.06557706E-02
       350  H   5.31032034E-03  -1.44256745E-02  -8.17776421E-03
       351  H  -2.80397617E-05   3.00328000E-03  -1.18043040E-02
       352  O  -2.48040417E-02   2.33528514E-02   3.87233738E-03
       353  H  -1.11551193E-04   1.58221746E-02   9.90367413E-03
       354  H   2.76891718E-02  -3.48715255E-02  -1.66582238E-02
       355  O  -1.27691993E-02  -2.78571800E-03  -9.83100656E-03
       356  H   9.84629872E-03   1.26066367E-05   1.66967055E-02
       357  H   1.03296751E-02  -7.94854269E-03  -5.11900248E-03
       358  O   5.54156698E-02   5.64483489E-02  -5.06240273E-02
       359  H  -4.72171517E-02  -5.27807560E-02   3.06211923E-02
       360  H  -6.07352198E-03  -5.11936127E-03   2.03150466E-02
       361  O  -2.04466023E-02   1.29967595E-02   1.16977208E-02
       362  H   4.40541509E-03  -6.57340221E-03  -1.03575713E-02
       363  H   1.34759947E-02  -4.49383692E-03   2.87279598E-03
       364  O  -2.35442427E-02  -5.82495180E-02   1.79711839E-02
       365  H   1.83605267E-02   1.60715325E-02   1.36249623E-02
       366  H  -1.91137025E-03   3.43954237E-02  -3.07539121E-02
       367  O   1.97989521E-02  -7.84016643E-03  -1.11430871E-02
       368  H  -6.10710198E-03  -4.10854696E-03  -1.84470979E-03
       369  H  -1.19579963E-02   1.46459479E-02   9.86390385E-03
       370  O  -1.62766143E-02  -1.95925730E-02   9.36743860E-03
       371  H   3.22117890E-03   1.80767509E-02   1.30282199E-03
       372  H   1.13844410E-02   1.29528821E-03  -7.40679579E-03
       373  O   3.63144991E-02  -1.43030186E-02   2.24856709E-02
       374  H  -1.85392860E-02   1.15926649E-02   6.39938808E-03
       375  H  -1.43925515E-02  -3.98945627E-04  -2.68037265E-02
       376  O  -2.82322030E-02   1.24683025E-03  -3.42323550E-03
       377  H   5.02979101E-03  -7.02596519E-03  -7.29117380E-03
       378  H   1.14613235E-02  -3.81230932E-03   1.12306676E-02
       379  O  -1.65360888E-02   3.05058892E-02  -6.29217852E-03
       380  H   3.48676365E-03  -3.59636195E-03   4.54194473E-03
       381  H   1.62502725E-02  -2.52311951E-02   8.49127439E-03
       382  O   9.11391361E-03  -1.31539754E-02   3.06055190E-04
       383  H  -3.88151935E-03   9.59988337E-03   4.17443071E-03
       384  H  -8.08967142E-03  -3.20505504E-03  -5.10440073E-03
       385  O   5.59415923E-03   8.96077995E-03   1.07025004E-02
       386  H  -1.10206503E-04  -3.28176294E-03  -1.91086896E-03
       387  H  -5.21621966E-03  -4.51696414E-03  -6.18196532E-03
       388  O   7.07611812E-03   1.77871386E-02  -6.85338896E-05
       389  H   1.58186098E-03   7.05671638E-03   3.69143066E-03
       390  H  -1.22884147E-02  -2.14797640E-02  -2.97048415E-03
       391  O  -1.38828236E-03   5.23625322E-03   8.05059760E-03
       392  H  -1.32640662E-02   1.67765554E-04   8.58363461E-04
       393  H   9.91025198E-03  -4.11519319E-05   9.73866744E-04
       394  O  -5.32093859E-03  -7.27261779E-03   2.80414546E-02
       395  H   1.36095959E-02   4.68519046E-03  -5.88888209E-03
       396  H  -8.82116548E-03  -2.87819990E-03  -2.47147719E-02
       397  O  -4.11237285E-03   2.88788814E-02   2.61594755E-02
       398  H   1.88289155E-02  -1.10907687E-02  -8.39305628E-03
       399  H  -1.28655323E-02  -2.19294513E-02  -1.78186424E-02
       400  O   1.02034805E-02   8.37700280E-03  -3.55793048E-02
       401  H  -6.14055576E-05   5.84280452E-03   1.87970721E-02
       402  H   1.52516756E-03  -1.17593303E-02   2.04953177E-02
       403  O   1.44431342E-02   2.16644769E-02   2.61249250E-02
       404  H  -7.40070149E-03  -1.98726374E-02  -2.64599112E-03
       405  H  -4.85382758E-03  -2.34870854E-03  -2.02227964E-02
       406  O  -2.54415461E-02  -2.64111210E-02  -2.35040274E-02
       407  H   1.18219463E-02   2.36683975E-02   2.09100530E-02
       408  H   1.35715241E-02   1.37953856E-03   5.56315111E-03
       409  O   1.90207272E-02   4.85420603E-03  -2.28214175E-02
       410  H  -1.39101827E-02  -8.05553393E-03   1.77202172E-02
       411  H  -1.76164534E-03   2.22810821E-03   3.56001681E-03
       412  O  -1.21325337E-02   5.78144919E-02   1.26907587E-02
       413  H   1.39268831E-02  -5.65186425E-02  -1.74284666E-02
       414  H   8.05575581E-03  -7.05400291E-03  -1.94840470E-03
       415  O  -2.25147425E-02   6.37023060E-04  -1.07344020E-03
       416  H  -1.75726249E-03  -2.85916503E-03  -1.67798363E-02
       417  H   2.32760025E-02   5.41610104E-03   1.31823562E-02
       418  O   2.11940125E-02   8.20492572E-03  -3.61204420E-02
       419  H  -7.15632322E-03  -1.57297942E-02   1.70088518E-02
       420  H  -1.40209516E-02   8.16415118E-03   1.82427526E-02
       421  O  -1.34564056E-02  -8.27747204E-03  -2.69290533E-02
       422  H   4.49031149E-03   2.04901769E-02   2.14540892E-02
       423  H   5.66593986E-03  -9.57401339E-03   7.17778683E-03
       424  O   1.90946378E-02   1.61911533E-02   2.30159021E-03
       425  H  -1.15434651E-02  -5.21508511E-03  -7.71003668E-03
       426  H  -8.39721311E-04  -7.06893066E-03   7.77081923E-03
       427  O  -4.63443955E-03  -7.95091408E-03  -1.64446043E-02
       428  H   5.41359786E-03  -7.18522245E-03   1.23226173E-02
       429  H  -2.11695073E-03   1.05548545E-02   6.36029140E-03
       430  O   3.54806353E-02   2.91938460E-02   5.25010001E-03
       431  H  -3.33503638E-02  -2.74944463E-02  -1.04871581E-02
       432  H   2.02052048E-03  -4.07798673E-03   1.03446138E-03
       433  O   1.45049024E-02  -4.05637969E-02   1.40169068E-02
       434  H  -1.87023793E-02   7.32526076E-03  -8.45432197E-03
       435  H   3.53476485E-03   3.12173072E-02  -5.04893800E-03
       436  O  -2.87643402E-02   1.06944883E-02  -8.71410049E-03
       437  H   1.80536344E-02  -1.52280865E-03   5.98483329E-03
       438  H   4.72938983E-03   2.42778581E-03  -4.66910141E-03
       439  O  -8.98560819E-03   6.00277781E-03   1.62174795E-02
       440  H  -6.36626425E-03  -3.63871357E-03  -7.04969161E-03
       441  H   1.11454765E-02   2.05739546E-03  -7.73917101E-03
       442  O   1.07721209E-02   2.44981425E-02   1.67644490E-02
       443  H  -8.77989273E-03  -3.04633286E-02  -7.24901942E-03
       444  H  -2.15855958E-03   2.27673546E-03  -9.31471841E-03
       445  O   2.04121844E-02   3.65876005E-02   4.92428578E-02
       446  H  -3.18587174E-02  -9.87800128E-03  -1.34123961E-02
       447  H   1.29646734E-02  -1.73369569E-02  -2.99749747E-02
       448  O  -1.06623275E-02  -6.98582911E-03  -3.35394092E-03
       449  H   2.13753986E-03  -6.07294894E-03   4.28936399E-03
       450  H   9.20988380E-03   1.28705080E-02  -1.65171355E-03
       451  O   1.65852532E-02   4.69261734E-02  -1.25036700E-02
       452  H  -4.01939353E-03  -3.84507082E-03   7.29557360E-03
       453  H  -1.66583070E-02  -4.78558962E-02  -5.79981288E-05
       454  O   4.94229398E-03   2.05262569E-02  -1.46274492E-04
       455  H  -6.69444622E-03  -3.30851926E-02   1.70647866E-02
       456  H  -5.66682932E-04   1.14773769E-02  -1.20049040E-02
       457  O  -4.43792061E-03  -2.70844635E-02   1.40612170E-02
       458  H  -1.23334867E-03   1.24950077E-02  -8.27245241E-03
       459  H   4.86064632E-03   1.94805409E-02  -9.53171072E-03
       460  O   8.20854420E-03   8.66551570E-03   8.41102705E-04
       461  H   5.08918361E-03  -1.22870155E-02  -3.74486503E-04
       462  H  -1.02607430E-02  -4.27009239E-03   1.32244711E-03
       463  O  -5.47396110E-03   1.02638812E-02  -2.94285424E-03
       464  H  -2.08717769E-05  -1.23786240E-02  -4.11531040E-03
       465  H   1.13387134E-03   4.02881220E-03   2.60766539E-03
       466  O   1.37120882E-02  -1.53221723E-02   4.22443245E-02
       467  H  -2.70350314E-03   9.47544567E-04  -3.02788162E-02
       468  H  -1.34664389E-02   9.35311729E-03  -7.14699584E-03
       469  O   1.30259242E-02  -9.42843349E-04  -2.13480870E-02
       470  H  -8.25457793E-03  -3.57576916E-03   1.24102299E-02
       471  H  -6.65393535E-03   1.63642118E-03   9.08519924E-03
       472  O  -1.90318653E-03  -2.11769097E-02   6.39009493E-03
       473  H   3.69981772E-03   9.51575756E-03   2.94117167E-03
       474  H   2.41048375E-03   8.33541349E-03  -9.42825169E-03
       475  O   5.46803080E-05  -9.35110784E-03  -2.83176953E-02
       476  H   8.71646170E-04   3.60442750E-03   2.83506258E-02
       477  H   3.02356558E-03   8.12455840E-03  -2.45073215E-04
       478  O   2.15796244E-03  -8.95752411E-04  -1.62213059E-02
       479  H  -1.82076688E-02  -1.79620501E-02   1.61226045E-02
       480  H   1.61467986E-02   1.78630618E-02   1.26805417E-03
       481  O   1.30915647E-02  -1.05322372E-02   3.59966982E-03
       482  H   7.11322682E-04   8.95532837E-03   4.91094518E-03
       483  H  -9.28384700E-03   8.81303865E-04  -3.05699403E-03
       484  O  -3.75282612E-02   2.54022679E-03   1.72844164E-02
       485  H   9.60124857E-03   8.90500984E-03   1.16183163E-02
       486  H   3.43062982E-02  -9.31636593E-03  -2.91669091E-02
       487  O   1.41135974E-02   3.66692652E-02  -3.05984832E-02
       488  H  -5.37456722E-03   3.08056657E-03   1.86990819E-02
       489  H  -5.33556475E-03  -2.97858419E-02   1.34546704E-02
       490  O   1.85547849E-02  -3.32183768E-02   2.31901141E-02
       491  H  -1.32778602E-02   1.40093791E-03  -9.92402921E-03
       492  H  -2.61451150E-03   3.59682438E-02  -1.76173487E-02
       493  O  -2.15761447E-02   1.68374640E-02   1.59650546E-02
       494  H   1.65781900E-02  -1.39146049E-03  -2.07416451E-02
       495  H   6.13329189E-03  -1.73206941E-02   3.82789292E-03
       496  O  -2.57695855E-02   1.00946650E-02  -5.10878192E-03
       497  H   3.80301658E-02  -1.06948458E-02   5.00287835E-03
       498  H  -1.12926084E-02   2.28385606E-03   6.42027720E-03
       499  O   2.04821322E-03  -1.05877883E-02  -4.60780039E-02
       500  H  -5.92189497E-03   1.06656314E-02   1.26205833E-02
       501  H   3.62260566E-03   1.62314559E-03   1.74640630E-02
       502  O   3.10423031E-03   2.03428061E-02  -5.26176768E-03
       503  H  -1.03315416E-02   1.11514968E-03   7.45221423E-03
       504  H  -2.01549325E-03  -2.24992782E-02   1.73434074E-03
       505  O   8.36089302E-03   1.16570998E-02   2.63335461E-03
       506  H  -1.66935692E-03  -3.18485060E-03   3.35739858E-03
       507  H  -1.00550177E-02  -5.20251652E-03  -8.81523696E-03
       508  O   2.82738070E-04   4.65451265E-03   1.00625884E-02
       509  H  -2.35490005E-03  -7.03790101E-03  -1.62553180E-03
       510  H  -2.00590795E-03   1.20829119E-03  -7.49441969E-03
       511  O   1.44702048E-02  -2.38852655E-03   1.14625509E-03
       512  H  -6.88344244E-03   6.25639591E-03  -3.77296320E-03
       513  H  -1.05283921E-03   3.15019288E-03   5.24402597E-03
       514  O  -6.42840668E-03  -1.08518262E-02  -1.67037855E-02
       515  H  -7.15190684E-03  -1.75078128E-03   3.21469442E-04
       516  H  -4.04283033E-03   8.51661494E-03   1.26965458E-02
       517  O  -7.66841551E-03   2.77380633E-03  -3.28094724E-03
       518  H   3.49203270E-03  -9.33434927E-04   5.59226982E-03
       519  H   4.30274903E-03   6.51690359E-03  -3.36628998E-03
       520  O  -3.75383254E-02  -1.30585487E-02  -2.64482691E-03
       521  H   5.24643749E-03   1.25890109E-02   1.07617529E-02
       522  H   2.93372137E-02  -3.29417433E-03  -2.34462603E-03
       523  O   9.25320495E-03  -2.47017795E-03  -7.27960323E-04
       524  H  -3.45566063E-03   1.04629060E-02   1.33939660E-02
       525  H  -4.80953423E-03  -2.60375318E-03  -1.01172197E-02
       526  O   1.40573205E-02   1.16823013E-02  -1.61636221E-02
       527  H  -1.50193846E-02  -7.52427311E-03   3.62410406E-03
       528  H  -2.20414012E-03  -8.43636493E-03   1.37444074E-02
       529  O   2.21360996E-02   1.08365591E-02  -1.74249420E-02
       530  H  -3.65538744E-03   8.09929017E-03   1.49389877E-02
       531  H  -2.40113331E-02  -1.99709233E-02   1.09561078E-02
       532  O   9.70576168E-03  -2.26003130E-02   7.60556952E-03
       533  H  -2.27661436E-03   1.39993315E-02  -7.90100697E-03
       534  H  -7.95542705E-03   6.07412965E-03  -6.16813769E-03
       535  O   1.55767754E-02  -1.28236405E-02   2.66293208E-03
       536  H  -5.83083577E-03  -1.42575900E-02  -6.46075807E-03
       537  H   1.00398698E-03   2.33088897E-02  -1.06156394E-03
       538  O   7.69878061E-03   3.23766846E-03  -3.17201909E-03
       539  H   3.58080709E-03  -2.42183261E-03   8.86211371E-03
       540  H  -5.68976749E-03   1.77449335E-03  -4.10939973E-03
       541  O   1.96226399E-02  -2.13082743E-02   1.96711659E-02
       542  H  -4.10075515E-03   1.89562590E-02  -6.11153575E-03
       543  H  -1.40754714E-02  -6.88214724E-03  -1.50638497E-02
       544  O  -1.97199447E-02   9.98199993E-04  -9.09028123E-03
       545  H   5.09642839E-03  -7.28478685E-04   5.88462619E-03
       546  H   1.11616697E-02  -3.69062281E-03   4.31085642E-03
       547  O  -1.15773185E-02   6.19786463E-02   3.92665259E-02
       548  H   1.76078161E-02   6.59003780E-03  -1.22992337E-02
       549  H  -9.50205667E-03  -7.39291521E-02  -2.64009345E-02
       550  O   1.68455075E-02  -2.28241051E-02   1.77195075E-02
       551  H  -1.20982198E-02   1.31754032E-02  -1.20015906E-02
       552  H  -3.90781302E-03   6.83811521E-03  -2.22865575E-04
       553  O   7.79714337E-03  -2.80866179E-02  -1.13784211E-03
       554  H  -1.55285406E-02   2.38862093E-02  -1.22177111E-02
       555  H   4.71341815E-03   9.06327737E-03   6.24868502E-03
       556  O  -1.45879853E-02   4.10684699E-02  -1.46867246E-02
       557  H  -3.09172098E-03  -9.02477238E-03  -1.20731626E-02
       558  H   1.47997236E-02  -2.73907557E-02   2.32800446E-02
       559  O  -3.65122806E-02   2.83776531E-02   1.28500263E-02
       560  H   1.11691404E-02  -9.00829159E-03   1.27789273E-03
       561  H   1.69163671E-02  -1.80138310E-02  -1.10612185E-02
       562  O  -1.67639147E-02   9.40675493E-03   3.41052910E-02
       563  H   1.63389392E-02  -5.82532422E-03  -3.02235621E-02
       564  H   1.14116764E-03   2.79967009E-04   9.41071534E-04
       565  O   1.47245935E-02   1.59636891E-03   1.34955713E-02
       566  H  -3.04487545E-02   8.21450620E-03  -1.26608989E-02
       567  H   1.96012700E-02  -9.42545999E-03   2.84526102E-03
       568  O  -2.46987301E-02   5.89649268E-03  -3.04958759E-03
       569  H   1.91961722E-02   1.40370053E-03   1.68678937E-02
       570  H   7.51308267E-03   4.24820930E-04  -1.05483046E-02
       571  O  -5.63541556E-02  -8.49128763E-03  -2.84589174E-02
       572  H   2.80041495E-02  -4.67555013E-03   3.18272800E-02
       573  H   2.87209165E-02   1.18930046E-02  -7.97230849E-03
       574  O   4.22399107E-03  -4.88344230E-03   2.97277827E-02
       575  H  -5.36916769E-03   8.45500772E-03  -8.29521237E-03
       576  H  -1.12268495E-03  -4.69717076E-03  -1.45748914E-02
       577  O  -4.20315305E-03   2.36435667E-03  -1.80069269E-03
       578  H   5.24727067E-03  -3.65296045E-03  -2.70054538E-04
       579  H   2.76087893E-03  -3.69142231E-03  -1.48906787E-03
       580  O   4.20641604E-02   1.14313838E-02  -4.68656617E-02
       581  H  -3.61560514E-03   4.63208563E-04   1.01343835E-03
       582  H  -4.03606582E-02  -8.86337671E-03   4.58233842E-02
       583  O   2.45372838E-02  -4.08035527E-02   1.89749811E-02
       584  H  -9.66128816E-03   8.20653215E-03  -1.44637329E-02
       585  H  -1.53291407E-02   3.40084513E-02  -2.05314130E-03
       586  O  -7.13012355E-03   3.62003302E-02  -3.09233458E-02
       587  H  -1.29970141E-03  -1.98769617E-02   1.59181788E-02
       588  H   9.95019093E-03  -2.20463871E-02   1.69598021E-02
       589  O   7.86949629E-03  -5.85287433E-03  -6.75939875E-03
       590  H   8.34001080E-03  -1.48693415E-03  -4.97646561E-04
       591  H  -2.37805526E-02   6.21825655E-03   1.03673022E-02
       592  O   5.44978575E-03   1.92232837E-02  -6.52619467E-03
       593  H  -3.52549124E-03  -1.12513955E-02   2.06429975E-02
       594  H  -5.16279255E-03  -1.26648882E-02  -6.30655931E-03
       595  O   1.22499116E-02  -1.05429186E-04  -2.33063223E-02
       596  H   8.87549776E-05  -1.53945001E-02   1.81131387E-02
       597  H  -1.08514207E-02   1.30719816E-02   6.00572034E-04
       598  O  -7.33404354E-03  -4.72358684E-02   1.67389434E-02
       599  H   4.00441546E-03   1.11415853E-02  -2.62017403E-02
       600  H  -7.14006164E-03   3.47013601E-02   7.82827474E-05
       601  O  -8.92537060E-03   1.59803038E-02  -1.46720961E-02
       602  H   2.06772095E-04  -8.91902256E-03   7.08625810E-03
       603  H   7.37564751E-03  -1.04291660E-03   4.34197778E-03
       604  O   6.28710929E-03   1.16546958E-04  -1.19207560E-02
       605  H   7.90558523E-03  -2.61794449E-04   5.61336297E-03
       606  H  -1.63936390E-02   1.83786260E-03   5.85964280E-03
       607  O  -5.31704670E-02   3.00245900E-02  -1.69058092E-02
       608  H   5.03146712E-02  -2.95608561E-02   1.60021027E-02
       609  H  -2.12402832E-04   3.34852108E-03   2.03884294E-03
       610  O   1.27768851E-02   8.93911780E-03   1.76800107E-02
       611  H  -3.98718846E-03  -4.67629778E-03   1.45601581E-02
       612  H  -1.35638601E-02  -1.13044205E-02  -2.38828833E-02
       613  O  -1.19324160E-02  -3.91868991E-02  -3.33594213E-02
       614  H   1.63455720E-02   3.14434382E-02  -2.04225116E-02
       615  H  -2.18010020E-03   6.34747021E-03   5.49058800E-02
       616  O  -3.67367014E-02   2.44414159E-02  -7.77626792E-03
       617  H   2.82674076E-02  -3.11473058E-02   1.32886344E-03
       618  H   7.12362388E-03   4.50850509E-03   6.04286923E-03
       619  O   2.59824172E-02  -1.70540615E-02  -4.64389623E-03
       620  H  -4.57783467E-02  -9.44213545E-04   7.09644776E-03
       621  H   2.37382002E-02   2.89121076E-02  -1.02699764E-03
       622  O  -5.14199729E-03  -1.14956092E-03  -6.79042811E-03
       623  H   1.20025707E-02   9.21189051E-03  -1.99469522E-04
       624  H  -1.22286011E-02  -7.95676961E-03   3.24239310E-03
       625  O   2.94712641E-02  -6.02300359E-03   1.24200636E-03
       626  H  -3.22584366E-02  -1.30616378E-02  -1.02410648E-02
       627  H   4.02500179E-03   1.79865909E-02   7.72925218E-03
       628  O  -2.63043583E-02  -8.58983735E-05  -2.10394977E-02
       629  H   1.33051082E-02  -1.08445728E-02   9.34797727E-03
       630  H   1.50665261E-02   1.11908967E-03   1.16228576E-02
       631  O  -6.51354425E-03  -1.29885221E-02  -2.63554661E-02
       632  H   8.27721233E-03   1.09356640E-02   2.30336483E-02
       633  H   8.59054687E-04  -2.47555710E-03   3.51956054E-03
       634  O   3.18631058E-02   6.15086354E-03   1.25468043E-02
       635  H  -1.00465922E-02  -1.82056546E-03   9.69986462E-03
       636  H  -1.74244124E-02  -5.43139749E-03  -1.89116740E-02
       637  O  -6.32912911E-03  -1.52317434E-04  -1.77213918E-02
       638  H   3.01460369E-03   1.80572934E-04   9.46740531E-03
       639  H  -2.09569411E-03  -2.10378165E-03   7.05979105E-03
       640  O  -1.78184153E-02  -2.89053078E-03   1.83754510E-02
       641  H   1.28354252E-02   8.70665241E-04  -2.39420949E-03
       642  H   1.03179722E-02  -2.79574874E-04  -1.29040121E-02
       643  O  -4.05388336E-02  -2.09001812E-02   1.30303389E-02
       644  H   1.70907509E-02   2.11220482E-02   4.66554501E-03
       645  H   2.76887055E-02  -1.02222939E-02  -2.27826442E-02
       646  O  -7.71632873E-03   4.96017792E-03   5.97646717E-03
       647  H   2.50453949E-04   1.62489784E-03   1.59701397E-02
       648  H   9.75261031E-03  -1.66171973E-03  -1.70672057E-02
       649  O  -5.18934013E-03   3.05395204E-02  -2.22478343E-02
       650  H   1.58514050E-02   3.13983160E-03   5.54095025E-03
       651  H  -8.34025256E-03  -3.61766837E-02   2.11291145E-02
       652  O  -1.47609944E-02  -1.21583911E-03  -8.18704273E-04
       653  H  -3.43031662E-03   1.70406045E-02   5.57279411E-03
       654  H   1.72531627E-02  -1.11018043E-03  -6.82688499E-03
       655  O  -6.81042318E-03  -9.12294451E-03  -3.75364302E-03
       656  H  -5.20068549E-03   9.65188002E-03  -4.54334534E-03
       657  H   1.21326563E-03  -5.04028014E-03   1.10857919E-02
       658  O  -1.69279242E-02   3.74939820E-02   2.96499307E-02
       659  H   2.21754648E-02  -2.47155612E-02  -2.35759823E-02
       660  H  -5.75428110E-03  -6.32270959E-03  -4.49290342E-03
       661  O   5.56750090E-03   3.33330588E-03  -1.56893228E-02
       662  H   1.19590930E-02   1.53287121E-02  -1.67434740E-04
       663  H  -1.39405886E-02  -1.48687589E-02   1.82632578E-02
       664  O   1.97135238E-03  -4.10591700E-02   1.41898089E-02
       665  H   2.03274990E-03   2.72770907E-02   7.82535925E-03
       666  H  -7.42793533E-03   1.23209818E-02  -1.45842893E-02
       667  O  -1.46210341E-02  -1.61835817E-02   4.68089141E-03
       668  H   3.87191999E-03   1.65379036E-03  -2.98497863E-04
       669  H   9.19995006E-03   1.37417704E-02  -1.52813955E-03
       670  O  -3.37299685E-02   1.32265902E-03   9.12554943E-03
       671  H   1.94984462E-02  -1.17624511E-02  -9.02967582E-03
       672  H   1.12939838E-02   8.77217296E-03  -2.83692072E-03
       673  O  -7.57575485E-03  -1.77436482E-02   6.16599620E-03
       674  H  -1.20869679E-03   1.09299999E-02  -9.60761695E-03
       675  H   7.00173228E-03   5.98308425E-03   1.79330054E-03
       676  O  -1.88220943E-03   1.00107763E-02  -1.03369641E-02
       677  H   3.48397629E-03  -1.14423674E-02   8.59640071E-03
       678  H   3.61263911E-03   3.73207439E-03   2.40404813E-04
       679  O   7.18861883E-03  -5.63882592E-03   3.46518444E-02
       680  H   1.78756341E-02   5.94835942E-03  -3.18504934E-02
       681  H  -2.16825176E-02  -1.16401046E-03  -1.22872447E-02
       682  O   4.66831339E-02   2.48274824E-02   7.65531045E-03
       683  H  -1.18830414E-02  -3.50778121E-02  -5.60652711E-03
       684  H  -2.94379139E-02   1.47483015E-03   7.32194251E-03
       685  O  -3.93245444E-02  -2.61144362E-02  -2.62950731E-02
       686  H   2.85329557E-02   1.32024682E-02   3.56940426E-02
       687  H   1.11572968E-02   1.74743149E-02  -7.62415492E-03
       688  O  -1.70762942E-02  -8.93405168E-03   8.05427445E-03
       689  H   1.12322458E-02   1.41526400E-02  -1.41760617E-02
       690  H   4.10960685E-03   5.40981703E-04   4.13781584E-03
       691  O   1.03088517E-02   2.09581116E-02   1.43504023E-02
       692  H   4.02872569E-03  -1.37631864E-02  -1.50059612E-03
       693  H  -1.20643845E-02  -7.35226481E-03  -7.66037420E-03
       694  O   4.96844524E-02   1.90568751E-02   9.24316286E-03
       695  H  -1.86107296E-02  -2.77764266E-02   8.16354231E-03
       696  H  -2.99741472E-02   1.05097881E-02  -1.66873492E-02
       697  O  -2.50484208E-02   1.74594624E-02   1.04176096E-02
       698  H   5.05709199E-03  -6.99526363E-03  -1.49243656E-02
       699  H   1.75548045E-02   2.42303415E-03   1.22060433E-02
       700  O  -2.20786140E-02   3.25358530E-02  -3.66676458E-02
       701  H   3.42278821E-04  -5.21965508E-03   9.70991590E-03
       702  H   1.28637474E-02  -2.67841727E-02   1.60918750E-02
       703  O   7.85858434E-03  -8.67285445E-03   1.65121475E-02
       704  H   9.40236324E-03  -5.83911979E-04   2.11667972E-03
       705  H  -1.66242095E-02   7.44882435E-03  -1.54163838E-02
       706  O   8.16262655E-03  -2.01351657E-03  -2.29495092E-02
       707  H  -8.62527091E-03  -4.15767559E-03   1.97732527E-02
       708  H   2.51151074E-03   7.26821611E-03  -1.48312109E-03
       709  O   1.23562397E-02  -2.46499017E-02   1.00212623E-03
       710  H  -1.26374365E-02   8.78919219E-03  -1.12815219E-03
       711  H   6.03556744E-03   1.43020329E-02   3.92746117E-03
       712  O   7.01701468E-03  -4.94863121E-03   5.05905643E-03
       713  H  -3.20583811E-03   1.67788838E-02   9.64580238E-04
       714  H  -4.29202464E-03  -9.40383779E-03  -4.01999549E-03
       715  O  -1.83732240E-02  -4.28700856E-03   5.44849092E-03
       716  H   2.07770459E-02   8.97109082E-03   2.95420510E-03
       717  H  -6.05171019E-03   2.46222551E-03  -8.28671873E-03
       718  O   2.00014467E-02   3.56684962E-02   8.09053061E-03
       719  H  -1.13751020E-02  -2.89935379E-02  -6.52374299E-03
       720  H  -7.21413085E-03  -1.04874897E-03  -4.60775045E-03
       721  O   1.22070924E-02   5.16142687E-03  -1.32358176E-02
       722  H  -4.52969710E-03   3.80183698E-03   6.99867540E-03
       723  H  -1.10440413E-02  -8.93755929E-03   7.51258702E-03
       724  O   4.42985812E-03  -1.62563043E-02   5.61544593E-03
       725  H   1.01719660E-04   7.39808848E-03  -6.68682888E-03
       726  H  -4.60302538E-03   1.21340569E-02  -1.06027384E-03
       727  O   5.82305614E-03  -1.64771327E-03  -1.39329274E-02
       728  H   1.39695688E-03   9.27373576E-04  -5.45206497E-04
       729  H  -4.85779390E-03   5.56753829E-03   3.43982375E-05
       730  O  -4.51766040E-02  -5.12291769E-03   1.51341001E-02
       731  H   3.64555381E-02   6.56015810E-03  -1.28012357E-02
       732  H   5.77485954E-03  -3.10752233E-03  -3.05695189E-03
       733  O   5.82829113E-03   6.21505471E-03  -1.15910195E-02
       734  H  -3.58061362E-03   8.55504917E-03   2.25457272E-03
       735  H  -6.08994309E-03  -1.88488330E-02   1.05046892E-02
       736  O  -2.99737701E-02   9.56640076E-03  -1.89082100E-02
       737  H   2.84936216E-02  -9.57028920E-03   2.01968488E-02
       738  H   3.31102153E-03  -4.38470777E-04  -4.14062337E-03
       739  O  -2.38433538E-02  -1.64561527E-02   1.91267084E-02
       740  H   1.55017162E-02   1.17506520E-02  -6.57891831E-03
       741  H   7.43449316E-03  -1.92726578E-03  -9.18679717E-03
       742  O  -1.56501450E-03  -2.58320319E-02  -8.84063946E-04
       743  H  -7.73435977E-03   2.40449534E-02   1.01173387E-02
       744  H   7.42003334E-03   6.22895050E-03  -6.87467095E-03
       745  O  -6.57289755E-03   6.72796592E-03   5.15488091E-04
       746  H  -2.11944455E-03  -1.43824233E-03  -3.18189383E-03
       747  H   5.11769159E-03  -9.59515551E-03   5.04756519E-03
       748  O   1.89693508E-02  -1.56382706E-03   1.06688875E-02
       749  H  -1.17118071E-02  -9.57657841E-04   4.76929224E-04
       750  H  -4.53113385E-03   1.26639979E-03  -6.11268741E-03
       751  O   4.35442927E-02   5.84630038E-03   4.29184916E-03
       752  H  -2.08493529E-02  -9.17014548E-03   1.71964074E-02
       753  H  -2.51413523E-02   1.12733283E-03  -1.00972445E-02
       754  O   2.67238206E-02  -2.46113258E-02  -2.17476131E-02
       755  H  -1.46682798E-02   9.21251667E-03   1.01823359E-02
       756  H  -1.40751277E-02   2.21591029E-02   2.25811973E-02
       757  O  -1.54110300E-03  -1.20385890E-03  -2.21617676E-02
       758  H  -1.18889910E-02   4.70711323E-03   1.47708416E-02
       759  H   1.38804452E-02  -4.07820135E-03  -3.06302104E-03
       760  O  -2.68430064E-02  -5.04479511E-04  -2.67302056E-02
       761  H   3.52137333E-03  -8.52530345E-03   1.86267649E-02
       762  H   1.90289716E-02   7.12820201E-03   3.67471299E-03
       763  O  -3.87015014E-02  -2.29412564E-02  -3.39639712E-02
       764  H  -1.52146084E-03   2.82308888E-03   3.64682807E-03
       765  H   3.78329481E-02   1.86737903E-02   2.68080309E-02
       766  O  -2.12098082E-02   3.42936557E-02   1.88133792E-02
       767  H   2.39417478E-03  -4.90554537E-02  -1.01382303E-02
       768  H   2.20699506E-02   1.31851065E-02  -3.51647909E-03
       769  O   1.93331335E-03   4.12283553E-03  -7.95699019E-03
       770  H  -3.98967047E-03  -8.59180187E-03  -7.87736582E-05
       771  H   7.31830157E-03   2.81264010E-03   9.04553955E-03
       772  O   3.25739963E-03  -2.40556776E-03  -2.19129604E-02
       773  H  -4.38823689E-03  -6.03098095E-03   4.80106686E-03
       774  H  -3.01003884E-03   4.65914241E-03   2.01834124E-02
       775  O  -6.66213825E-03  -4.06100753E-03  -5.20662498E-03
       776  H   1.03957236E-02  -2.10487373E-03  -1.63524121E-02
       777  H  -6.48197732E-03   7.67197068E-03   1.66118120E-02
       778  O   5.64622798E-03   3.91548141E-03  -4.33308432E-03
       779  H  -9.19810205E-04  -1.03167280E-03  -1.13827567E-03
       780  H  -1.02493286E-02  -1.49690104E-02   1.27609160E-02
       781  O  -2.45089007E-02  -6.41959557E-03   1.86599131E-02
       782  H   1.11147614E-02  -1.30679283E-03   5.98104191E-03
       783  H   1.78396659E-02   9.78803591E-03  -2.38000824E-02
       784  O   3.47777269E-03  -1.35988447E-03  -1.04972425E-02
       785  H  -2.82323488E-03  -9.20675590E-03  -1.49357358E-03
       786  H   7.54602924E-04   8.10678142E-03   1.75800702E-02
       787  O   1.18174690E-02   1.52289481E-02   3.56272307E-02
       788  H   1.60075645E-02  -2.58493141E-02  -1.58204281E-02
       789  H  -2.16058345E-02   1.41853968E-02  -2.05232905E-02
       790  O  -6.20843154E-03   8.52941919E-04   2.65871507E-02
       791  H   6.78425229E-03   6.94134926E-03  -2.26665972E-02
       792  H  -1.25411313E-03  -8.96700019E-03  -3.63909351E-04
       793  O   2.65479569E-02  -2.18412890E-03   5.32352917E-03
       794  H  -3.08513745E-02   1.74261792E-02  -1.56636877E-03
       795  H   6.71051519E-03  -7.22726652E-03  -4.34399084E-03
       796  O  -5.56654233E-03   9.72532548E-03  -1.44192113E-02
       797  H   5.15238657E-04  -3.10736588E-03   1.39828822E-02
       798  H   4.75077764E-03  -6.33373375E-03   2.30041666E-03
       799  O   3.70608472E-02  -3.57182027E-02   1.59766342E-02
       800  H  -2.59146109E-02   1.86851526E-02  -1.50571547E-02
       801  H  -5.01610588E-03   1.34538255E-02   1.48089244E-02
       802  O   6.46749435E-03   1.87905102E-02  -2.22791246E-02
       803  H  -4.52753554E-03  -8.33417238E-03   1.28749045E-02
       804  H   2.54169798E-03  -1.09453455E-02   9.54633997E-03
       805  O  -4.47260444E-03   2.57020995E-04   3.25485169E-03
       806  H  -8.78573574E-03  -2.45302674E-03  -2.50064055E-03
       807  H   1.37483762E-02   2.92872860E-06   2.96168562E-03
       808  O  -2.92266556E-03   1.66190111E-02  -1.40500743E-02
       809  H  -2.46839705E-03  -2.47968801E-03   1.08769033E-02
       810  H   2.35301163E-03  -1.80694126E-04  -6.91724781E-03
       811  O   9.33008014E-03  -1.45145481E-02   1.96555413E-02
       812  H  -1.37572288E-02   3.15399849E-03   2.29388213E-03
       813  H   6.99573817E-03   1.39347307E-02  -2.72416441E-02
       814  O   1.27806141E-02  -2.10746866E-04  -6.25935707E-03
       815  H  -1.66000837E-02  -1.16190856E-02  -6.99012910E-04
       816  H   6.07641923E-03   1.33239430E-02   9.40256688E-03
       817  O  -1.03955359E-02  -8.01465842E-04   1.27778118E-02
       818  H   1.08706230E-02  -1.14765352E-03  -1.29041458E-02
       819  H  -2.75592204E-03   6.15657436E-03  -3.44240721E-03
       820  O   6.17305783E-03  -5.46001241E-03  -1.28594246E-03
       821  H  -1.02960521E-02  -2.09453435E-03  -2.53449703E-03
       822  H  -2.52480135E-04   4.85235727E-03   1.53193872E-03
       823  O  -3.29622211E-03  -5.37067224E-03   2.29137387E-02
       824  H  -2.48327218E-03   3.33046341E-03   5.00015088E-03
       825  H   7.09201518E-03   1.38286899E-03  -2.36185630E-02
       826  O   6.27422933E-03  -3.50046789E-03  -4.10200746E-03
       827  H  -1.13421661E-02   1.28157902E-03   1.91272579E-03
       828  H   4.86171500E-03   2.68568257E-03   3.48051277E-03
       829  O  -2.20639717E-02   1.37849764E-02  -1.90133243E-03
       830  H   4.09487412E-03  -1.46550908E-03   2.00013910E-03
       831  H   2.13779864E-02  -1.54425108E-02  -6.43384541E-04
       832  O  -2.34740792E-03  -4.40769402E-03   4.77984642E-02
       833  H   2.68968036E-03   9.90191685E-03  -4.52281128E-02
       834  H  -1.30703826E-03  -2.60071961E-03  -2.82686372E-03
       835  O   8.07598355E-03   1.96252943E-02   8.11895106E-03
       836  H   8.41942461E-03  -1.78860633E-02  -6.11183104E-03
       837  H  -1.65640076E-02  -3.54580580E-03  -1.10753911E-02
       838  O   2.44874768E-02  -8.79500396E-03  -1.55338712E-02
       839  H  -2.08467958E-02   1.25745324E-02   8.27416542E-03
       840  H  -3.27518815E-03  -4.33350788E-03   5.13716039E-03
       841  O  -6.54785175E-03   2.27962488E-02   3.77495359E-02
       842  H   2.56650302E-03  -3.30137752E-02  -1.42673196E-02
       843  H   2.72122130E-03   2.79316548E-03  -1.81570155E-02
       844  O   7.31666431E-04   3.16636788E-02  -1.49422018E-02
       845  H  -1.35917070E-02  -2.25558165E-02   3.36948895E-03
       846  H   9.26144263E-03  -9.16256519E-03   1.36977314E-02
       847  O   2.12473498E-02  -1.75125686E-02  -1.17165937E-02
       848  H  -1.01562125E-02   1.37019861E-02   7.72320441E-03
       849  H  -1.49951595E-03   5.96628530E-03   3.72212266E-03
       850  O  -1.69130524E-02  -8.12778571E-03   1.24702513E-02
       851  H   2.92919346E-03   1.09573519E-02  -7.36898561E-03
       852  H   1.43560243E-02   2.08501719E-03  -3.49721307E-03
       853  O  -1.56400449E-02   1.53416114E-02  -1.23099020E-02
       854  H   1.27483599E-02  -2.35332611E-02   3.21588042E-03
       855  H  -1.97111933E-03  -1.99656792E-03   4.59524770E-03
       856  O  -2.03415334E-02  -1.66970722E-02  -5.94759298E-03
       857  H   1.51541195E-03  -3.11293267E-05   1.97472097E-03
       858  H   1.92134795E-02   1.77915234E-02   5.35708223E-05
       859  O  -3.04895639E-03   1.23441128E-02  -2.52802907E-02
       860  H   1.45544756E-02   8.61304645E-03  -9.31032615E-03
       861  H  -8.43199194E-03  -1.95487382E-02   3.26260449E-02
       862  O  -1.46114053E-02   1.11288623E-02   7.43390313E-03
       863  H   4.38000795E-03   2.74755662E-03   6.28917175E-03
       864  H   1.15707790E-02  -1.48044713E-02  -9.44618095E-03
       865  O  -3.42240295E-02  -4.59165622E-03  -2.00827846E-02
       866  H   2.28115211E-02   1.04156304E-03   2.00491871E-02
       867  H   1.01711139E-02   2.99470744E-03   9.89241859E-04
       868  O   9.50267264E-03  -2.14540198E-03  -2.33250282E-02
       869  H   4.03857135E-03   1.56888748E-02   1.08832731E-02
       870  H  -1.65723531E-02  -9.58769599E-03   1.25580174E-02
       871  O  -1.61215991E-02  -1.09222837E-03   1.64850035E-02
       872  H   1.20307199E-03  -4.48882667E-03  -6.37078963E-03
       873  H   5.47245554E-03   1.03488632E-03  -5.29677052E-03
       874  O  -1.60296607E-02  -4.54880276E-03   1.42488775E-04
       875  H  -2.55265172E-03  -2.55103766E-03  -9.96375975E-04
       876  H   1.36738608E-02   1.01759452E-02   2.21547259E-03
       877  O   5.23391033E-03   8.70094152E-04  -5.25083629E-03
       878  H  -5.23128038E-03   1.65752723E-03   5.22050964E-03
       879  H  -1.10147035E-02  -1.34095651E-03   4.35233322E-04
       880  O   2.79953403E-03  -1.55367469E-02   7.40187665E-03
       881  H  -5.49968030E-03  -2.08165573E-03   2.32085245E-03
       882  H   5.64602584E-03   1.42815361E-02  -6.20261885E-03
       883  O  -2.14003042E-02  -2.05594665E-02  -3.29697108E-02
       884  H   1.14171871E-03  -1.33879965E-02  -5.66817358E-03
       885  H   2.74353579E-02   2.89931696E-02   3.04765491E-02
       886  O  -3.39950451E-02   3.80262465E-03   1.58782733E-02
       887  H   1.52549460E-02  -1.28554183E-02  -1.09115244E-02
       888  H   1.33155428E-02   6.05637021E-03  -5.98405989E-03
       889  O   7.03489479E-03   1.98155403E-02  -7.48257724E-03
       890  H  -8.31090612E-03  -1.59833907E-02   4.96784357E-03
       891  H  -3.75394618E-03  -4.94576958E-03   1.18699970E-03
       892  O   1.12112507E-02   1.33343273E-02  -1.20132480E-02
       893  H  -2.29945017E-02  -9.22672650E-03   4.58275873E-03
       894  H   1.48599119E-02  -4.65182041E-03   4.47902232E-03
       895  O   1.15442509E-02   1.50897776E-03  -3.18615669E-02
       896  H   5.43976918E-03   2.58589282E-02   6.11722786E-03
       897  H  -1.70082546E-02  -3.01638507E-02   3.02813249E-02
       898  O   3.36140592E-02   9.99608027E-03  -1.63552232E-03
       899  H  -2.89491314E-02  -4.57797674E-03  -2.25109253E-03
       900  H  -3.84420896E-03  -3.46087753E-03   5.79028306E-03
       901  O  -4.43667024E-02  -1.72332540E-02  -8.57351387E-03
       902  H   1.30694887E-02   1.47916491E-02   1.36777510E-02
       903  H   3.68555223E-02  -1.18302035E-03  -2.31003692E-03
       904  O   4.61613651E-02   3.74979133E-02   9.85933965E-03
       905  H  -1.27595455E-02  -1.21503065E-02  -4.04125100E-03
       906  H  -3.71763285E-02  -2.29691620E-02  -6.16654371E-03
       907  O   5.89257977E-03   1.16327489E-02   8.46694778E-04
       908  H   8.04996433E-03  -3.97075100E-03  -4.61038772E-03
       909  H  -5.91992004E-03  -1.83376380E-02  -4.88085231E-03
       910  O  -8.73977031E-03  -1.09284797E-02  -4.09252597E-02
       911  H   1.47528052E-02   1.88835499E-02   4.56389557E-02
       912  H  -3.96336705E-04  -8.80184162E-03  -8.31755293E-03
       913  O   1.13499845E-03   5.21760845E-02   2.46736908E-02
       914  H   9.34291219E-03  -2.25915357E-02   8.93018583E-03
       915  H  -5.28872420E-03  -3.04007476E-02  -3.27425830E-02
       916  O  -1.98496647E-02   6.79261918E-03   2.89936742E-03
       917  H   1.40689749E-02  -1.11178555E-02  -3.52254422E-03
       918  H   3.48155831E-03   3.53433620E-03   2.35892989E-03
       919  O  -1.19921699E-02  -2.24721253E-02  -6.94537628E-03
       920  H   9.00893760E-03   9.31705624E-03   1.00848391E-02
       921  H   1.45843690E-04   1.45484700E-02  -2.97072236E-03
       922  O  -6.14116797E-03   1.77878506E-02   1.49088521E-02
       923  H   7.60385806E-03  -1.12136436E-02  -1.37261640E-02
       924  H  -1.26614858E-02  -3.09685504E-03  -8.27734436E-03
       925  O  -1.11989130E-02  -1.00619125E-02  -1.90339422E-02
       926  H  -1.50887990E-03   2.17710871E-03   1.31305976E-02
       927  H   6.23449686E-03   9.41571562E-03   2.04958438E-03
       928  O  -1.99178829E-02  -3.20146718E-03  -9.79104752E-03
       929  H   1.05024251E-02   6.69928414E-03   2.12561427E-03
       930  H   1.50343485E-02  -3.86772854E-03  -4.94572817E-06
       931  O  -1.30964019E-02  -4.98699266E-03   5.17061899E-03
       932  H  -7.64220432E-03  -1.10930262E-03  -2.57391627E-04
       933  H   2.13269936E-02   7.45724929E-03  -5.51371589E-03
       934  O   1.05679262E-02   8.96758766E-03   3.02624016E-02
       935  H   4.27364527E-03  -2.75367840E-03  -2.70930123E-02
       936  H  -1.33004110E-02  -4.12950132E-03  -4.92974429E-03
       937  O   2.67527990E-04  -1.64692080E-02   1.41508496E-02
       938  H  -3.22850337E-03   7.07688157E-03  -8.62741031E-03
       939  H   2.00263614E-04  -2.20592204E-03  -8.12646248E-03
       940  O   4.40453517E-03   1.72747647E-03  -7.99023999E-03
       941  H  -2.72318112E-03   9.80621584E-04   6.76558006E-03
       942  H   3.32321742E-03   3.97368594E-03   6.81906433E-03
       943  O   9.56885931E-03  -1.64676057E-02   1.07084410E-02
       944  H  -1.30141918E-02   2.91548945E-02  -1.66088211E-02
       945  H   6.13038640E-03  -1.10317327E-02   1.98024046E-03
       946  O   4.92389097E-03   2.94593780E-03  -9.82821161E-03
       947  H  -1.12440073E-02  -1.15812004E-02   2.85695490E-03
       948  H   2.71147414E-03   1.05881432E-03  -5.19489150E-03
       949  O  -1.72337767E-02  -2.60001163E-04  -6.02038505E-03
       950  H   8.06633667E-03   8.28205290E-03   2.33640063E-03
       951  H   4.84560139E-03  -7.14566071E-03   2.99115037E-04
       952  O   2.11523489E-02  -7.68266056E-03   7.67207553E-03
       953  H   8.46286193E-03   6.04162522E-03  -7.55075656E-03
       954  H  -2.66522838E-02   1.24056285E-03  -5.40143199E-03
       955  O  -2.92432318E-03   4.07008111E-03  -1.03884262E-02
       956  H   8.40391374E-03  -1.04881226E-03   1.42782685E-02
       957  H  -6.51332970E-03  -9.64018457E-04  -1.23909878E-03
       958  O   6.16771109E-03  -2.73845046E-02   4.13113190E-02
       959  H  -1.41647888E-02  -5.17165451E-03  -1.15093767E-02
       960  H   8.78967678E-03   3.56691266E-02  -2.91849664E-02
       961  O  -1.82866852E-03  -2.38284149E-02  -2.89788205E-04
       962  H   4.69070306E-03   2.21638821E-02  -1.47464879E-03
       963  H   1.38494905E-03   3.15388226E-03  -3.46559988E-03
       964  O  -1.27322293E-02   8.00288786E-04  -8.10695863E-04
       965  H   1.15249647E-03   1.95891258E-03   8.81348687E-03
       966  H   8.47527331E-03  -4.19567725E-03  -2.05635803E-03
       967  O  -1.47350345E-02   1.66998213E-02  -5.26301461E-03
       968  H   1.62760442E-02  -1.12028524E-02   8.53492712E-03
       969  H  -1.23067964E-03  -4.06807336E-03   1.82632043E-03
       970  O  -5.78058636E-03   4.73054224E-03   1.29860730E-02
       971  H   4.60769449E-03  -7.87647124E-04  -4.15950704E-03
       972  H   1.28935437E-03  -2.17582415E-03  -3.23424324E-03
       973  O  -1.05493611E-02   2.37848131E-03   3.57713909E-02
       974  H   5.34852747E-03  -3.39937538E-02  -1.27446547E-03
       975  H   7.36549775E-03   3.13720232E-02  -3.91222981E-02
       976  O  -1.49978659E-02   5.45409049E-03   6.30457678E-03
       977  H   5.20682990E-03  -4.01831605E-04  -3.20884206E-03
       978  H   9.80164891E-03  -4.07890716E-03  -4.33021677E-03
       979  O  -1.62483291E-02   1.57502134E-03   1.77626588E-02
       980  H   9.84666511E-03   7.19023888E-03  -2.19967961E-02
       981  H   9.49216115E-03  -1.12739932E-02   2.76176820E-04
       982  O  -1.00680296E-02   2.89040488E-02  -4.94451805E-03
       983  H   9.49792560E-03  -1.19089905E-03   7.44487257E-03
       984  H   3.87445909E-03  -2.20211631E-02  -1.19640868E-03
       985  O   1.01686325E-02   3.89059569E-03  -1.48846408E-03
       986  H  -3.48723232E-03  -9.26860118E-03  -9.98511865E-03
       987  H   7.43219990E-03   4.02558668E-03   1.08584034E-02
       988  O  -2.19323312E-02  -3.71951036E-03   1.08528376E-02
       989  H   7.32762345E-03  -1.36710113E-02  -7.34423426E-03
       990  H   8.54314462E-03   8.24571318E-03  -6.65837010E-03
       991  O  -1.53115282E-02  -8.47797976E-05   1.39107458E-04
       992  H   1.68884893E-02   8.42179306E-03  -5.20641315E-03
       993  H  -1.86607119E-03  -4.44236500E-03   3.80478163E-03
       994  O   3.95106852E-03  -6.84974554E-03  -5.74980337E-03
       995  H  -1.61291130E-03   5.00751927E-04  -5.84313484E-04
       996  H  -5.45003807E-04   5.11971489E-03   4.53619216E-04
       997  O  -6.92887158E-03   4.38617925E-03  -1.55535840E-02
       998  H   3.66273709E-03  -4.72288073E-04   9.41773416E-03
       999  H   3.95886338E-04   2.05752161E-03   3.05498911E-03
      1000  O  -2.59439525E-02  -2.79407581E-02   1.97297851E-02
      1001  H   6.89921611E-03   7.15450148E-03  -6.30586675E-03
      1002  H   1.80129962E-02   5.98860327E-03  -1.17126028E-02
      1003  O  -8.46451111E-03  -5.42273417E-03   1.31222875E-02
      1004  H   1.55057749E-02   8.22110081E-03  -1.85597136E-02
      1005  H  -4.19264256E-03  -5.19803534E-04   5.38581994E-03
      1006  O   5.98587665E-03   7.86589622E-04   2.14676730E-04
      1007  H  -1.11364188E-02   3.39523315E-03   1.03719281E-03
      1008  H   2.82195635E-04  -6.23897212E-04   1.19971937E-03
      1009  O  -5.68486092E-03   1.93904037E-02  -2.21950948E-02
      1010  H   5.05830683E-03  -2.57555092E-03  -1.35558688E-02
      1011  H   8.97500791E-03  -1.55529029E-02   2.42268727E-02
      1012  O  -2.17867356E-02  -1.09861362E-02  -8.39203444E-03
      1013  H   5.92711923E-03   3.66857882E-03  -3.46308393E-03
      1014  H   1.61717508E-02   1.30488122E-02   1.36745302E-02
      1015  O  -5.10829983E-03  -1.53269683E-02   7.81107076E-03
      1016  H   8.61366455E-03   7.76241891E-03  -4.15066614E-03
      1017  H  -2.50561045E-03   4.04643963E-03  -6.49186822E-03
      1018  O   9.85323298E-03   1.71254378E-02   2.71060119E-02
      1019  H   6.54258834E-03  -6.03352223E-03  -1.56587889E-02
      1020  H  -1.77248895E-02  -1.00802628E-02  -1.23235746E-02
      1021  O  -1.73846855E-03   1.04972402E-02   1.48945532E-02
      1022  H   7.88564414E-03   7.12675477E-03  -3.99572206E-03
      1023  H  -1.01193932E-02  -1.68396212E-02  -4.36435411E-03
      1024  O  -2.62135678E-02   1.40867527E-03  -3.57430237E-02
      1025  H   2.12920504E-02  -4.65396212E-03   9.78886797E-03
      1026  H  -2.37953729E-03   3.23841360E-03   2.69716715E-02
      1027  O  -3.93894829E-03   8.79659461E-03  -3.12737042E-03
      1028  H   1.29419762E-02  -9.10675825E-03  -1.72899441E-03
      1029  H  -3.34200062E-03   8.96408148E-03   2.45348099E-03
      1030  O  -1.39147282E-02   9.57773985E-03   4.68910831E-03
      1031  H   1.11112247E-03  -5.04398667E-04   5.53092888E-03
      1032  H   6.33028453E-03   4.37772899E-04  -7.26962769E-03
      1033  O  -1.14069592E-02  -6.07434163E-04   2.01723013E-03
      1034  H   1.07005994E-02  -1.43696387E-02   2.40334539E-03
      1035  H  -6.21658941E-03   1.64060325E-02  -7.15569713E-03
      1036  O  -3.18661501E-02  -2.52158160E-02  -5.47463536E-03
      1037  H   2.10484460E-02   3.11563081E-02   1.50895505E-03
      1038  H   1.26383058E-02  -7.22752848E-03   4.16431783E-03
      1039  O  -7.00730611E-03  -1.81611953E-02  -2.50500213E-02
      1040  H   8.61819662E-03  -4.44071316E-03   1.73176375E-02
      1041  H  -5.45688150E-04   2.17142572E-02   7.97652844E-03
      1042  O   1.37466535E-03  -2.25326766E-02  -6.97878015E-03
      1043  H   2.19204154E-03  -4.25094210E-03   7.02915022E-03
      1044  H  -7.47133646E-03   9.83737998E-03  -6.11159785E-03
      1045  O   1.24120326E-02  -1.14291066E-02  -9.76727203E-03
      1046  H  -7.39437817E-03  -6.83363862E-03   2.82080025E-05
      1047  H  -7.66996586E-03   1.37251318E-02   1.14874473E-02
      1048  O   1.76099326E-02  -1.58871313E-02   1.46228415E-02
      1049  H  -1.83338472E-02   2.00039257E-02  -1.86378543E-02
      1050  H   5.65136095E-03  -2.70992494E-04  -9.86138201E-04
      1051  O  -2.74951632E-02  -2.51573159E-02  -3.47313820E-02
      1052  H   3.28256809E-02   2.27612193E-02   1.53195743E-02
      1053  H  -4.26236908E-03   6.87093119E-03   1.50812344E-02
      1054  O  -2.45205925E-03   1.18849883E-02   1.67451047E-02
      1055  H   1.17519904E-02  -1.10881277E-02  -1.04720001E-02
      1056  H  -1.06871383E-02   7.83675694E-04  -6.69660793E-03
      1057  O  -1.87527990E-02  -2.86194143E-02  -1.20527223E-02
      1058  H   2.35634665E-03   2.58768191E-02  -1.88873638E-02
      1059  H   1.58533736E-02   4.57854781E-03   2.97283023E-02
      1060  O  -7.63774392E-03   1.19341774E-02  -7.94984547E-03
      1061  H   3.04987917E-03  -3.88616016E-03   6.50379225E-03
      1062  H   5.80720963E-03  -5.45325255E-03  -8.34153478E-05
      1063  O   2.70096248E-03   3.44857506E-02  -1.02486787E-02
      1064  H  -4.30206193E-03  -2.09115659E-02   8.17503771E-04
      1065  H   9.16618161E-03  -2.00684551E-04   1.26435334E-02
      1066  O   2.95056376E-02   2.47649918E-02   2.81011162E-03
      1067  H  -4.20592932E-04  -1.81109098E-02   6.73168025E-03
      1068  H  -2.97176100E-02  -5.40634757E-03  -1.12283728E-02
      1069  O  -1.39769305E-02  -4.31379926E-03   8.73380440E-04
      1070  H  -6.27021585E-03  -1.33637314E-02   1.32216432E-03
      1071  H   1.58374999E-02   1.10630433E-02  -7.32668707E-05
      1072  O   5.75376326E-03  -4.25770933E-02   4.50271732E-04
      1073  H  -1.87865370E-02   2.02163785E-02   2.72631036E-02
      1074  H   1.44062828E-03   2.30228820E-02  -2.05954666E-02
      1075  O   4.62600158E-03   6.42225998E-03   3.98077636E-03
      1076  H  -5.40744753E-03  -5.46918849E-03   5.98624051E-04
      1077  H   8.69136515E-03   2.19662722E-03  -7.56808908E-03
      1078  O   1.06857392E-02   1.31329226E-02  -2.97260165E-03
      1079  H  -3.24192497E-03   3.64764573E-04   3.18206780E-05
      1080  H  -5.13992763E-03  -1.57758899E-02   3.75299362E-03
-------------------------------------------------------------------------------
Writing output files...
 - energy.out
 - nnatoms.out
 - nnforces.out
Writing structure with NNP prediction to "output.data".
Finished.
*******************************************************************************
