################################################################################
# Atomic force comparison (ordered by atom index).
################################################################################
# Col  Name  Description
################################################################################
# 1    conf  Configuration index (starting with 1).
# 2    index Atom index (starting with 1).
# 3    fxRef Reference force in x direction.
# 4    fyRef Reference force in y direction.
# 5    fzRef Reference force in z direction.
# 6    fx    Force in x direction.
# 7    fy    Force in y direction.
# 8    fz    Force in z direction.
###########################################################################################################################################################################
#        1          2                        3                        4                        5                        6                        7                        8
#     conf      index                    fxRef                    fyRef                    fzRef                       fx                       fy                       fz
###########################################################################################################################################################################
         1          1   4.0412140453000003E-03   7.0265869262999998E-03  -8.4677419696000001E-03   6.3942313339620327E-03   7.3206074844131882E-03  -6.0565176078328136E-03
         1          2  -3.5357067955000001E-03  -4.5792491166000001E-03   9.7973038609999990E-04  -3.2306193528618293E-03  -6.9276422476217013E-03  -8.2060397144895214E-04
         1          3  -9.9524052387999998E-03   8.2613919708999996E-04   9.0438549576999996E-03  -1.0176680709961803E-02   1.2878786082081777E-03   1.0557393925095958E-02
         1          4  -4.1635240287999998E-03  -8.3031064753000001E-03  -7.5802494690000001E-03  -4.8158538034540517E-03  -1.0981459910903400E-02  -8.3390845236406014E-03
         1          5   8.7251795163000006E-03  -6.4186986345000005E-05  -2.4363991341999999E-02   8.6209668605630695E-03  -2.2053307298718980E-04  -2.5840364844514116E-02
         1          6  -4.0428635155999998E-04  -4.3146904728000000E-03   1.5444027343999999E-02  -5.1638783769050907E-04  -4.7995266676887291E-03   1.6245842665764884E-02
         1          7  -8.7729091933999997E-03   1.9519751481999999E-03   1.9968874099000000E-02  -9.0057731489624430E-03   6.5132828095130612E-04   2.2075128688563626E-02
         1          8   2.2963600667999999E-03   5.3318657122000002E-03  -1.5343107719000000E-02   2.3157150555108497E-03   5.4175213160863383E-03  -1.6009529101015569E-02
         1          9   6.7803750165999999E-05  -7.0094514898000001E-04   1.5053560097000001E-02  -1.2894929079331687E-03  -2.0281815521606874E-04   1.3582478438459895E-02
         1         10   3.6273019713999998E-03  -2.8183589324999999E-03  -7.9325270091000002E-03   3.3744150620910397E-03  -4.5940566421876546E-03  -6.4819867630420570E-03
         1         11  -5.8418150327999995E-04   2.0246535621000002E-03  -2.5173725173999999E-02  -3.1668661522976454E-04   2.1443179405676786E-03  -2.4738525509958781E-02
         1         12   1.3973418832000000E-03   7.8928841828999996E-05   1.5591933808999999E-02   1.3963236327604722E-03  -1.5462310454544121E-04   1.4654885156799259E-02
         1         13   1.0417032764999999E-03   1.3876195467000000E-03  -1.2083096942000000E-02   4.3061031345619757E-06   1.8026453060241716E-03  -9.7599062538725103E-03
         1         14  -3.7448860437999999E-03   5.0357737827999996E-03   5.7879501668000001E-03  -4.3312813035470835E-03   6.8967777611760490E-03   5.5793281315853448E-03
         1         15  -2.8868044843999999E-03   2.3195077530000002E-03   1.1176398238999999E-02  -3.2095446521978616E-03   1.9228614235522327E-03   1.2272990859988375E-02
         1         16  -7.9282995214999992E-03   7.7984136030000003E-03  -1.5464891041000000E-02  -9.0181673196953627E-03   8.3100623166869735E-03  -1.5393530826063146E-02
         1         17   2.2916383143999999E-03   4.1861975500000004E-03  -8.6622492722000007E-03   3.0542744473375798E-03   2.6195523397348243E-03  -8.0873398625815694E-03
         1         18  -3.3334995364000001E-03  -5.1017646428999997E-03   1.4470957486000000E-02  -3.0942090285027467E-03  -4.8204913098725596E-03   1.4948538524315318E-02
         1         19   9.1005095974999999E-04  -4.0730943898999996E-03   4.9154030300000004E-03   6.1810270977855346E-04  -3.7971103074195631E-03   6.5134601449803285E-03
         1         20   1.6059193804000001E-03   2.0542016438000001E-03  -1.6551022033000001E-02   1.7759790865310527E-03   1.7505392858426286E-04  -1.9203660772195152E-02
         1         21   2.0618641543999998E-03  -3.0958082827999998E-03   5.5585234541999998E-03   2.7172177615027910E-03  -3.4661479873400233E-03   3.9373661164827552E-03
         1         22   6.9455266915000001E-03  -1.4599515105000000E-02  -4.8605312468000001E-03   6.9233910316604174E-03  -1.3673267062983474E-02  -5.6887572122473716E-03
         1         23   7.6228232308000001E-04   7.0096828995000002E-03  -8.2712198058999993E-03   2.0656998950018007E-04   6.8489885948872743E-03  -6.7425466236517287E-03
         1         24  -1.8149964341000000E-03   3.0632250705000001E-03   1.2872167566000001E-02  -1.2920597065602430E-03   3.8468335328169009E-03   1.1846381822452973E-02
         1         25   5.0407268883000001E-03  -4.9856774588999996E-03   7.3154652172000001E-04   4.5704712373543632E-03  -5.0628800053040728E-03   4.4471052579860950E-03
         1         26  -9.0864151516000004E-03  -6.5665931399000003E-03   2.3483399976000001E-03  -9.8026687041476990E-03  -6.5050947134458427E-03  -9.0030439961554898E-04
         1         27  -1.6480077968999999E-03  -2.5662981317000001E-03   8.0363346320000001E-03  -8.7256375187318689E-04  -3.8319962497172081E-03   8.2521553077367724E-03
         1         28  -6.8689188539000001E-03   3.2051673130000001E-03  -1.0907852568000000E-02  -7.3146950123129540E-03   4.6584440110477862E-03  -1.1461117363893217E-02
         1         29   1.0337570946000000E-02  -2.4454976218000000E-03  -1.5847585774999999E-02   9.8271971714422781E-03  -1.7780978589010885E-03  -1.6271453830828092E-02
         1         30  -8.2941301304000001E-03   6.6795718730000000E-03   1.4777589093999999E-02  -8.3308583072271292E-03   6.9435549655595891E-03   1.4370508236091187E-02
         1         31  -4.7694216653000002E-03   8.0178829510999996E-03   7.6432220993000004E-03  -3.5926352695328637E-03   8.6702476073443353E-03   9.7450781474684497E-03
         1         32   1.3617006169999999E-02  -3.0759183426999999E-03  -9.3055525579000004E-03   1.3849396325822586E-02  -8.8800034756595801E-04  -1.1207903024503663E-02
         1         33   4.1066729168000001E-03   2.2768915629000001E-05   3.9804170446999998E-03   4.7375804458300481E-03   5.1649939896621544E-04   2.7084262174023087E-03
         1         34  -1.5460639298000000E-02   1.3193699226000000E-02  -5.8103963873000000E-03  -1.6000600728052532E-02   1.3067349318407835E-02  -5.7038327650617152E-03
         1         35   3.7970831682999999E-03  -6.3408931789000001E-03  -7.8798399309000008E-03   4.2595253420321172E-03  -5.5329007880406643E-03  -6.0519509229830558E-03
         1         36  -2.4948861758000000E-03  -7.5442135624000000E-03   1.0956968603000000E-02  -2.6084045359307789E-03  -7.3794837842423577E-03   9.7461179609197417E-03
         1         37  -3.1145522209000001E-03   4.7039978879999996E-03  -9.5377403838999997E-03  -4.9288972164472419E-03   4.8916238063115951E-03  -7.6622962960155817E-03
         1         38   4.0226856181999997E-03  -1.0833243234000000E-03   7.0920793159000000E-03   2.7824475314454579E-03  -2.7842140498153246E-04   5.8569318584886735E-03
         1         39   8.2987266746000002E-03   5.1601950376999996E-03   1.3653884030999999E-02   8.9862208164343885E-03   5.4236504228766785E-03   1.5334072321950533E-02
         1         40  -1.1939707021000000E-03   3.5132870513999997E-04  -1.7099589602000000E-02  -2.7356006005930704E-03   4.1767428694590019E-04  -1.7200595555746663E-02
         1         41   3.1101976031999998E-03  -4.7262982395000000E-03  -8.3170798198000002E-03   2.7582092338177492E-03  -4.2746351626013132E-03  -8.6956020907604618E-03
         1         42   3.7845103628000002E-03   5.8571539813999998E-03   6.9679588563000003E-03   4.1924977330919750E-03   5.8197652898045902E-03   6.8762769104935640E-03
         1         43  -3.1239594303999999E-03   4.1799787804000000E-04   9.7581195600000004E-03  -2.2411775491088773E-03  -6.9244011007197986E-04   1.1403655003559809E-02
         1         44   4.5954450281999997E-03  -3.2823725103000002E-03  -7.8829159998000005E-03   3.7783797470744042E-03  -2.2954590000296032E-03  -9.7604783931719962E-03
         1         45  -4.1993310164999999E-03  -4.5241656508000000E-03  -9.8132859280999993E-04  -4.8939713726353831E-03  -3.1543763840786378E-03  -1.3121658463306270E-03
         1         46  -1.1989515676000000E-02   1.2992190124000000E-02  -4.1340044841999997E-03  -1.1928203105001750E-02   1.2608751454290489E-02  -4.1668901815038557E-03
         1         47   9.1904512527000003E-03   8.0531063373999994E-03  -4.3266832980000001E-03   9.6810687603713641E-03   7.6664731835917954E-03  -5.1152191005215822E-03
         1         48  -8.9551899583000005E-04  -1.2966259170000001E-03   1.1905612996999999E-02  -2.4646733810450151E-03  -1.4274662615619913E-03   9.1729645453983398E-03
         1         49   4.5971562539999997E-03   2.1902624151000001E-03  -9.8381440608000005E-03   6.3498886488569392E-03   2.3305644162682549E-03  -7.8907351525532993E-03
         1         50  -1.8118615688000001E-03   4.3394088545999996E-03   1.8180132199000000E-03  -2.7807620501785362E-03   5.3751203874875452E-03   2.0043017112146913E-04
         1         51   3.2875388793999999E-03  -1.8092081345000000E-03   1.0919704275999999E-02   3.2478530475370023E-03  -1.3791529622587874E-03   1.0608084715888666E-02
         1         52  -6.5282823296999998E-03  -1.9398922850000000E-05  -7.6593529797000003E-03  -6.6633741398287091E-03   9.8220245243043963E-06  -6.5329372132655727E-03
         1         53  -6.9332970704999997E-03   2.1950535252999999E-03  -1.1109486024000000E-02  -6.8605110923418873E-03   2.0969492354322521E-03  -1.1532494043857823E-02
         1         54   6.2200847315000002E-03  -2.1695478470999999E-03   1.4204631174000001E-02   6.1463357570624294E-03  -2.0502323418726902E-03   1.5424933506413961E-02
         1         55   5.3782896637000000E-03   2.2777776459000001E-03   2.4895982322999999E-02   5.5024976205931110E-03   2.0142868541980514E-03   2.5961402001303688E-02
         1         56  -9.4849000381000003E-04   1.9614202195000000E-03  -1.0185315242000000E-02  -1.0764181013486059E-03   2.0115639040056070E-03  -1.0999263880240502E-02
         1         57   2.0843440952999998E-03   5.4869365378000003E-03   1.3686507699000001E-02   2.8009902465723365E-03   5.0641288248106835E-03   1.2979912155550204E-02
         1         58   3.0568550054999998E-04  -1.8106929285000000E-03  -1.0374877539000000E-02   6.3395489941314167E-04  -1.5485629355556040E-03  -1.1003840484156931E-02
         1         59  -1.4045906970000001E-04  -5.9452336267000003E-03  -2.4798495008999999E-02   1.0326089098470513E-04  -6.9696780890530566E-03  -2.3736508681792376E-02
         1         60  -1.1433119464000000E-03  -3.5399292035000001E-03   1.3056911106000000E-02  -1.6496390584079086E-03  -3.2378575017581613E-03   1.2450851031378459E-02
         1         61   6.6418467348000002E-03  -1.1775122827999999E-03   3.1477360113999998E-03   8.3784004786685781E-03  -3.8423253062821430E-04   6.8233089252856165E-03
         1         62   7.2713665229999997E-03  -1.1173914494000001E-02   1.7166732560000000E-03   6.9793109854266273E-03  -1.2349767394294974E-02  -3.2607015600117175E-04
         1         63   7.0636885577000002E-03   1.6039809107999999E-03   4.6649418728000004E-03   6.9466605021431121E-03   1.1268819000121711E-03   3.9836962050254776E-03
         1         64  -1.3993287519000001E-04   1.1852947064999999E-03  -7.4662349067000002E-03  -1.2613666481907460E-03   6.1005916471152831E-04  -7.6790998843863194E-03
         1         65  -3.6900886505000000E-03   1.8336596819000001E-03  -5.5396560216999999E-03  -3.2548382489912151E-03   1.0689854132858807E-03  -5.2407280545657357E-03
         1         66  -5.0705193302999999E-03  -7.5718061593000002E-04   1.1779551879999999E-02  -5.9585769798944938E-03  -5.7959835512208817E-04   1.2853807277589639E-02
         1         67   2.1618711944000001E-03  -7.4378623136999999E-03   8.9025832048000002E-03   1.5130087735588107E-03  -7.0136532227194313E-03   1.0477842421874831E-02
         1         68  -3.8221904068000000E-03   2.1794735203000000E-03  -1.2919341423999999E-02  -3.0143338082054142E-03   1.6539733543596803E-03  -1.4966106735093404E-02
         1         69  -2.1102349975999999E-03   6.9409950912999998E-04   6.0550268387999998E-03  -2.3610093148251684E-03   7.6689395297516478E-06   6.9658729338061328E-03
         1         70   1.2512748218999999E-02  -1.2697967496999999E-02  -1.3121498323000001E-02   1.1331263514613400E-02  -1.1932220132911342E-02  -1.2805840457256374E-02
         1         71  -1.9984775388000001E-03   6.5175188639999995E-04  -1.2874514248000001E-02  -1.8229204384352102E-03   1.4439142063779550E-03  -1.2791930468013238E-02
         1         72   2.3236357718000000E-04   3.0747797588999998E-03   1.6241732203999999E-02   4.1002283426106248E-04   2.6949919330879605E-03   1.4766521746162470E-02
         1         73  -2.6338069932999998E-03   1.8692072892000000E-03  -7.1830928864999996E-03  -1.3356417935715542E-03   6.2639778384016270E-04  -5.3853824214270662E-03
         1         74  -6.7963033185999995E-04  -3.3978674162000000E-03   1.0028046590000001E-02  -6.3606562301570901E-04  -3.7940409469871578E-03   8.8583874927182955E-03
         1         75   2.0189146225999999E-03   9.1299232460000004E-04   1.4398345789000001E-02   2.2014409570803423E-03   1.1832685795368151E-03   1.4986700387604732E-02
         1         76   3.8787517487000002E-03  -2.8789314967000001E-03  -1.2767519873000000E-02   4.4852923928681296E-03  -2.1607114107522439E-03  -1.2305815437352839E-02
         1         77  -3.2700826696000001E-03  -6.2824640543999999E-03  -1.5263318317000001E-02  -2.9025255698142227E-03  -6.7455415791007568E-03  -1.4899041316986203E-02
         1         78  -1.3208680593000000E-03  -5.9644746145000001E-04   1.4148312919000001E-02  -1.2027602290973177E-03  -5.7112944658733617E-06   1.4363429138147374E-02
         1         79   4.7319631798000000E-03  -7.9854064381000003E-04   8.2523928680000008E-03   4.3070976009078801E-03  -2.5890087519254225E-05   9.9807650134252981E-03
         1         80  -1.2291432619000000E-03   1.8897942996000000E-03  -5.9334117927999997E-03   3.7016439558227031E-04   1.2342263662914149E-03  -8.8716307239533245E-03
         1         81  -1.2722942429000000E-03   7.4047551684000004E-04   5.9269917397000004E-03  -3.9604232231655662E-04   9.1391657777983198E-04   4.2479608785334789E-03
         1         82   9.9977910457999999E-03  -1.4624310110000000E-02  -1.2145468097000000E-02   1.0625265489933205E-02  -1.4797039347343189E-02  -1.1949493233449793E-02
         1         83  -2.6302655581999998E-03   6.6918761996000000E-03  -8.7626692688000003E-03  -2.4323135642618835E-03   7.2998818438267951E-03  -7.0650800130120555E-03
         1         84  -2.8596898962999998E-03  -1.4777345475999999E-03   1.2289643996999999E-02  -2.7397360154126716E-03  -3.7372260016013711E-03   1.1432724384265690E-02
         1         85  -8.1139904315000004E-04  -3.0861963554000000E-03  -7.3630749683999998E-03   4.8539924207919064E-04  -1.9477868423461925E-03  -6.1923931935608991E-03
         1         86  -1.7423814111999999E-03   8.5171378710000006E-03   8.0062458715999991E-03  -1.9566107904133369E-03   9.3791702037976533E-03   6.0278124403964854E-03
         1         87   4.0244773525999998E-03  -2.4137289154000001E-03   1.8159649359999998E-02   4.2945981315767844E-03  -2.4290272069096264E-03   1.8404748969888484E-02
         1         88   4.4389163745999997E-03  -4.4172058062000004E-03  -9.4928399393000001E-03   5.1047457486256831E-03  -4.1802223903174016E-03  -9.1220817208201889E-03
         1         89   1.8134973837000000E-03   2.6779993312000001E-03  -1.2349980602000000E-02   1.7373837650251915E-03   3.7013335643038847E-03  -1.2489494355626416E-02
         1         90  -7.9013844900999997E-03   2.5678006408000002E-03   3.0349451960999998E-03  -8.0052112226679465E-03   2.7269486209104154E-03   2.2657922547894812E-03
         1         91  -1.1083574237000000E-02  -3.6233205620000001E-03   5.7329971300999999E-04  -1.0938757347730508E-02  -4.5243239785911545E-03   1.7929066080778868E-03
         1         92   7.0578324493999998E-03  -4.2671290166999996E-03  -7.2611099535000003E-03   7.2800473892918709E-03  -4.1270216066644520E-03  -1.0198407285684484E-02
         1         93  -6.5266005394000007E-05   4.8167648922999999E-04   7.8354922050000008E-03  -1.9815112336174687E-03  -9.6065184896531499E-05   7.3038597073235012E-03
         1         94  -9.4029885467000005E-03   1.7964035273999999E-02  -4.5031305790000000E-03  -8.7882972245367126E-03   1.8240322759557292E-02  -4.1769514224693476E-03
         1         95   2.9192985591999999E-04  -2.0199560577000000E-03  -6.7187072233999999E-03   6.3809127820413651E-04  -1.8214138475111379E-03  -5.2068381044845635E-03
         1         96   1.3419741059999999E-03  -3.7739771688999999E-03   9.1943222875000008E-03   6.4730671636020699E-04  -4.4356526497800440E-03   8.1918165990538406E-03
         1         97  -2.9331678203000002E-03  -2.3537332478999998E-03  -3.5884246025000002E-03  -2.9924334852424162E-03  -2.4970663810098360E-04  -1.4003223924933194E-04
         1         98   1.2213495569999999E-04  -8.6001771120999999E-04   9.1625308312999997E-03  -8.8533252136236600E-04  -2.4185841770839990E-03   6.4081166418540302E-03
         1         99   2.0876450667999999E-03   4.4046296190999997E-03   2.7239861310999997E-04   2.7475371644895418E-03   4.6356717855115743E-03   6.0182180603997738E-04
         1        100   5.0484460649000001E-03  -9.0630921718000000E-04  -9.3487312429999993E-03   5.3842757329268451E-03  -4.5515381390039882E-04  -1.0585497271115827E-02
         1        101  -2.3330411841000001E-03  -2.8659618460999999E-04  -1.1392465406000000E-02  -2.6535598511615854E-03  -1.8851986853501903E-04  -1.1609147413331867E-02
         1        102  -6.8569593497000002E-04   3.6447957468000000E-03   1.5464750274000001E-02  -7.4390669135253502E-04   3.4425468459744128E-03   1.5665236262742840E-02
         1        103  -1.8796304719999999E-04   3.6748951931000000E-03   2.3090729543000000E-02  -4.4724158662411161E-04   3.3058172925613432E-03   2.3700145185111460E-02
         1        104   6.4488285942999998E-04   1.0481239339999999E-03  -1.1624902136999999E-02   1.3321417006176351E-03   1.8426403267352033E-03  -1.2780433201570825E-02
         1        105  -3.7845126362000001E-03  -5.5501858565000003E-03   1.3573459514000000E-02  -4.2720932841975832E-03  -5.4851688193215701E-03   1.3621713253106937E-02
         1        106  -2.8119721838000002E-03   5.1917246104000005E-04  -6.1571751814000000E-03  -2.8359581505578769E-03   7.5367095681061307E-04  -5.3556466512326402E-03
         1        107  -8.7882158509000000E-04  -9.1956096435999999E-04  -2.2866358560000001E-02  -9.1839343192431444E-04  -6.3871030077404935E-04  -2.1576174067042084E-02
         1        108   3.7450445386999999E-03   5.1525057893000003E-03   1.4302349011000000E-02   4.4145660542424178E-03   6.3827104845657632E-03   1.3394418111408376E-02
         1        109   4.7752095367999998E-04  -2.2142671411000000E-03   5.1007575752000003E-02   3.6128270015527684E-04  -3.8978917469892423E-03   5.0261211375011230E-02
         1        110  -3.8108279331000003E-05   1.9467681277000000E-04  -4.1132711693999999E-02   1.9527566132436646E-04  -7.6060338395686977E-04  -4.1046056916331182E-02
