 -------------------------------------------------------------
 ---------------------- Welcome to the -----------------------
 Ruhr-University Neural Network Energy Representation - RuNNer
 ----------------- RuNNer version 2011-09-08 -----------------
 -----------------   (c) Dr. Joerg Behler    -----------------
 ------------  Lehrstuhl fuer Theoretische Chemie  -----------
 ------------       Ruhr-Universitaet Bochum       -----------
 ------------        44780 Bochum, Germany         -----------
 -------------------------------------------------------------
 -------------------------------------------------------------
 When using RuNNer, please cite the following papers:
 -------------------------------------------------------------
 For general high-dimensional NNs:
 J. Behler and M. Parrinello, Phys. Rev. Lett. 98, 146401 (2007).
 J. Behler, J. Chem. Phys. 134, 074106 (2011).
 -------------------------------------------------------------
 For high-dimensional NNs including electrostatics:
 N. Artrith, T. Morawietz, and J. Behler, Phys. Rev. B 83, 153101 (2011).
 -------------------------------------------------------------
 Reviews on NN potentials:
 C.M. Handley, and P.L.A. Popelier, J. Phys. Chem. A 114, 3371 (2010).
 J. Behler, Phys. Chem. Chem. Phys. 13, 17930 (2011).
 -------------------------------------------------------------
 General job information:
 -------------------------------------------------------------
 Executing host    : tmorawie-Aspire-T3-7
 User name         :                     
 Starting date     :  1.10.2017
 Starting time     : 21 h 48 min 
 Working directory :                                                             
 -------------------------------------------------------------
 Information on this RuNNer executable:
 -------------------------------------------------------------
 Serial run requested
 -------------------------------------------------------------
 Reading control parameters from input.nn
 =============================================================
 -------------------------------------------------------------
 =============================================================
 General input parameters:
 -------------------------------------------------------------
 Short range NN is on
 Electrostatic NN is off
 NNTB is off
 -------------------------------------------------------------
 RuNNer nn_type_short                                   1
 RuNNer is started in mode for fitting (2)
 debugging mode is                                        F
 parallelization mode                                     1
 enable detailed time measurement                         F
 enable detailed time measurement at epoch level          F
 silent mode                                              F
 force check                                              F
 number of elements                                       2
 elements (sorted):
  1 H 
  8 O 
 seed for random number generator                        10
 random number generator type                             1
 remove free atom reference energies                      T
 shortest allowed bond in structure                   0.400
 Cutoff_type for symmetry function is                     2
 vdW_type is                                              0
 No vdW interactions included
 -------------------------------------------------------------
 Short range NN specifications:
 -------------------------------------------------------------
 global hidden layers short range NN                      2
 global nodes hidden layers short NN                25   25
 global activation functions short                      ttl
 -------------------------------------------------------------
 General fitting parameters:
 -------------------------------------------------------------
 number of fitting epochs                               100
 print date and time for each epoch                 F
 number of data sets in memory                          500
 Fitting mode 1 (online learning) selected         
 random training                                          F
 Randomly mixing all points in training set               T
 save Kalman filter data                                  F
 restart from old Kalman filter data                      F
 rescale symmetry functions                               T
 min value of scaled short range symmetry functions      0.000
 max value of scaled short range symmetry functions      1.000
 remove CMS from symmetry functions                       T
 calculate symmetry function correlation                  F
 weight analysis                                          F
 environment analysis                                     F
 find contradictions                                      F
 fix some weights                                         F
 using growth mode for fitting                            F
 global fit of short and charge NN (not implemented)      F
 error unit for fitting                                  eV
 Reading formatted files 
 Writing formatted files 
 Resetting Kalman filter matrices each epoch              F
 Preconditioning of weights is switched on
 -------------------------------------------------------------
 Fitting parameters short range part:
 -------------------------------------------------------------
 using forces for fitting                                 T
 using Kalman filter optimization (1) for short range energy
 using Kalman filter optimization (1) for short range forces
 short energy error threshold                    0.80000000
 short force error threshold                     0.80000000
 Kalman lambda (short)                           0.98000000
 Kalman nue (short)                              0.99870000
 Kalman damp (short energy)                      1.00000000
 Kalman damp (short force)                       1.00000000
 restart fit with old weights (short)                     F
 automatic scaling factor for force update selected
 grouping energies in blocks of                           1
 fraction of energies used for update                 1.000
 grouping forces in blocks of                             1
 fraction of forces used for update                   0.050
 weights_min                                         -1.000
 weights_max                                          1.000
 Using Nguyen Widrow weights for short range NN
 Using repeated energy updates after each force update
 max_energy                                       10000.000
 max force component used for fitting             10000.000 Ha/Bohr
 noise energy threshold                          0.00000000 Ha/atom
 noise force threshold                           0.00000000 Ha/Bohr
 restart fit with old weights (charge)                    F
 -------------------------------------------------------------
 Fitting output options:
 -------------------------------------------------------------
 write weights in every epoch                             1
 write temporary weights each epoch                       F
 write trainpoints.out and testpoints.out                 F
 write trainforces.out and testforces.out                 F
 =============================================================
 Element pairs:            3
 pair    1 H  H 
 pair    2 H  O 
 pair    3 O  O 
 =============================================================
 => short range NN weights type 1                 H       1376
 => short range NN weights type 1                 O       1451
 -------------------------------------------------------------
 atomic reference energies read from input.nn:
 H         -0.45890771
 O        -74.94518524
 -------------------------------------------------------------
 -------------------------------------------------
 Atomic short range NN for element: H 
 architecture       27   25   25    1
 -------------------------------------------------
   1   G  t  t  l
   2   G  t  t   
   3   G  t  t   
   4   G  t  t   
   5   G  t  t   
   6   G  t  t   
   7   G  t  t   
   8   G  t  t   
   9   G  t  t   
  10   G  t  t   
  11   G  t  t   
  12   G  t  t   
  13   G  t  t   
  14   G  t  t   
  15   G  t  t   
  16   G  t  t   
  17   G  t  t   
  18   G  t  t   
  19   G  t  t   
  20   G  t  t   
  21   G  t  t   
  22   G  t  t   
  23   G  t  t   
  24   G  t  t   
  25   G  t  t   
  26   G
  27   G
 -------------------------------------------------
 Atomic short range NN for element: O 
 architecture       30   25   25    1
 -------------------------------------------------
   1   G  t  t  l
   2   G  t  t   
   3   G  t  t   
   4   G  t  t   
   5   G  t  t   
   6   G  t  t   
   7   G  t  t   
   8   G  t  t   
   9   G  t  t   
  10   G  t  t   
  11   G  t  t   
  12   G  t  t   
  13   G  t  t   
  14   G  t  t   
  15   G  t  t   
  16   G  t  t   
  17   G  t  t   
  18   G  t  t   
  19   G  t  t   
  20   G  t  t   
  21   G  t  t   
  22   G  t  t   
  23   G  t  t   
  24   G  t  t   
  25   G  t  t   
  26   G
  27   G
  28   G
  29   G
  30   G
 -------------------------------------------------------------
 -------------------------------------------------------------
  short range atomic symmetry functions element H  :
 -------------------------------------------------------------
    1 H   2  H               0.001   0.000  12.000
    2 H   2  O               0.001   0.000  12.000
    3 H   2  H               0.010   0.000  12.000
    4 H   2  O               0.010   0.000  12.000
    5 H   2  H               0.030   0.000  12.000
    6 H   2  O               0.030   0.000  12.000
    7 H   2  H               0.060   0.000  12.000
    8 H   2  O               0.060   0.000  12.000
    9 H   2  O               0.150   0.900  12.000
   10 H   2  H               0.150   1.900  12.000
   11 H   2  O               0.300   0.900  12.000
   12 H   2  H               0.300   1.900  12.000
   13 H   2  O               0.600   0.900  12.000
   14 H   2  H               0.600   1.900  12.000
   15 H   2  O               1.500   0.900  12.000
   16 H   2  H               1.500   1.900  12.000
   17 H   3  O  O    0.001  -1.000   4.000  12.000
   18 H   3  O  O    0.001   1.000   4.000  12.000
   19 H   3  H  O    0.010  -1.000   4.000  12.000
   20 H   3  H  O    0.010   1.000   4.000  12.000
   21 H   3  H  O    0.030  -1.000   1.000  12.000
   22 H   3  O  O    0.030  -1.000   1.000  12.000
   23 H   3  H  O    0.030   1.000   1.000  12.000
   24 H   3  O  O    0.030   1.000   1.000  12.000
   25 H   3  H  O    0.070  -1.000   1.000  12.000
   26 H   3  H  O    0.070   1.000   1.000  12.000
   27 H   3  H  O    0.200   1.000   1.000  12.000
 -------------------------------------------------------------
  short range atomic symmetry functions element O  :
 -------------------------------------------------------------
    1 O   2  H               0.001   0.000  12.000
    2 O   2  O               0.001   0.000  12.000
    3 O   2  H               0.010   0.000  12.000
    4 O   2  O               0.010   0.000  12.000
    5 O   2  H               0.030   0.000  12.000
    6 O   2  O               0.030   0.000  12.000
    7 O   2  H               0.060   0.000  12.000
    8 O   2  O               0.060   0.000  12.000
    9 O   2  H               0.150   0.900  12.000
   10 O   2  O               0.150   4.000  12.000
   11 O   2  H               0.300   0.900  12.000
   12 O   2  O               0.300   4.000  12.000
   13 O   2  H               0.600   0.900  12.000
   14 O   2  O               0.600   4.000  12.000
   15 O   2  H               1.500   0.900  12.000
   16 O   2  O               1.500   4.000  12.000
   17 O   3  H  O    0.001  -1.000   4.000  12.000
   18 O   3  O  O    0.001  -1.000   4.000  12.000
   19 O   3  H  O    0.001   1.000   4.000  12.000
   20 O   3  O  O    0.001   1.000   4.000  12.000
   21 O   3  H  H    0.010  -1.000   4.000  12.000
   22 O   3  H  H    0.010   1.000   4.000  12.000
   23 O   3  H  H    0.030  -1.000   1.000  12.000
   24 O   3  H  O    0.030  -1.000   1.000  12.000
   25 O   3  O  O    0.030  -1.000   1.000  12.000
   26 O   3  H  H    0.030   1.000   1.000  12.000
   27 O   3  H  O    0.030   1.000   1.000  12.000
   28 O   3  O  O    0.030   1.000   1.000  12.000
   29 O   3  H  H    0.070  -1.000   1.000  12.000
   30 O   3  H  H    0.070   1.000   1.000  12.000
 -------------------------------------------------------------
 =============================================================
 Short range symmetry function values for element H 
 Training set:  min           max       average         range        stddev      range/stddev
   1     1.08820166    9.61664191    2.27010957    8.52844025    0.67905126   12.55934675
   2     0.73274439    5.00285593    1.32770247    4.27011154    0.33947875   12.57843560
   3     0.76010784    7.14279430    1.64774215    6.38268646    0.50787220   12.56750510
   4     0.54842286    3.76617712    1.01670377    3.21775426    0.25371408   12.68260038
   5     0.40080665    4.14698324    0.90960293    3.74617659    0.29767827   12.58464928
   6     0.36209352    2.26782394    0.64948159    1.90573042    0.14840688   12.84125372
   7     0.18919104    2.22926527    0.45709219    2.04007423    0.15981814   12.76497306
   8     0.26704179    1.32087424    0.42402180    1.05383245    0.08052469   13.08707241
   9     0.24513100    0.94751161    0.36245498    0.70238061    0.05302135   13.24712808
  10     0.22248910    2.75962160    0.53908297    2.53713250    0.20144483   12.59467648
  11     0.14743602    0.55599271    0.26770844    0.40855669    0.02622286   15.58017144
  12     0.09911093    1.72654053    0.29558182    1.62742961    0.11624728   13.99972154
  13     0.06509370    0.34521758    0.18515554    0.28012388    0.01979620   14.15038653
  14     0.03165353    0.91293170    0.15022568    0.88127817    0.05356102   16.45372335
  15     0.00292028    0.26453982    0.07647336    0.26161954    0.01882873   13.89470008
  16     0.00032145    0.28696426    0.04576411    0.28664280    0.02332396   12.28962591
  17     0.00024694    0.13848731    0.01769645    0.13824037    0.00975155   14.17625238
  18     0.00509928    0.58319174    0.02387213    0.57809245    0.03783143   15.28074516
  19     0.00032283    0.21613962    0.01707776    0.21581679    0.01403877   15.37290860
  20     0.04964751    1.68516174    0.14547905    1.63551423    0.10963926   14.91723093
  21     0.00340735    0.31637072    0.01843375    0.31296337    0.02014554   15.53512090
  22     0.00013121    0.10258349    0.00637228    0.10245228    0.00661279   15.49303892
  23     0.03381316    0.91618561    0.08129197    0.88237245    0.05797329   15.22032851
  24     0.00041708    0.15785967    0.00466943    0.15744258    0.00987541   15.94288581
  25     0.00073529    0.05922563    0.00370533    0.05849034    0.00331643   17.63652432
  26     0.00898283    0.19426086    0.02409145    0.18527802    0.01099384   16.85289765
  27     0.00021228    0.00877778    0.00205345    0.00856550    0.00058939   14.53285583
 =============================================================
 Short range symmetry function values for element O 
 Training set:  min           max       average         range        stddev      range/stddev
   1     1.51704408   10.00571199    2.65540493    8.48866791    0.67827580   12.51506818
   2     0.44676639    4.61954094    0.96635039    4.17277455    0.33699835   12.38218095
   3     1.19393110    7.53235441    2.03340754    6.33842331    0.50623946   12.52060290
   4     0.27576036    3.38621310    0.65964022    3.11045274    0.25013457   12.43511732
   5     0.82185540    4.53564813    1.29896319    3.71379273    0.29459972   12.60623291
   6     0.10517054    1.89098775    0.30691499    1.78581722    0.14204176   12.57248018
   7     0.56949142    2.61543286    0.84804361    2.04594145    0.15719814   13.01504857
   8     0.02510499    0.93641034    0.11148148    0.91130535    0.06982698   13.05090541
   9     0.51354162    1.85453418    0.72490995    1.34099256    0.09805384   13.67608367
  10     0.11878949    2.91214569    0.47503643    2.79335620    0.23451824   11.91104026
  11     0.35269317    1.06283651    0.53541688    0.71014334    0.04523146   15.70020801
  12     0.03042431    2.52776428    0.31674668    2.49733996    0.21033110   11.87337451
  13     0.15980023    0.63121818    0.37031107    0.47141796    0.03083031   15.29072968
  14     0.00278681    2.30300578    0.17751594    2.30021897    0.18601471   12.36579047
  15     0.00956410    0.39085233    0.15294672    0.38128823    0.02793369   13.64976440
  16     0.00000388    2.03670688    0.05419013    2.03670300    0.14308068   14.23464766
  17     0.00247262    0.34335401    0.01669737    0.34088138    0.02192654   15.54651970
  18     0.00002235    0.05631932    0.00095576    0.05629696    0.00336400   16.73513987
  19     0.05478537    3.01825976    0.20405479    2.96347439    0.20106503   14.73888523
  20     0.00137952    0.49878800    0.01280285    0.49740848    0.03186792   15.60843880
  21     0.00668528    0.26739583    0.03086548    0.26071055    0.01710331   15.24328402
  22     0.01702140    1.41677965    0.07632979    1.39975825    0.09294416   15.06020728
  23     0.01975983    0.40756378    0.04885157    0.38780395    0.02549673   15.20994744
  24     0.00059298    0.23324051    0.00721240    0.23264753    0.01451396   16.02922700
  25     0.00001114    0.03528577    0.00042610    0.03527463    0.00205086   17.19991210
  26     0.01730932    0.82245410    0.05087415    0.80514478    0.05285661   15.23262302
  27     0.00409805    0.78557031    0.03695444    0.78147226    0.05052698   15.46643589
  28     0.00004052    0.09844807    0.00121380    0.09840754    0.00580467   16.95316003
  29     0.00603746    0.09867475    0.01615353    0.09263729    0.00553094   16.74893111
  30     0.00295955    0.15478538    0.01164325    0.15182583    0.00895405   16.95611582
 -------------------------------------------------------------
 Energies in training set (Ha/atom):
                   Emin          Emax          average        stddev          range
 Eshort         -0.237834      -0.194898      -0.233674       0.004123       0.042936
 Eelec           0.000000       0.000000       0.000000       0.000000       0.000000
 Etot           -0.237834      -0.194898      -0.233674       0.004123       0.042936
 -------------------------------------------------------------
 Energies in training set (eV/atom):
                   Emin          Emax          average        stddev          range
 Eshort         -6.471691      -5.303358      -6.358496       0.112195       1.168333
 Eelec           0.000000       0.000000       0.000000       0.000000       0.000000
 Etot           -6.471691      -5.303358      -6.358496       0.112195       1.168333
 -------------------------------------------------------------
 Force vectors in training set (Ha/Bohr):
               Fmin          Fmax          average        stddev          range
 H          0.000000       0.554899       0.028951       0.022497       0.554899
 O          0.000000       0.579827       0.039031       0.030369       0.579827
 -------------------------------------------------------------
 Force vectors in training set (eV/Bohr):
               Fmin          Fmax          average        stddev          range
 H          0.000000      15.099358       0.787786       0.612166      15.099358
 O          0.000000      15.777662       1.062062       0.826374      15.777662
 -------------------------------------------------------------
 Force components in training set (Ha/Bohr):
               Fmin          Fmax          range
 H          0.000000       0.554899       0.554899
 O          0.000000       0.579827       0.579827
 -------------------------------------------------------------
 Force components in training set (eV/Bohr):
               Fmin          Fmax          range
 H          0.000000      15.099358      15.099358
 O          0.000000      15.777662      15.777662
 -------------------------------------------------------------
 number of training points         6530
 number of training atoms        528576
 number of training forces      1585728
 number of testing points           711
 number of testing atoms          60072
 number of testing forces        180216
 -------------------------------------------------------------
 Number of atoms for each element:   
            training:    testing:   
  1  H        352384       40048
  2  O        176192       20024
 =============================================================
 Weight Preconditioner:
 Warning: Forces are not used for preconditioning
 ----------------------
 -------------------------------------------------------------
 Final preconditioning of the output values:
 --------------------------------------------
 Minimum NN Eshort          0.105071
 Maximum NN Eshort          1.248200
 Average NN Eshort          0.561065
 Stddev NN Eshort           0.107587
 Factor for connecting short range weights:       0.038324
 =============================================================
 -------------------------------------------------------------
 initialization time (min):    0.23
 -------------------------------------------------------------
 Did you check your output file for warnings? ;-)             
 -------------------------------------------------------------
 ### WARNING ### just short range energies below      10000.000 Ha/atom are used for fitting and Eshort RMSE!
 => Fitted energy range has width of          0.043 Ha/atom =          1.168 eV/atom
 => Number of short range training energies below max_energy:       6530
 ### WARNING ### just force components below      10000.000 Ha/Bohr are used for fitting and Fshort RMSE!
 H   => Fitted force range has width of          0.555 Ha/Bohr =         15.099 eV/Bohr
 H   => Number of short range training force components below max_force:    1057152
 O   => Fitted force range has width of          0.580 Ha/Bohr =         15.778 eV/Bohr
 O   => Number of short range training force components below max_force:     528576
 -------------------------------------------------------------------------------
 RMSEs (energies: eV/atom, forces: eV/Bohr):
                      --- E_short: ---    - time -
                          /atom              min
        epoch         train         test
 ENERGY     0      0.137885     0.137440   13.40
 FORCES     0      0.953212     0.954075
 -------------------------------------------------------------------------------
 ENERGY     1      0.008608     0.009302   30.03
 FORCES     1      0.178297     0.177654
 INFORMATION USED FOR UPDATE (E,F)     1      1025       985
 -------------------------------------------------------------------------------
 ENERGY     2      0.001657     0.001548   33.67
 FORCES     2      0.074833     0.076350
 INFORMATION USED FOR UPDATE (E,F)     2      6921      6822
 -------------------------------------------------------------------------------
 ENERGY     3      0.001135     0.001090   40.26
 FORCES     3      0.053151     0.052558
 INFORMATION USED FOR UPDATE (E,F)     3     19810     18205
 -------------------------------------------------------------------------------
 ENERGY     4      0.000959     0.000929   43.39
 FORCES     4      0.047588     0.046885
 INFORMATION USED FOR UPDATE (E,F)     4     25163     23000
 -------------------------------------------------------------------------------
 ENERGY     5      0.000894     0.000878   44.27
 FORCES     5      0.044461     0.043745
 INFORMATION USED FOR UPDATE (E,F)     5     25976     23638
 -------------------------------------------------------------------------------
 ENERGY     6      0.000871     0.000856   45.16
 FORCES     6      0.042839     0.042182
 INFORMATION USED FOR UPDATE (E,F)     6     26978     24695
 -------------------------------------------------------------------------------
 ENERGY     7      0.000837     0.000839   45.28
 FORCES     7      0.041762     0.041118
 INFORMATION USED FOR UPDATE (E,F)     7     27317     25064
 -------------------------------------------------------------------------------
 ENERGY     8      0.000810     0.000822   43.50
 FORCES     8      0.040881     0.040230
 INFORMATION USED FOR UPDATE (E,F)     8     27532     25269
 -------------------------------------------------------------------------------
 ENERGY     9      0.000791     0.000807   42.98
 FORCES     9      0.040411     0.039750
 INFORMATION USED FOR UPDATE (E,F)     9     27655     25373
 -------------------------------------------------------------------------------
 ENERGY    10      0.000777     0.000789   43.19
 FORCES    10      0.039922     0.039246
 INFORMATION USED FOR UPDATE (E,F)    10     27634     25383
 -------------------------------------------------------------------------------
 ENERGY    11      0.000765     0.000781   43.01
 FORCES    11      0.039475     0.038784
 INFORMATION USED FOR UPDATE (E,F)    11     27895     25648
 -------------------------------------------------------------------------------
 ENERGY    12      0.000756     0.000776   42.34
 FORCES    12      0.039045     0.038362
 INFORMATION USED FOR UPDATE (E,F)    12     27847     25572
 -------------------------------------------------------------------------------
 ENERGY    13      0.000757     0.000775   43.22
 FORCES    13      0.038885     0.038213
 INFORMATION USED FOR UPDATE (E,F)    13     27725     25493
 -------------------------------------------------------------------------------
 ENERGY    14      0.000745     0.000761   43.43
 FORCES    14      0.038561     0.037889
 INFORMATION USED FOR UPDATE (E,F)    14     27941     25722
 -------------------------------------------------------------------------------
 ENERGY    15      0.000738     0.000760   42.99
 FORCES    15      0.038353     0.037675
 INFORMATION USED FOR UPDATE (E,F)    15     28012     25761
 -------------------------------------------------------------------------------
 ENERGY    16      0.000734     0.000756   43.03
 FORCES    16      0.038139     0.037446
 INFORMATION USED FOR UPDATE (E,F)    16     28233     26008
 -------------------------------------------------------------------------------
 ENERGY    17      0.000726     0.000746   43.37
 FORCES    17      0.037906     0.037208
 INFORMATION USED FOR UPDATE (E,F)    17     28216     25967
 -------------------------------------------------------------------------------
 ENERGY    18      0.000722     0.000741   43.11
 FORCES    18      0.037749     0.037047
 INFORMATION USED FOR UPDATE (E,F)    18     27697     25449
 -------------------------------------------------------------------------------
 ENERGY    19      0.000718     0.000737   42.80
 FORCES    19      0.037571     0.036870
 INFORMATION USED FOR UPDATE (E,F)    19     28022     25787
 -------------------------------------------------------------------------------
 ENERGY    20      0.000716     0.000736   42.83
 FORCES    20      0.037481     0.036784
 INFORMATION USED FOR UPDATE (E,F)    20     28142     25897
 -------------------------------------------------------------------------------
 ENERGY    21      0.000711     0.000734   43.16
 FORCES    21      0.037347     0.036657
 INFORMATION USED FOR UPDATE (E,F)    21     28254     26023
 -------------------------------------------------------------------------------
 ENERGY    22      0.000710     0.000730   43.97
 FORCES    22      0.037265     0.036583
 INFORMATION USED FOR UPDATE (E,F)    22     28388     26151
 -------------------------------------------------------------------------------
 ENERGY    23      0.000706     0.000726   43.33
 FORCES    23      0.037114     0.036428
 INFORMATION USED FOR UPDATE (E,F)    23     27798     25551
 -------------------------------------------------------------------------------
 ENERGY    24      0.000702     0.000723   44.24
 FORCES    24      0.036964     0.036273
 INFORMATION USED FOR UPDATE (E,F)    24     27977     25739
 -------------------------------------------------------------------------------
 ENERGY    25      0.000698     0.000719   43.36
 FORCES    25      0.036876     0.036187
 INFORMATION USED FOR UPDATE (E,F)    25     28032     25791
 -------------------------------------------------------------------------------
 ENERGY    26      0.000696     0.000717   44.09
 FORCES    26      0.036802     0.036116
 INFORMATION USED FOR UPDATE (E,F)    26     28088     25840
 -------------------------------------------------------------------------------
 ENERGY    27      0.000694     0.000715   43.89
 FORCES    27      0.036706     0.036026
 INFORMATION USED FOR UPDATE (E,F)    27     28029     25776
 -------------------------------------------------------------------------------
 ENERGY    28      0.000692     0.000713   43.18
 FORCES    28      0.036630     0.035964
 INFORMATION USED FOR UPDATE (E,F)    28     28011     25774
 -------------------------------------------------------------------------------
 ENERGY    29      0.000689     0.000712   43.16
 FORCES    29      0.036566     0.035901
 INFORMATION USED FOR UPDATE (E,F)    29     27905     25664
 -------------------------------------------------------------------------------
 ENERGY    30      0.000687     0.000711   43.67
 FORCES    30      0.036549     0.035896
 INFORMATION USED FOR UPDATE (E,F)    30     28219     25963
 -------------------------------------------------------------------------------
 ENERGY    31      0.000685     0.000709   43.00
 FORCES    31      0.036447     0.035794
 INFORMATION USED FOR UPDATE (E,F)    31     27996     25753
 -------------------------------------------------------------------------------
 ENERGY    32      0.000683     0.000707   43.61
 FORCES    32      0.036374     0.035722
 INFORMATION USED FOR UPDATE (E,F)    32     28176     25939
 -------------------------------------------------------------------------------
 ENERGY    33      0.000682     0.000708   43.95
 FORCES    33      0.036312     0.035666
 INFORMATION USED FOR UPDATE (E,F)    33     28160     25916
 -------------------------------------------------------------------------------
 ENERGY    34      0.000680     0.000705   43.70
 FORCES    34      0.036233     0.035586
 INFORMATION USED FOR UPDATE (E,F)    34     27911     25665
 -------------------------------------------------------------------------------
 ENERGY    35      0.000678     0.000704   44.64
 FORCES    35      0.036182     0.035533
 INFORMATION USED FOR UPDATE (E,F)    35     28197     25970
 -------------------------------------------------------------------------------
 ENERGY    36      0.000677     0.000703   43.73
 FORCES    36      0.036160     0.035514
 INFORMATION USED FOR UPDATE (E,F)    36     27893     25658
 -------------------------------------------------------------------------------
 ENERGY    37      0.000675     0.000703   44.80
 FORCES    37      0.036112     0.035468
 INFORMATION USED FOR UPDATE (E,F)    37     28245     26010
 -------------------------------------------------------------------------------
 ENERGY    38      0.000674     0.000701   44.67
 FORCES    38      0.036072     0.035430
 INFORMATION USED FOR UPDATE (E,F)    38     28208     25974
 -------------------------------------------------------------------------------
 ENERGY    39      0.000672     0.000701   43.83
 FORCES    39      0.036005     0.035361
 INFORMATION USED FOR UPDATE (E,F)    39     28092     25852
 -------------------------------------------------------------------------------
 ENERGY    40      0.000670     0.000700   44.15
 FORCES    40      0.036002     0.035362
 INFORMATION USED FOR UPDATE (E,F)    40     28143     25921
 -------------------------------------------------------------------------------
 ENERGY    41      0.000669     0.000700   44.55
 FORCES    41      0.035943     0.035304
 INFORMATION USED FOR UPDATE (E,F)    41     28108     25880
 -------------------------------------------------------------------------------
 ENERGY    42      0.000667     0.000698   43.63
 FORCES    42      0.035897     0.035260
 INFORMATION USED FOR UPDATE (E,F)    42     28323     26094
 -------------------------------------------------------------------------------
 ENERGY    43      0.000666     0.000698   45.04
 FORCES    43      0.035864     0.035228
 INFORMATION USED FOR UPDATE (E,F)    43     28358     26124
 -------------------------------------------------------------------------------
 ENERGY    44      0.000665     0.000697   43.56
 FORCES    44      0.035834     0.035197
 INFORMATION USED FOR UPDATE (E,F)    44     28223     25984
 -------------------------------------------------------------------------------
 ENERGY    45      0.000663     0.000696   43.65
 FORCES    45      0.035815     0.035180
 INFORMATION USED FOR UPDATE (E,F)    45     28311     26087
 -------------------------------------------------------------------------------
 ENERGY    46      0.000662     0.000695   43.93
 FORCES    46      0.035766     0.035129
 INFORMATION USED FOR UPDATE (E,F)    46     28158     25945
 -------------------------------------------------------------------------------
 ENERGY    47      0.000661     0.000694   43.49
 FORCES    47      0.035700     0.035060
 INFORMATION USED FOR UPDATE (E,F)    47     27948     25731
 -------------------------------------------------------------------------------
 ENERGY    48      0.000660     0.000692   43.46
 FORCES    48      0.035666     0.035029
 INFORMATION USED FOR UPDATE (E,F)    48     28353     26136
 -------------------------------------------------------------------------------
 ENERGY    49      0.000659     0.000690   43.28
 FORCES    49      0.035635     0.034996
 INFORMATION USED FOR UPDATE (E,F)    49     28069     25843
 -------------------------------------------------------------------------------
 ENERGY    50      0.000658     0.000689   43.87
 FORCES    50      0.035610     0.034970
 INFORMATION USED FOR UPDATE (E,F)    50     28468     26223
 -------------------------------------------------------------------------------
 ENERGY    51      0.000656     0.000689   43.53
 FORCES    51      0.035561     0.034914
 INFORMATION USED FOR UPDATE (E,F)    51     28555     26327
 -------------------------------------------------------------------------------
 ENERGY    52      0.000656     0.000689   43.64
 FORCES    52      0.035540     0.034893
 INFORMATION USED FOR UPDATE (E,F)    52     28442     26209
 -------------------------------------------------------------------------------
 ENERGY    53      0.000655     0.000688   43.76
 FORCES    53      0.035512     0.034868
 INFORMATION USED FOR UPDATE (E,F)    53     28396     26172
 -------------------------------------------------------------------------------
 ENERGY    54      0.000654     0.000687   43.25
 FORCES    54      0.035489     0.034843
 INFORMATION USED FOR UPDATE (E,F)    54     27810     25576
 -------------------------------------------------------------------------------
 ENERGY    55      0.000652     0.000687   43.54
 FORCES    55      0.035468     0.034822
 INFORMATION USED FOR UPDATE (E,F)    55     28133     25912
 -------------------------------------------------------------------------------
 ENERGY    56      0.000651     0.000687   44.34
 FORCES    56      0.035442     0.034793
 INFORMATION USED FOR UPDATE (E,F)    56     28348     26119
 -------------------------------------------------------------------------------
 ENERGY    57      0.000650     0.000685   44.27
 FORCES    57      0.035404     0.034753
 INFORMATION USED FOR UPDATE (E,F)    57     28142     25919
 -------------------------------------------------------------------------------
 ENERGY    58      0.000650     0.000685   44.18
 FORCES    58      0.035374     0.034722
 INFORMATION USED FOR UPDATE (E,F)    58     28031     25806
 -------------------------------------------------------------------------------
 ENERGY    59      0.000649     0.000685   45.48
 FORCES    59      0.035336     0.034682
 INFORMATION USED FOR UPDATE (E,F)    59     28298     26071
 -------------------------------------------------------------------------------
 ENERGY    60      0.000649     0.000684   43.22
 FORCES    60      0.035323     0.034666
 INFORMATION USED FOR UPDATE (E,F)    60     28192     25965
 -------------------------------------------------------------------------------
 ENERGY    61      0.000648     0.000685   44.46
 FORCES    61      0.035308     0.034650
 INFORMATION USED FOR UPDATE (E,F)    61     28704     26478
 -------------------------------------------------------------------------------
 ENERGY    62      0.000647     0.000683   45.83
 FORCES    62      0.035292     0.034632
 INFORMATION USED FOR UPDATE (E,F)    62     28134     25903
 -------------------------------------------------------------------------------
 ENERGY    63      0.000646     0.000683   46.50
 FORCES    63      0.035258     0.034599
 INFORMATION USED FOR UPDATE (E,F)    63     28298     26064
 -------------------------------------------------------------------------------
 ENERGY    64      0.000645     0.000683   46.99
 FORCES    64      0.035251     0.034593
 INFORMATION USED FOR UPDATE (E,F)    64     28386     26151
 -------------------------------------------------------------------------------
 ENERGY    65      0.000644     0.000682   44.78
 FORCES    65      0.035249     0.034594
 INFORMATION USED FOR UPDATE (E,F)    65     28174     25944
 -------------------------------------------------------------------------------
 ENERGY    66      0.000644     0.000681   45.72
 FORCES    66      0.035226     0.034569
 INFORMATION USED FOR UPDATE (E,F)    66     28276     26048
 -------------------------------------------------------------------------------
 ENERGY    67      0.000643     0.000681   45.12
 FORCES    67      0.035214     0.034555
 INFORMATION USED FOR UPDATE (E,F)    67     28258     26032
 -------------------------------------------------------------------------------
 ENERGY    68      0.000642     0.000681   46.34
 FORCES    68      0.035203     0.034546
 INFORMATION USED FOR UPDATE (E,F)    68     28227     25994
 -------------------------------------------------------------------------------
 ENERGY    69      0.000641     0.000680   47.04
 FORCES    69      0.035197     0.034539
 INFORMATION USED FOR UPDATE (E,F)    69     28534     26305
 -------------------------------------------------------------------------------
 ENERGY    70      0.000641     0.000679   46.72
 FORCES    70      0.035192     0.034531
 INFORMATION USED FOR UPDATE (E,F)    70     28318     26088
 -------------------------------------------------------------------------------
 ENERGY    71      0.000640     0.000678   46.68
 FORCES    71      0.035182     0.034522
 INFORMATION USED FOR UPDATE (E,F)    71     28510     26283
 -------------------------------------------------------------------------------
 ENERGY    72      0.000639     0.000678   54.25
 FORCES    72      0.035161     0.034501
 INFORMATION USED FOR UPDATE (E,F)    72     28287     26057
 -------------------------------------------------------------------------------
 ENERGY    73      0.000639     0.000678   46.56
 FORCES    73      0.035156     0.034498
 INFORMATION USED FOR UPDATE (E,F)    73     28127     25900
 -------------------------------------------------------------------------------
 ENERGY    74      0.000638     0.000677   44.53
 FORCES    74      0.035156     0.034500
 INFORMATION USED FOR UPDATE (E,F)    74     28579     26343
 -------------------------------------------------------------------------------
 ENERGY    75      0.000637     0.000677   45.17
 FORCES    75      0.035152     0.034493
 INFORMATION USED FOR UPDATE (E,F)    75     28374     26136
 -------------------------------------------------------------------------------
 ENERGY    76      0.000636     0.000676   43.37
 FORCES    76      0.035132     0.034472
 INFORMATION USED FOR UPDATE (E,F)    76     28452     26212
 -------------------------------------------------------------------------------
 ENERGY    77      0.000636     0.000676   45.12
 FORCES    77      0.035106     0.034444
 INFORMATION USED FOR UPDATE (E,F)    77     28123     25887
 -------------------------------------------------------------------------------
 ENERGY    78      0.000635     0.000675   43.97
 FORCES    78      0.035095     0.034432
 INFORMATION USED FOR UPDATE (E,F)    78     28257     26025
 -------------------------------------------------------------------------------
 ENERGY    79      0.000635     0.000675   45.51
 FORCES    79      0.035092     0.034430
 INFORMATION USED FOR UPDATE (E,F)    79     28712     26468
 -------------------------------------------------------------------------------
 ENERGY    80      0.000634     0.000675   44.86
 FORCES    80      0.035079     0.034418
 INFORMATION USED FOR UPDATE (E,F)    80     28606     26363
 -------------------------------------------------------------------------------
 ENERGY    81      0.000633     0.000675   44.00
 FORCES    81      0.035071     0.034409
 INFORMATION USED FOR UPDATE (E,F)    81     28414     26176
 -------------------------------------------------------------------------------
 ENERGY    82      0.000632     0.000675   44.90
 FORCES    82      0.035056     0.034395
 INFORMATION USED FOR UPDATE (E,F)    82     28044     25804
 -------------------------------------------------------------------------------
 ENERGY    83      0.000632     0.000674   43.74
 FORCES    83      0.035036     0.034373
 INFORMATION USED FOR UPDATE (E,F)    83     28570     26320
 -------------------------------------------------------------------------------
 ENERGY    84      0.000631     0.000673   44.26
 FORCES    84      0.035025     0.034359
 INFORMATION USED FOR UPDATE (E,F)    84     28490     26256
 -------------------------------------------------------------------------------
 ENERGY    85      0.000631     0.000673   45.31
 FORCES    85      0.035018     0.034350
 INFORMATION USED FOR UPDATE (E,F)    85     28349     26111
 -------------------------------------------------------------------------------
 ENERGY    86      0.000630     0.000672   44.17
 FORCES    86      0.035022     0.034354
 INFORMATION USED FOR UPDATE (E,F)    86     28245     26006
 -------------------------------------------------------------------------------
 ENERGY    87      0.000630     0.000672   44.17
 FORCES    87      0.035018     0.034348
 INFORMATION USED FOR UPDATE (E,F)    87     28129     25897
 -------------------------------------------------------------------------------
