
*******************************************************************************

WELCOME TO n²p², A SOFTWARE PACKAGE FOR NEURAL NETWORK POTENTIALS!
------------------------------------------------------------------

n²p² version      : v2.1.1-60-g4879eaf
------------------------------------------------------------
Git branch        : 4G-HDNNP-prediction
Git revision      : 4879eaf6b871d899aeddd6392607574370819da2
Compile date/time : May  9 2021 19:04:23
------------------------------------------------------------

Please cite the following papers when publishing results obtained with n²p²:
-------------------------------------------------------------------------------
 * General citation for n²p² and the LAMMPS interface:

 Singraber, A.; Behler, J.; Dellago, C.
 Library-Based LAMMPS Implementation of High-Dimensional
 Neural Network Potentials.
 J. Chem. Theory Comput. 2019 15 (3), 1827–1840.
 https://doi.org/10.1021/acs.jctc.8b00770
-------------------------------------------------------------------------------
 * Additionally, if you use the NNP training features of n²p²:

 Singraber, A.; Morawietz, T.; Behler, J.; Dellago, C.
 Parallel Multistream Training of High-Dimensional Neural
 Network Potentials.
 J. Chem. Theory Comput. 2019, 15 (5), 3075–3092.
 https://doi.org/10.1021/acs.jctc.8b01092
-------------------------------------------------------------------------------
 * Additionally, if polynomial symmetry functions are used:

 Bircher, M. P.; Singraber, A.; Dellago, C.
 Improved Description of Atomic Environments Using Low-Cost
 Polynomial Functions with Compact Support.
 arXiv:2010.14414 [cond-mat, physics:physics] 2020.
 https://arxiv.org/abs/2010.14414
*******************************************************************************

*** SETUP: SETTINGS FILE ******************************************************

