################################################################################
# Sensitivity analysis for element  O.
################################################################################
# Col  Name          Description
################################################################################
# 1    index         Symmetry function index.
# 2    sens_msa_norm Mean square average sensitivity (normalized, sum = 100%).
# 3    sens_max_norm Maximum sensitivity (normalized, sum = 100%).
# 4    sens_msa_phys Mean square average sensitivity (physical energy units).
# 5    sens_max_phys Maximum sensitivity (physical energy units).
# 6    sens_msa_int  Mean square average sensitivity (internal units).
# 7    sens_max_int  Maximum sensitivity (internal units).
################################################################################################################
#        1                2                3                4                5                6                7
#    index    sens_msa_norm    sens_max_norm    sens_msa_phys    sens_max_phys     sens_msa_int     sens_max_int
################################################################################################################
         1   9.11698888E-01   1.25370328E+00   1.40121468E-01   3.45865883E-01   3.40015227E+01   8.39269446E+01
         2   2.53192343E+00   4.42258713E+00   3.89138161E-01   1.22008295E+00   9.44272866E+01   2.96062258E+02
         3   9.19746784E-01   1.53168651E+00   1.41358371E-01   4.22554614E-01   3.43016665E+01   1.02536039E+02
         4   5.36305857E+00   8.27788182E+00   8.24262978E-01   2.28366388E+00   2.00013579E+02   5.54148129E+02
         5   2.81855242E+00   3.67673699E+00   4.33190946E-01   1.01432125E+00   1.05117024E+02   2.46132642E+02
         6   4.00681946E+00   6.36659805E+00   6.15818922E-01   1.75638773E+00   1.49433069E+02   4.26200624E+02
         7   2.27278697E+00   2.58519031E+00   3.49310777E-01   7.13190386E-01   8.47628737E+01   1.73060984E+02
         8   4.59989389E+00   6.58409353E+00   7.06970134E-01   1.81638938E+00   1.71551593E+02   4.40760473E+02
         9   2.40804685E+00   2.08875161E+00   3.70099234E-01   5.76235166E-01   8.98073484E+01   1.39827775E+02
        10   7.42509007E-01   1.41975265E+00   1.14118218E-01   3.91674817E-01   2.76916394E+01   9.50428250E+01
        11   2.48569711E-01   5.63032040E-01   3.82033513E-02   1.55326684E-01   9.27032904E+00   3.76911821E+01
        12   3.94109241E-01   5.75812932E-01   6.05717153E-02   1.58852618E-01   1.46981799E+01   3.85467763E+01
        13   1.71929585E-01   2.94230340E-01   2.64243230E-02   8.11709102E-02   6.41205970E+00   1.96967287E+01
        14   9.23585481E-02   3.30866586E-01   1.41948351E-02   9.12779486E-02   3.44448295E+00   2.21492772E+01
        15   6.91535987E-01   5.61023153E-01   1.06284036E-01   1.54772482E-01   2.57906167E+01   3.75567008E+01
        16   4.31870986E-02   8.99199802E-02   6.63754200E-03   2.48067097E-02   1.61064923E+00   6.01953372E+00
        17   5.69708617E+00   4.26935823E+00   8.75600583E-01   1.17781087E+00   2.12471033E+02   2.85804620E+02
        18   8.49900871E-01   1.08692545E+00   1.30623564E-01   2.99855983E-01   3.16967851E+01   7.27622980E+01
        19   7.08623662E+00   6.15405192E+00   1.08910287E+00   1.69775148E+00   2.64278962E+02   4.11972100E+02
        20   5.88298264E+00   4.83563424E+00   9.04171514E-01   1.33403249E+00   2.19403983E+02   3.23712965E+02
        21   2.30587503E+00   1.67595287E+00   3.54396170E-01   4.62354153E-01   8.59968826E+01   1.12193695E+02
        22   1.67675691E+00   1.52471023E+00   2.57705305E-01   4.20630030E-01   6.25341206E+01   1.02069024E+02
        23   7.38305459E+00   5.25579576E+00   1.13472163E+00   1.44994471E+00   2.75348694E+02   3.51839933E+02
        24   9.26876276E+00   8.20090766E+00   1.42454122E+00   2.26242861E+00   3.45675586E+02   5.48995230E+02
        25   8.41294836E+00   5.77127554E+00   1.29300879E+00   1.59215289E+00   3.13758258E+02   3.86347813E+02
        26   1.28350104E+00   1.67511234E+00   1.97264746E-01   4.62122273E-01   4.78677667E+01   1.12137427E+02
        27   1.09586030E+01   9.50168287E+00   1.68425734E+00   2.62128048E+00   4.08697645E+02   6.36073322E+02
        28   4.49103174E+00   4.74404592E+00   6.90238817E-01   1.30876552E+00   1.67491614E+02   3.17581747E+02
        29   3.82582742E+00   2.82248544E+00   5.88001765E-01   7.78654275E-01   1.42683028E+02   1.88946286E+02
        30   2.66070642E+00   1.86019462E+00   4.08931167E-01   5.13181917E-01   9.92302076E+01   1.24527432E+02
